[ 2019-06-30T14:52:57+08:00 ] ::1 /api_for_study/Shopping_cart/getGoodsList
INFO: [ app_init ] --START--
INFO: Run Behavior\BuildLiteBehavior [ RunTime:0.000015s ]
INFO: [ app_init ] --END-- [ RunTime:0.000741s ]
INFO: [ app_begin ] --START--
INFO: Run Behavior\ReadHtmlCacheBehavior [ RunTime:0.000926s ]
INFO: [ app_begin ] --END-- [ RunTime:0.000966s ]
SQL: SHOW COLUMNS FROM `js_mobile_phone` [ RunTime:0.0316s ]
SQL: SELECT * FROM `js_mobile_phone` WHERE `status` = 1 ORDER BY id desc  [ RunTime:0.0018s ]

[ 2019-06-30T14:53:49+08:00 ] ::1 /api_for_study/Shopping_cart/getGoodsList
INFO: [ app_init ] --START--
INFO: Run Behavior\BuildLiteBehavior [ RunTime:0.000012s ]
INFO: [ app_init ] --END-- [ RunTime:0.000477s ]
INFO: [ app_begin ] --START--
INFO: Run Behavior\ReadHtmlCacheBehavior [ RunTime:0.000483s ]
INFO: [ app_begin ] --END-- [ RunTime:0.000523s ]
SQL: SHOW COLUMNS FROM `js_mobile_phone` [ RunTime:0.0014s ]
SQL: SELECT * FROM `js_mobile_phone` WHERE `status` = 1 ORDER BY id desc  [ RunTime:0.0002s ]

[ 2019-06-30T14:54:14+08:00 ] ::1 /api_for_study/Shopping_cart/getGoodsList
INFO: [ app_init ] --START--
INFO: Run Behavior\BuildLiteBehavior [ RunTime:0.000011s ]
INFO: [ app_init ] --END-- [ RunTime:0.000247s ]
INFO: [ app_begin ] --START--
INFO: Run Behavior\ReadHtmlCacheBehavior [ RunTime:0.000324s ]
INFO: [ app_begin ] --END-- [ RunTime:0.000348s ]
SQL: SHOW COLUMNS FROM `js_mobile_phone` [ RunTime:0.0013s ]
SQL: SELECT * FROM `js_mobile_phone` WHERE `status` = 1 ORDER BY id desc  [ RunTime:0.0002s ]

[ 2019-06-30T16:14:13+08:00 ] ::1 /api_for_study/Shopping_cart/getGoodsList
INFO: [ app_init ] --START--
INFO: Run Behavior\BuildLiteBehavior [ RunTime:0.000014s ]
INFO: [ app_init ] --END-- [ RunTime:0.001247s ]
INFO: [ app_begin ] --START--
INFO: Run Behavior\ReadHtmlCacheBehavior [ RunTime:0.000466s ]
INFO: [ app_begin ] --END-- [ RunTime:0.000492s ]
SQL: SHOW COLUMNS FROM `js_mobile_phone` [ RunTime:0.0028s ]
SQL: SELECT * FROM `js_mobile_phone` WHERE `status` = 1 ORDER BY id desc  [ RunTime:0.0004s ]

[ 2019-06-30T16:23:25+08:00 ] ::1 /api_for_study/Shopping_cart/getGoodsList
INFO: [ app_init ] --START--
INFO: Run Behavior\BuildLiteBehavior [ RunTime:0.000013s ]
INFO: [ app_init ] --END-- [ RunTime:0.000426s ]
INFO: [ app_begin ] --START--
INFO: Run Behavior\ReadHtmlCacheBehavior [ RunTime:0.000470s ]
INFO: [ app_begin ] --END-- [ RunTime:0.000496s ]
SQL: SHOW COLUMNS FROM `js_mobile_phone` [ RunTime:0.0027s ]
SQL: SELECT * FROM `js_mobile_phone` WHERE `status` = 1 ORDER BY id desc  [ RunTime:0.0003s ]

[ 2019-06-30T16:25:00+08:00 ] ::1 /api_for_study/Shopping_cart/getGoodsList
INFO: [ app_init ] --START--
INFO: Run Behavior\BuildLiteBehavior [ RunTime:0.000013s ]
INFO: [ app_init ] --END-- [ RunTime:0.000274s ]
INFO: [ app_begin ] --START--
INFO: Run Behavior\ReadHtmlCacheBehavior [ RunTime:0.000291s ]
INFO: [ app_begin ] --END-- [ RunTime:0.000360s ]
SQL: SHOW COLUMNS FROM `js_mobile_phone` [ RunTime:0.0014s ]
SQL: SELECT * FROM `js_mobile_phone` WHERE `status` = 1 ORDER BY id desc  [ RunTime:0.0002s ]

[ 2019-06-30T16:25:35+08:00 ] ::1 /api_for_study/Shopping_cart/getGoodsList
INFO: [ app_init ] --START--
INFO: Run Behavior\BuildLiteBehavior [ RunTime:0.000008s ]
INFO: [ app_init ] --END-- [ RunTime:0.000196s ]
INFO: [ app_begin ] --START--
INFO: Run Behavior\ReadHtmlCacheBehavior [ RunTime:0.000275s ]
INFO: [ app_begin ] --END-- [ RunTime:0.000296s ]
SQL: SHOW COLUMNS FROM `js_mobile_phone` [ RunTime:0.0014s ]
SQL: SELECT * FROM `js_mobile_phone` WHERE `status` = 1 ORDER BY id desc  [ RunTime:0.0002s ]

[ 2019-06-30T16:25:41+08:00 ] ::1 /api_for_study/Shopping_cart/getGoodsList
INFO: [ app_init ] --START--
INFO: Run Behavior\BuildLiteBehavior [ RunTime:0.000006s ]
INFO: [ app_init ] --END-- [ RunTime:0.000200s ]
INFO: [ app_begin ] --START--
INFO: Run Behavior\ReadHtmlCacheBehavior [ RunTime:0.000263s ]
INFO: [ app_begin ] --END-- [ RunTime:0.000284s ]
SQL: SHOW COLUMNS FROM `js_mobile_phone` [ RunTime:0.0016s ]
SQL: SELECT * FROM `js_mobile_phone` WHERE `status` = 1 ORDER BY id desc  [ RunTime:0.0003s ]

[ 2019-06-30T16:25:56+08:00 ] ::1 /api_for_study/Shopping_cart/getGoodsList
INFO: [ app_init ] --START--
INFO: Run Behavior\BuildLiteBehavior [ RunTime:0.000007s ]
INFO: [ app_init ] --END-- [ RunTime:0.000203s ]
INFO: [ app_begin ] --START--
INFO: Run Behavior\ReadHtmlCacheBehavior [ RunTime:0.000213s ]
INFO: [ app_begin ] --END-- [ RunTime:0.000229s ]
SQL: SHOW COLUMNS FROM `js_mobile_phone` [ RunTime:0.0013s ]
SQL: SELECT * FROM `js_mobile_phone` WHERE `status` = 1 ORDER BY id desc  [ RunTime:0.0002s ]

[ 2019-06-30T16:26:05+08:00 ] ::1 /api_for_study/Shopping_cart/getGoodsList
INFO: [ app_init ] --START--
INFO: Run Behavior\BuildLiteBehavior [ RunTime:0.000008s ]
INFO: [ app_init ] --END-- [ RunTime:0.000220s ]
INFO: [ app_begin ] --START--
INFO: Run Behavior\ReadHtmlCacheBehavior [ RunTime:0.000357s ]
INFO: [ app_begin ] --END-- [ RunTime:0.000383s ]
SQL: SHOW COLUMNS FROM `js_mobile_phone` [ RunTime:0.0013s ]
SQL: SELECT * FROM `js_mobile_phone` WHERE `status` = 1 ORDER BY id desc  [ RunTime:0.0002s ]

[ 2019-06-30T16:26:15+08:00 ] ::1 /api_for_study/Shopping_cart/getGoodsList
INFO: [ app_init ] --START--
INFO: Run Behavior\BuildLiteBehavior [ RunTime:0.000010s ]
INFO: [ app_init ] --END-- [ RunTime:0.000206s ]
INFO: [ app_begin ] --START--
INFO: Run Behavior\ReadHtmlCacheBehavior [ RunTime:0.000222s ]
INFO: [ app_begin ] --END-- [ RunTime:0.000240s ]
SQL: SHOW COLUMNS FROM `js_mobile_phone` [ RunTime:0.0013s ]
SQL: SELECT * FROM `js_mobile_phone` WHERE `status` = 1 ORDER BY id desc  [ RunTime:0.0002s ]

[ 2019-06-30T16:27:04+08:00 ] ::1 /api_for_study/Shopping_cart/getGoodsList
INFO: [ app_init ] --START--
INFO: Run Behavior\BuildLiteBehavior [ RunTime:0.000007s ]
INFO: [ app_init ] --END-- [ RunTime:0.000196s ]
INFO: [ app_begin ] --START--
INFO: Run Behavior\ReadHtmlCacheBehavior [ RunTime:0.000268s ]
INFO: [ app_begin ] --END-- [ RunTime:0.000287s ]
SQL: SHOW COLUMNS FROM `js_mobile_phone` [ RunTime:0.0012s ]
SQL: SELECT * FROM `js_mobile_phone` WHERE `status` = 1 ORDER BY id desc  [ RunTime:0.0002s ]

[ 2019-06-30T16:27:15+08:00 ] ::1 /api_for_study/Shopping_cart/getGoodsList
INFO: [ app_init ] --START--
INFO: Run Behavior\BuildLiteBehavior [ RunTime:0.000006s ]
INFO: [ app_init ] --END-- [ RunTime:0.000170s ]
INFO: [ app_begin ] --START--
INFO: Run Behavior\ReadHtmlCacheBehavior [ RunTime:0.000216s ]
INFO: [ app_begin ] --END-- [ RunTime:0.000234s ]
SQL: SHOW COLUMNS FROM `js_mobile_phone` [ RunTime:0.0014s ]
SQL: SELECT * FROM `js_mobile_phone` WHERE `status` = 1 ORDER BY id desc  [ RunTime:0.0003s ]

[ 2019-06-30T16:27:25+08:00 ] ::1 /api_for_study/Shopping_cart/getGoodsList
INFO: [ app_init ] --START--
INFO: Run Behavior\BuildLiteBehavior [ RunTime:0.000006s ]
INFO: [ app_init ] --END-- [ RunTime:0.000150s ]
INFO: [ app_begin ] --START--
INFO: Run Behavior\ReadHtmlCacheBehavior [ RunTime:0.000213s ]
INFO: [ app_begin ] --END-- [ RunTime:0.000253s ]
SQL: SHOW COLUMNS FROM `js_mobile_phone` [ RunTime:0.0012s ]
SQL: SELECT * FROM `js_mobile_phone` WHERE `status` = 1 ORDER BY id desc  [ RunTime:0.0002s ]

[ 2019-06-30T16:27:56+08:00 ] ::1 /api_for_study/Shopping_cart/getGoodsList
INFO: [ app_init ] --START--
INFO: Run Behavior\BuildLiteBehavior [ RunTime:0.000007s ]
INFO: [ app_init ] --END-- [ RunTime:0.000156s ]
INFO: [ app_begin ] --START--
INFO: Run Behavior\ReadHtmlCacheBehavior [ RunTime:0.000194s ]
INFO: [ app_begin ] --END-- [ RunTime:0.000234s ]
SQL: SHOW COLUMNS FROM `js_mobile_phone` [ RunTime:0.0016s ]
SQL: SELECT * FROM `js_mobile_phone` WHERE `status` = 1 ORDER BY id desc  [ RunTime:0.0003s ]

[ 2019-06-30T16:28:06+08:00 ] ::1 /api_for_study/Shopping_cart/getGoodsList
INFO: [ app_init ] --START--
INFO: Run Behavior\BuildLiteBehavior [ RunTime:0.000007s ]
INFO: [ app_init ] --END-- [ RunTime:0.000162s ]
INFO: [ app_begin ] --START--
INFO: Run Behavior\ReadHtmlCacheBehavior [ RunTime:0.000208s ]
INFO: [ app_begin ] --END-- [ RunTime:0.000225s ]
SQL: SHOW COLUMNS FROM `js_mobile_phone` [ RunTime:0.0013s ]
SQL: SELECT * FROM `js_mobile_phone` WHERE `status` = 1 ORDER BY id desc  [ RunTime:0.0003s ]

[ 2019-06-30T16:28:16+08:00 ] ::1 /api_for_study/Shopping_cart/getGoodsList
INFO: [ app_init ] --START--
INFO: Run Behavior\BuildLiteBehavior [ RunTime:0.000006s ]
INFO: [ app_init ] --END-- [ RunTime:0.000172s ]
INFO: [ app_begin ] --START--
INFO: Run Behavior\ReadHtmlCacheBehavior [ RunTime:0.000248s ]
INFO: [ app_begin ] --END-- [ RunTime:0.000269s ]
SQL: SHOW COLUMNS FROM `js_mobile_phone` [ RunTime:0.0012s ]
SQL: SELECT * FROM `js_mobile_phone` WHERE `status` = 1 ORDER BY id desc  [ RunTime:0.0002s ]

[ 2019-06-30T16:28:24+08:00 ] ::1 /api_for_study/Shopping_cart/getGoodsList
INFO: [ app_init ] --START--
INFO: Run Behavior\BuildLiteBehavior [ RunTime:0.000008s ]
INFO: [ app_init ] --END-- [ RunTime:0.000166s ]
INFO: [ app_begin ] --START--
INFO: Run Behavior\ReadHtmlCacheBehavior [ RunTime:0.000202s ]
INFO: [ app_begin ] --END-- [ RunTime:0.000217s ]
SQL: SHOW COLUMNS FROM `js_mobile_phone` [ RunTime:0.0015s ]
SQL: SELECT * FROM `js_mobile_phone` WHERE `status` = 1 ORDER BY id desc  [ RunTime:0.0002s ]

[ 2019-06-30T16:28:31+08:00 ] ::1 /api_for_study/Shopping_cart/getGoodsList
INFO: [ app_init ] --START--
INFO: Run Behavior\BuildLiteBehavior [ RunTime:0.000006s ]
INFO: [ app_init ] --END-- [ RunTime:0.000169s ]
INFO: [ app_begin ] --START--
INFO: Run Behavior\ReadHtmlCacheBehavior [ RunTime:0.000230s ]
INFO: [ app_begin ] --END-- [ RunTime:0.000250s ]
SQL: SHOW COLUMNS FROM `js_mobile_phone` [ RunTime:0.0014s ]
SQL: SELECT * FROM `js_mobile_phone` WHERE `status` = 1 ORDER BY id desc  [ RunTime:0.0003s ]

