[ 2019-06-06T11:32:45+08:00 ] ::1 /api_for_study/Comment/getComments
INFO: [ app_init ] --START--
INFO: Run Behavior\BuildLiteBehavior [ RunTime:0.000011s ]
INFO: [ app_init ] --END-- [ RunTime:0.000909s ]
INFO: [ app_begin ] --START--
INFO: Run Behavior\ReadHtmlCacheBehavior [ RunTime:0.000786s ]
INFO: [ app_begin ] --END-- [ RunTime:0.000811s ]
SQL: SHOW COLUMNS FROM `js_comment` [ RunTime:0.0196s ]
SQL: SELECT COUNT(*) AS tp_count FROM `js_comment` WHERE `status` = 1 AND `is_add_comment` = 0 LIMIT 1   [ RunTime:0.0014s ]
SQL: SELECT COUNT(*) AS tp_count FROM `js_comment` WHERE `status` = 1 AND `is_add_comment` = 0 AND `star_num` = 1 LIMIT 1   [ RunTime:0.0001s ]
SQL: SELECT COUNT(*) AS tp_count FROM `js_comment` WHERE `status` = 1 AND `is_add_comment` = 0 AND ( `star_num` <= 4 AND `star_num` >= 2  ) LIMIT 1   [ RunTime:0.0001s ]
SQL: SELECT COUNT(*) AS tp_count FROM `js_comment` WHERE `status` = 1 AND `is_add_comment` = 0 AND ( `star_num` <= 4 AND `star_num` >= 2  ) LIMIT 1   [ RunTime:0.0001s ]
SQL: SELECT COUNT(*) AS tp_count FROM `js_comment` WHERE `status` = 1 AND `is_add_comment` = 0 AND ( `star_num` <= 4 AND `star_num` >= 2  ) LIMIT 1   [ RunTime:0.0001s ]
SQL: SELECT COUNT(*) AS tp_count FROM `js_comment` WHERE `status` = 1 AND `is_add_comment` = 0 AND `star_num` = 5 LIMIT 1   [ RunTime:0.0001s ]
SQL: SELECT COUNT(*) AS tp_count FROM `js_comment` WHERE `status` = 1 AND `is_add_comment` = 0 LIMIT 1   [ RunTime:0.0001s ]
SQL: SELECT * FROM `js_comment` WHERE `status` = 1 AND `is_add_comment` = 0 ORDER BY id desc LIMIT 0,5   [ RunTime:0.0002s ]
SQL: SHOW COLUMNS FROM `js_user` [ RunTime:0.0109s ]
SQL: SELECT * FROM `js_user` WHERE ( 1=1 AND id='20' ) LIMIT 1   [ RunTime:0.0009s ]
SQL: SELECT * FROM `js_user` WHERE ( 1=1 AND id='19' ) LIMIT 1   [ RunTime:0.0002s ]
SQL: SELECT * FROM `js_user` WHERE ( 1=1 AND id='18' ) LIMIT 1   [ RunTime:0.0002s ]
SQL: SELECT * FROM `js_user` WHERE ( 1=1 AND id='17' ) LIMIT 1   [ RunTime:0.0001s ]
SQL: SELECT * FROM `js_user` WHERE ( 1=1 AND id='16' ) LIMIT 1   [ RunTime:0.0002s ]
SQL: SELECT * FROM `js_comment` WHERE `add_id` = 48 AND `is_add_comment` = 1 LIMIT 1   [ RunTime:0.0002s ]
SQL: SELECT * FROM `js_comment` WHERE `add_id` = 47 AND `is_add_comment` = 1 LIMIT 1   [ RunTime:0.0002s ]
SQL: SELECT * FROM `js_comment` WHERE `add_id` = 46 AND `is_add_comment` = 1 LIMIT 1   [ RunTime:0.0002s ]
SQL: SELECT * FROM `js_comment` WHERE `add_id` = 45 AND `is_add_comment` = 1 LIMIT 1   [ RunTime:0.0002s ]
SQL: SELECT * FROM `js_comment` WHERE `add_id` = 44 AND `is_add_comment` = 1 LIMIT 1   [ RunTime:0.0002s ]

[ 2019-06-06T11:32:47+08:00 ] ::1 /api_for_study/Comment/getComments
INFO: [ app_init ] --START--
INFO: Run Behavior\BuildLiteBehavior [ RunTime:0.000006s ]
INFO: [ app_init ] --END-- [ RunTime:0.000144s ]
INFO: [ app_begin ] --START--
INFO: Run Behavior\ReadHtmlCacheBehavior [ RunTime:0.000187s ]
INFO: [ app_begin ] --END-- [ RunTime:0.000201s ]
SQL: SHOW COLUMNS FROM `js_comment` [ RunTime:0.0014s ]
SQL: SELECT COUNT(*) AS tp_count FROM `js_comment` WHERE `status` = 1 AND `is_add_comment` = 0 LIMIT 1   [ RunTime:0.0003s ]
SQL: SELECT COUNT(*) AS tp_count FROM `js_comment` WHERE `status` = 1 AND `is_add_comment` = 0 AND `star_num` = 1 LIMIT 1   [ RunTime:0.0002s ]
SQL: SELECT COUNT(*) AS tp_count FROM `js_comment` WHERE `status` = 1 AND `is_add_comment` = 0 AND ( `star_num` <= 4 AND `star_num` >= 2  ) LIMIT 1   [ RunTime:0.0002s ]
SQL: SELECT COUNT(*) AS tp_count FROM `js_comment` WHERE `status` = 1 AND `is_add_comment` = 0 AND ( `star_num` <= 4 AND `star_num` >= 2  ) LIMIT 1   [ RunTime:0.0002s ]
SQL: SELECT COUNT(*) AS tp_count FROM `js_comment` WHERE `status` = 1 AND `is_add_comment` = 0 AND ( `star_num` <= 4 AND `star_num` >= 2  ) LIMIT 1   [ RunTime:0.0002s ]
SQL: SELECT COUNT(*) AS tp_count FROM `js_comment` WHERE `status` = 1 AND `is_add_comment` = 0 AND `star_num` = 5 LIMIT 1   [ RunTime:0.0001s ]
SQL: SELECT COUNT(*) AS tp_count FROM `js_comment` WHERE `status` = 1 AND `is_add_comment` = 0 LIMIT 1   [ RunTime:0.0002s ]
SQL: SELECT * FROM `js_comment` WHERE `status` = 1 AND `is_add_comment` = 0 ORDER BY id desc LIMIT 5,5   [ RunTime:0.0002s ]
SQL: SHOW COLUMNS FROM `js_user` [ RunTime:0.0013s ]
SQL: SELECT * FROM `js_user` WHERE ( 1=1 AND id='15' ) LIMIT 1   [ RunTime:0.0002s ]
SQL: SELECT * FROM `js_user` WHERE ( 1=1 AND id='14' ) LIMIT 1   [ RunTime:0.0002s ]
SQL: SELECT * FROM `js_user` WHERE ( 1=1 AND id='13' ) LIMIT 1   [ RunTime:0.0001s ]
SQL: SELECT * FROM `js_user` WHERE ( 1=1 AND id='12' ) LIMIT 1   [ RunTime:0.0002s ]
SQL: SELECT * FROM `js_user` WHERE ( 1=1 AND id='11' ) LIMIT 1   [ RunTime:0.0001s ]
SQL: SELECT * FROM `js_comment` WHERE `add_id` = 43 AND `is_add_comment` = 1 LIMIT 1   [ RunTime:0.0002s ]
SQL: SELECT * FROM `js_comment` WHERE `add_id` = 42 AND `is_add_comment` = 1 LIMIT 1   [ RunTime:0.0002s ]
SQL: SELECT * FROM `js_comment` WHERE `add_id` = 41 AND `is_add_comment` = 1 LIMIT 1   [ RunTime:0.0002s ]
SQL: SELECT * FROM `js_comment` WHERE `add_id` = 40 AND `is_add_comment` = 1 LIMIT 1   [ RunTime:0.0002s ]
SQL: SELECT * FROM `js_comment` WHERE `add_id` = 39 AND `is_add_comment` = 1 LIMIT 1   [ RunTime:0.0002s ]

[ 2019-06-06T11:32:48+08:00 ] ::1 /api_for_study/Comment/getComments
INFO: [ app_init ] --START--
INFO: Run Behavior\BuildLiteBehavior [ RunTime:0.000005s ]
INFO: [ app_init ] --END-- [ RunTime:0.000143s ]
INFO: [ app_begin ] --START--
INFO: Run Behavior\ReadHtmlCacheBehavior [ RunTime:0.000257s ]
INFO: [ app_begin ] --END-- [ RunTime:0.000273s ]
SQL: SHOW COLUMNS FROM `js_comment` [ RunTime:0.0014s ]
SQL: SELECT COUNT(*) AS tp_count FROM `js_comment` WHERE `status` = 1 AND `is_add_comment` = 0 LIMIT 1   [ RunTime:0.0002s ]
SQL: SELECT COUNT(*) AS tp_count FROM `js_comment` WHERE `status` = 1 AND `is_add_comment` = 0 AND `star_num` = 1 LIMIT 1   [ RunTime:0.0002s ]
SQL: SELECT COUNT(*) AS tp_count FROM `js_comment` WHERE `status` = 1 AND `is_add_comment` = 0 AND ( `star_num` <= 4 AND `star_num` >= 2  ) LIMIT 1   [ RunTime:0.0002s ]
SQL: SELECT COUNT(*) AS tp_count FROM `js_comment` WHERE `status` = 1 AND `is_add_comment` = 0 AND ( `star_num` <= 4 AND `star_num` >= 2  ) LIMIT 1   [ RunTime:0.0001s ]
SQL: SELECT COUNT(*) AS tp_count FROM `js_comment` WHERE `status` = 1 AND `is_add_comment` = 0 AND ( `star_num` <= 4 AND `star_num` >= 2  ) LIMIT 1   [ RunTime:0.0001s ]
SQL: SELECT COUNT(*) AS tp_count FROM `js_comment` WHERE `status` = 1 AND `is_add_comment` = 0 AND `star_num` = 5 LIMIT 1   [ RunTime:0.0001s ]
SQL: SELECT COUNT(*) AS tp_count FROM `js_comment` WHERE `status` = 1 AND `is_add_comment` = 0 LIMIT 1   [ RunTime:0.0001s ]
SQL: SELECT * FROM `js_comment` WHERE `status` = 1 AND `is_add_comment` = 0 ORDER BY id desc LIMIT 10,5   [ RunTime:0.0002s ]
SQL: SHOW COLUMNS FROM `js_user` [ RunTime:0.0014s ]
SQL: SELECT * FROM `js_user` WHERE ( 1=1 AND id='10' ) LIMIT 1   [ RunTime:0.0002s ]
SQL: SELECT * FROM `js_user` WHERE ( 1=1 AND id='9' ) LIMIT 1   [ RunTime:0.0001s ]
SQL: SELECT * FROM `js_user` WHERE ( 1=1 AND id='8' ) LIMIT 1   [ RunTime:0.0002s ]
SQL: SELECT * FROM `js_user` WHERE ( 1=1 AND id='7' ) LIMIT 1   [ RunTime:0.0001s ]
SQL: SELECT * FROM `js_user` WHERE ( 1=1 AND id='6' ) LIMIT 1   [ RunTime:0.0001s ]
SQL: SELECT * FROM `js_comment` WHERE `add_id` = 38 AND `is_add_comment` = 1 LIMIT 1   [ RunTime:0.0001s ]
SQL: SELECT * FROM `js_comment` WHERE `add_id` = 37 AND `is_add_comment` = 1 LIMIT 1   [ RunTime:0.0001s ]
SQL: SELECT * FROM `js_comment` WHERE `add_id` = 36 AND `is_add_comment` = 1 LIMIT 1   [ RunTime:0.0001s ]
SQL: SELECT * FROM `js_comment` WHERE `add_id` = 35 AND `is_add_comment` = 1 LIMIT 1   [ RunTime:0.0001s ]
SQL: SELECT * FROM `js_comment` WHERE `add_id` = 34 AND `is_add_comment` = 1 LIMIT 1   [ RunTime:0.0001s ]

[ 2019-06-06T11:32:49+08:00 ] ::1 /api_for_study/Comment/getComments
INFO: [ app_init ] --START--
INFO: Run Behavior\BuildLiteBehavior [ RunTime:0.000006s ]
INFO: [ app_init ] --END-- [ RunTime:0.000143s ]
INFO: [ app_begin ] --START--
INFO: Run Behavior\ReadHtmlCacheBehavior [ RunTime:0.000189s ]
INFO: [ app_begin ] --END-- [ RunTime:0.000203s ]
SQL: SHOW COLUMNS FROM `js_comment` [ RunTime:0.0014s ]
SQL: SELECT COUNT(*) AS tp_count FROM `js_comment` WHERE `status` = 1 AND `is_add_comment` = 0 LIMIT 1   [ RunTime:0.0002s ]
SQL: SELECT COUNT(*) AS tp_count FROM `js_comment` WHERE `status` = 1 AND `is_add_comment` = 0 AND `star_num` = 1 LIMIT 1   [ RunTime:0.0002s ]
SQL: SELECT COUNT(*) AS tp_count FROM `js_comment` WHERE `status` = 1 AND `is_add_comment` = 0 AND ( `star_num` <= 4 AND `star_num` >= 2  ) LIMIT 1   [ RunTime:0.0002s ]
SQL: SELECT COUNT(*) AS tp_count FROM `js_comment` WHERE `status` = 1 AND `is_add_comment` = 0 AND ( `star_num` <= 4 AND `star_num` >= 2  ) LIMIT 1   [ RunTime:0.0002s ]
SQL: SELECT COUNT(*) AS tp_count FROM `js_comment` WHERE `status` = 1 AND `is_add_comment` = 0 AND ( `star_num` <= 4 AND `star_num` >= 2  ) LIMIT 1   [ RunTime:0.0002s ]
SQL: SELECT COUNT(*) AS tp_count FROM `js_comment` WHERE `status` = 1 AND `is_add_comment` = 0 AND `star_num` = 5 LIMIT 1   [ RunTime:0.0001s ]
SQL: SELECT COUNT(*) AS tp_count FROM `js_comment` WHERE `status` = 1 AND `is_add_comment` = 0 LIMIT 1   [ RunTime:0.0001s ]
SQL: SELECT * FROM `js_comment` WHERE `status` = 1 AND `is_add_comment` = 0 ORDER BY id desc LIMIT 15,5   [ RunTime:0.0002s ]
SQL: SHOW COLUMNS FROM `js_user` [ RunTime:0.0014s ]
SQL: SELECT * FROM `js_user` WHERE ( 1=1 AND id='5' ) LIMIT 1   [ RunTime:0.0002s ]
SQL: SELECT * FROM `js_user` WHERE ( 1=1 AND id='4' ) LIMIT 1   [ RunTime:0.0002s ]
SQL: SELECT * FROM `js_user` WHERE ( 1=1 AND id='3' ) LIMIT 1   [ RunTime:0.0002s ]
SQL: SELECT * FROM `js_user` WHERE ( 1=1 AND id='2' ) LIMIT 1   [ RunTime:0.0001s ]
SQL: SELECT * FROM `js_user` WHERE ( 1=1 AND id='1' ) LIMIT 1   [ RunTime:0.0001s ]
SQL: SELECT * FROM `js_comment` WHERE `add_id` = 32 AND `is_add_comment` = 1 LIMIT 1   [ RunTime:0.0002s ]
SQL: SELECT * FROM `js_comment` WHERE `add_id` = 30 AND `is_add_comment` = 1 LIMIT 1   [ RunTime:0.0002s ]
SQL: SELECT * FROM `js_comment` WHERE `add_id` = 28 AND `is_add_comment` = 1 LIMIT 1   [ RunTime:0.0002s ]
SQL: SELECT * FROM `js_comment` WHERE `add_id` = 26 AND `is_add_comment` = 1 LIMIT 1   [ RunTime:0.0002s ]
SQL: SELECT * FROM `js_comment` WHERE `add_id` = 24 AND `is_add_comment` = 1 LIMIT 1   [ RunTime:0.0001s ]

[ 2019-06-06T11:33:02+08:00 ] ::1 /api_for_study/List/getCourseListForManage
INFO: [ app_init ] --START--
INFO: Run Behavior\BuildLiteBehavior [ RunTime:0.000010s ]
INFO: [ app_init ] --END-- [ RunTime:0.000227s ]
INFO: [ app_begin ] --START--
INFO: Run Behavior\ReadHtmlCacheBehavior [ RunTime:0.000238s ]
INFO: [ app_begin ] --END-- [ RunTime:0.000258s ]
SQL: SHOW COLUMNS FROM `js_course` [ RunTime:0.0129s ]
SQL: SELECT COUNT(*) AS tp_count FROM `js_course` WHERE `status` = 1 LIMIT 1   [ RunTime:0.0002s ]
SQL: SELECT * FROM `js_course` WHERE `status` = 1 LIMIT 0,6   [ RunTime:0.0002s ]

[ 2019-06-06T11:33:03+08:00 ] ::1 /api_for_study/List/getCourseListForManage
INFO: [ app_init ] --START--
INFO: Run Behavior\BuildLiteBehavior [ RunTime:0.000006s ]
INFO: [ app_init ] --END-- [ RunTime:0.000165s ]
INFO: [ app_begin ] --START--
INFO: Run Behavior\ReadHtmlCacheBehavior [ RunTime:0.000213s ]
INFO: [ app_begin ] --END-- [ RunTime:0.000231s ]
SQL: SHOW COLUMNS FROM `js_course` [ RunTime:0.0013s ]
SQL: SELECT COUNT(*) AS tp_count FROM `js_course` WHERE `status` = 1 LIMIT 1   [ RunTime:0.0002s ]
SQL: SELECT * FROM `js_course` WHERE `status` = 1 LIMIT 6,6   [ RunTime:0.0002s ]

[ 2019-06-06T11:33:04+08:00 ] ::1 /api_for_study/List/getCourseListForManage
INFO: [ app_init ] --START--
INFO: Run Behavior\BuildLiteBehavior [ RunTime:0.000006s ]
INFO: [ app_init ] --END-- [ RunTime:0.000148s ]
INFO: [ app_begin ] --START--
INFO: Run Behavior\ReadHtmlCacheBehavior [ RunTime:0.000255s ]
INFO: [ app_begin ] --END-- [ RunTime:0.000272s ]
SQL: SHOW COLUMNS FROM `js_course` [ RunTime:0.0014s ]
SQL: SELECT COUNT(*) AS tp_count FROM `js_course` WHERE `status` = 1 LIMIT 1   [ RunTime:0.0002s ]
SQL: SELECT * FROM `js_course` WHERE `status` = 1 LIMIT 0,6   [ RunTime:0.0002s ]

[ 2019-06-06T11:33:07+08:00 ] ::1 /api_for_study/List/updateCourseNameForManage
INFO: [ app_init ] --START--
INFO: Run Behavior\BuildLiteBehavior [ RunTime:0.000007s ]
INFO: [ app_init ] --END-- [ RunTime:0.000160s ]
INFO: [ app_begin ] --START--
INFO: Run Behavior\ReadHtmlCacheBehavior [ RunTime:0.000203s ]
INFO: [ app_begin ] --END-- [ RunTime:0.000219s ]
SQL: SHOW COLUMNS FROM `js_course` [ RunTime:0.0015s ]
SQL: UPDATE `js_course` SET `course`='JS  深度HTML系列课程' WHERE `id` = 1 [ RunTime:0.0012s ]

[ 2019-06-06T11:33:09+08:00 ] ::1 /api_for_study/List/getCourseListForManage
INFO: [ app_init ] --START--
INFO: Run Behavior\BuildLiteBehavior [ RunTime:0.000006s ]
INFO: [ app_init ] --END-- [ RunTime:0.000169s ]
INFO: [ app_begin ] --START--
INFO: Run Behavior\ReadHtmlCacheBehavior [ RunTime:0.000215s ]
INFO: [ app_begin ] --END-- [ RunTime:0.000233s ]
SQL: SHOW COLUMNS FROM `js_course` [ RunTime:0.0013s ]
SQL: SELECT COUNT(*) AS tp_count FROM `js_course` WHERE `status` = 0 LIMIT 1   [ RunTime:0.0002s ]
SQL: SELECT * FROM `js_course` WHERE `status` = 0 LIMIT 0,6   [ RunTime:0.0002s ]

[ 2019-06-06T11:33:11+08:00 ] ::1 /api_for_study/List/getCourseListForManage
INFO: [ app_init ] --START--
INFO: Run Behavior\BuildLiteBehavior [ RunTime:0.000006s ]
INFO: [ app_init ] --END-- [ RunTime:0.000151s ]
INFO: [ app_begin ] --START--
INFO: Run Behavior\ReadHtmlCacheBehavior [ RunTime:0.000241s ]
INFO: [ app_begin ] --END-- [ RunTime:0.000256s ]
SQL: SHOW COLUMNS FROM `js_course` [ RunTime:0.0014s ]
SQL: SELECT COUNT(*) AS tp_count FROM `js_course` WHERE `status` = 1 LIMIT 1   [ RunTime:0.0002s ]
SQL: SELECT * FROM `js_course` WHERE `status` = 1 LIMIT 0,6   [ RunTime:0.0002s ]

[ 2019-06-06T11:35:25+08:00 ] ::1 /api_for_study/User/verify
INFO: [ app_init ] --START--
INFO: Run Behavior\BuildLiteBehavior [ RunTime:0.000014s ]
INFO: [ app_init ] --END-- [ RunTime:0.000756s ]
INFO: [ app_begin ] --START--
INFO: Run Behavior\ReadHtmlCacheBehavior [ RunTime:0.000643s ]
INFO: [ app_begin ] --END-- [ RunTime:0.000677s ]
INFO: [ app_end ] --START--
INFO: Run Behavior\ShowPageTraceBehavior [ RunTime:0.000650s ]
INFO: [ app_end ] --END-- [ RunTime:0.000679s ]

[ 2019-06-06T11:35:36+08:00 ] ::1 /api_for_study/User/sendTelCode
INFO: [ app_init ] --START--
INFO: Run Behavior\BuildLiteBehavior [ RunTime:0.000007s ]
INFO: [ app_init ] --END-- [ RunTime:0.000162s ]
INFO: [ app_begin ] --START--
INFO: Run Behavior\ReadHtmlCacheBehavior [ RunTime:0.000199s ]
INFO: [ app_begin ] --END-- [ RunTime:0.000216s ]
SQL: SHOW COLUMNS FROM `js_users` [ RunTime:0.0331s ]
SQL: SELECT * FROM `js_users` LIMIT 1   [ RunTime:0.0002s ]

[ 2019-06-06T11:35:43+08:00 ] ::1 /api_for_study/User/sendTelCode
INFO: [ app_init ] --START--
INFO: Run Behavior\BuildLiteBehavior [ RunTime:0.000010s ]
INFO: [ app_init ] --END-- [ RunTime:0.000230s ]
INFO: [ app_begin ] --START--
INFO: Run Behavior\ReadHtmlCacheBehavior [ RunTime:0.000235s ]
INFO: [ app_begin ] --END-- [ RunTime:0.000255s ]
SQL: SHOW COLUMNS FROM `js_users` [ RunTime:0.0013s ]
SQL: SELECT * FROM `js_users` LIMIT 1   [ RunTime:0.0002s ]

[ 2019-06-06T11:35:49+08:00 ] ::1 /api_for_study/User/sendTelCode
INFO: [ app_init ] --START--
INFO: Run Behavior\BuildLiteBehavior [ RunTime:0.000010s ]
INFO: [ app_init ] --END-- [ RunTime:0.000225s ]
INFO: [ app_begin ] --START--
INFO: Run Behavior\ReadHtmlCacheBehavior [ RunTime:0.000239s ]
INFO: [ app_begin ] --END-- [ RunTime:0.000258s ]
SQL: SHOW COLUMNS FROM `js_users` [ RunTime:0.0013s ]
SQL: SELECT * FROM `js_users` LIMIT 1   [ RunTime:0.0002s ]

[ 2019-06-06T11:35:51+08:00 ] ::1 /api_for_study/User/sendTelCode
INFO: [ app_init ] --START--
INFO: Run Behavior\BuildLiteBehavior [ RunTime:0.000006s ]
INFO: [ app_init ] --END-- [ RunTime:0.000162s ]
INFO: [ app_begin ] --START--
INFO: Run Behavior\ReadHtmlCacheBehavior [ RunTime:0.000205s ]
INFO: [ app_begin ] --END-- [ RunTime:0.000221s ]
SQL: SHOW COLUMNS FROM `js_users` [ RunTime:0.0013s ]
SQL: SELECT * FROM `js_users` LIMIT 1   [ RunTime:0.0002s ]

[ 2019-06-06T11:35:57+08:00 ] ::1 /api_for_study/User/sendTelCode
INFO: [ app_init ] --START--
INFO: Run Behavior\BuildLiteBehavior [ RunTime:0.000011s ]
INFO: [ app_init ] --END-- [ RunTime:0.000217s ]
INFO: [ app_begin ] --START--
INFO: Run Behavior\ReadHtmlCacheBehavior [ RunTime:0.000257s ]
INFO: [ app_begin ] --END-- [ RunTime:0.000277s ]
SQL: SHOW COLUMNS FROM `js_users` [ RunTime:0.0013s ]
SQL: SELECT * FROM `js_users` LIMIT 1   [ RunTime:0.0002s ]

[ 2019-06-06T11:35:58+08:00 ] ::1 /api_for_study/User/sendTelCode
INFO: [ app_init ] --START--
INFO: Run Behavior\BuildLiteBehavior [ RunTime:0.000006s ]
INFO: [ app_init ] --END-- [ RunTime:0.000168s ]
INFO: [ app_begin ] --START--
INFO: Run Behavior\ReadHtmlCacheBehavior [ RunTime:0.000198s ]
INFO: [ app_begin ] --END-- [ RunTime:0.000213s ]
SQL: SHOW COLUMNS FROM `js_users` [ RunTime:0.0013s ]
SQL: SELECT * FROM `js_users` LIMIT 1   [ RunTime:0.0002s ]

[ 2019-06-06T11:35:58+08:00 ] ::1 /api_for_study/User/sendTelCode
INFO: [ app_init ] --START--
INFO: Run Behavior\BuildLiteBehavior [ RunTime:0.000006s ]
INFO: [ app_init ] --END-- [ RunTime:0.000166s ]
INFO: [ app_begin ] --START--
INFO: Run Behavior\ReadHtmlCacheBehavior [ RunTime:0.000201s ]
INFO: [ app_begin ] --END-- [ RunTime:0.000217s ]
SQL: SHOW COLUMNS FROM `js_users` [ RunTime:0.0012s ]
SQL: SELECT * FROM `js_users` LIMIT 1   [ RunTime:0.0002s ]

[ 2019-06-06T11:35:59+08:00 ] ::1 /api_for_study/User/sendTelCode
INFO: [ app_init ] --START--
INFO: Run Behavior\BuildLiteBehavior [ RunTime:0.000006s ]
INFO: [ app_init ] --END-- [ RunTime:0.000157s ]
INFO: [ app_begin ] --START--
INFO: Run Behavior\ReadHtmlCacheBehavior [ RunTime:0.000200s ]
INFO: [ app_begin ] --END-- [ RunTime:0.000216s ]
SQL: SHOW COLUMNS FROM `js_users` [ RunTime:0.0014s ]
SQL: SELECT * FROM `js_users` LIMIT 1   [ RunTime:0.0002s ]

[ 2019-06-06T11:35:59+08:00 ] ::1 /api_for_study/User/sendTelCode
INFO: [ app_init ] --START--
INFO: Run Behavior\BuildLiteBehavior [ RunTime:0.000007s ]
INFO: [ app_init ] --END-- [ RunTime:0.000160s ]
INFO: [ app_begin ] --START--
INFO: Run Behavior\ReadHtmlCacheBehavior [ RunTime:0.000201s ]
INFO: [ app_begin ] --END-- [ RunTime:0.000218s ]
SQL: SHOW COLUMNS FROM `js_users` [ RunTime:0.0013s ]
SQL: SELECT * FROM `js_users` LIMIT 1   [ RunTime:0.0002s ]

[ 2019-06-06T11:35:59+08:00 ] ::1 /api_for_study/User/sendTelCode
INFO: [ app_init ] --START--
INFO: Run Behavior\BuildLiteBehavior [ RunTime:0.000006s ]
INFO: [ app_init ] --END-- [ RunTime:0.000158s ]
INFO: [ app_begin ] --START--
INFO: Run Behavior\ReadHtmlCacheBehavior [ RunTime:0.000199s ]
INFO: [ app_begin ] --END-- [ RunTime:0.000216s ]
SQL: SHOW COLUMNS FROM `js_users` [ RunTime:0.0013s ]
SQL: SELECT * FROM `js_users` LIMIT 1   [ RunTime:0.0002s ]

[ 2019-06-06T11:35:59+08:00 ] ::1 /api_for_study/User/sendTelCode
INFO: [ app_init ] --START--
INFO: Run Behavior\BuildLiteBehavior [ RunTime:0.000006s ]
INFO: [ app_init ] --END-- [ RunTime:0.000159s ]
INFO: [ app_begin ] --START--
INFO: Run Behavior\ReadHtmlCacheBehavior [ RunTime:0.000200s ]
INFO: [ app_begin ] --END-- [ RunTime:0.000216s ]
SQL: SHOW COLUMNS FROM `js_users` [ RunTime:0.0013s ]
SQL: SELECT * FROM `js_users` LIMIT 1   [ RunTime:0.0002s ]

[ 2019-06-06T11:38:38+08:00 ] ::1 /api_for_study/User/sendTelCode
INFO: [ app_init ] --START--
INFO: Run Behavior\BuildLiteBehavior [ RunTime:0.000006s ]
INFO: [ app_init ] --END-- [ RunTime:0.000166s ]
INFO: [ app_begin ] --START--
INFO: Run Behavior\ReadHtmlCacheBehavior [ RunTime:0.000201s ]
INFO: [ app_begin ] --END-- [ RunTime:0.000217s ]
SQL: SHOW COLUMNS FROM `js_users` [ RunTime:0.0013s ]
SQL: SELECT * FROM `js_users` WHERE `phone_number` = 18483636818 LIMIT 1   [ RunTime:0.0002s ]
NOTIC: [8] Undefined offset: 1 /Applications/XAMPP/xamppfiles/htdocs/api_for_study/Home/Model/UsersModel.class.php 第 164 行.
NOTIC: [8] Use of undefined constant error_code - assumed 'error_code' /Applications/XAMPP/xamppfiles/htdocs/api_for_study/Home/Model/UsersModel.class.php 第 167 行.
NOTIC: [8] Use of undefined constant error_msg - assumed 'error_msg' /Applications/XAMPP/xamppfiles/htdocs/api_for_study/Home/Model/UsersModel.class.php 第 168 行.

[ 2019-06-06T11:44:33+08:00 ] ::1 /api_for_study/Index/getCourse
INFO: [ app_init ] --START--
INFO: Run Behavior\BuildLiteBehavior [ RunTime:0.000008s ]
INFO: [ app_init ] --END-- [ RunTime:0.000172s ]
INFO: [ app_begin ] --START--
INFO: Run Behavior\ReadHtmlCacheBehavior [ RunTime:0.000210s ]
INFO: [ app_begin ] --END-- [ RunTime:0.000226s ]
SQL: SHOW COLUMNS FROM `js_courses` [ RunTime:0.0014s ]
SQL: SHOW COLUMNS FROM `js_fields` [ RunTime:0.0010s ]
SQL: SELECT * FROM `js_courses` WHERE `status` = 1 ORDER BY id  [ RunTime:0.0002s ]
ERR: Too few arguments to function Think\Model::getField(), 0 passed in /Applications/XAMPP/xamppfiles/htdocs/api_for_study/Home/Controller/IndexController.class.php on line 60 and at least 1 expected

[ 2019-06-06T11:44:34+08:00 ] ::1 /api_for_study/Index/getCourse
INFO: [ app_init ] --START--
INFO: Run Behavior\BuildLiteBehavior [ RunTime:0.000007s ]
INFO: [ app_init ] --END-- [ RunTime:0.000156s ]
INFO: [ app_begin ] --START--
INFO: Run Behavior\ReadHtmlCacheBehavior [ RunTime:0.000203s ]
INFO: [ app_begin ] --END-- [ RunTime:0.000219s ]
SQL: SHOW COLUMNS FROM `js_courses` [ RunTime:0.0011s ]
SQL: SHOW COLUMNS FROM `js_fields` [ RunTime:0.0010s ]
SQL: SELECT * FROM `js_courses` WHERE `status` = 1 ORDER BY id  [ RunTime:0.0002s ]
ERR: Too few arguments to function Think\Model::getField(), 0 passed in /Applications/XAMPP/xamppfiles/htdocs/api_for_study/Home/Controller/IndexController.class.php on line 60 and at least 1 expected

[ 2019-06-06T11:44:34+08:00 ] ::1 /api_for_study/Index/getCourse
INFO: [ app_init ] --START--
INFO: Run Behavior\BuildLiteBehavior [ RunTime:0.000006s ]
INFO: [ app_init ] --END-- [ RunTime:0.000164s ]
INFO: [ app_begin ] --START--
INFO: Run Behavior\ReadHtmlCacheBehavior [ RunTime:0.000212s ]
INFO: [ app_begin ] --END-- [ RunTime:0.000228s ]
SQL: SHOW COLUMNS FROM `js_courses` [ RunTime:0.0017s ]
SQL: SHOW COLUMNS FROM `js_fields` [ RunTime:0.0016s ]
SQL: SELECT * FROM `js_courses` WHERE `status` = 1 ORDER BY id  [ RunTime:0.0003s ]
ERR: Too few arguments to function Think\Model::getField(), 0 passed in /Applications/XAMPP/xamppfiles/htdocs/api_for_study/Home/Controller/IndexController.class.php on line 60 and at least 1 expected

[ 2019-06-06T11:44:35+08:00 ] ::1 /api_for_study/Index/getCourse
INFO: [ app_init ] --START--
INFO: Run Behavior\BuildLiteBehavior [ RunTime:0.000009s ]
INFO: [ app_init ] --END-- [ RunTime:0.000193s ]
INFO: [ app_begin ] --START--
INFO: Run Behavior\ReadHtmlCacheBehavior [ RunTime:0.000267s ]
INFO: [ app_begin ] --END-- [ RunTime:0.000288s ]
SQL: SHOW COLUMNS FROM `js_courses` [ RunTime:0.0020s ]
SQL: SHOW COLUMNS FROM `js_fields` [ RunTime:0.0013s ]
SQL: SELECT * FROM `js_courses` WHERE `status` = 1 ORDER BY id  [ RunTime:0.0008s ]
ERR: Too few arguments to function Think\Model::getField(), 0 passed in /Applications/XAMPP/xamppfiles/htdocs/api_for_study/Home/Controller/IndexController.class.php on line 60 and at least 1 expected

[ 2019-06-06T11:48:06+08:00 ] ::1 /api_for_study/Index/getCourse
INFO: [ app_init ] --START--
INFO: Run Behavior\BuildLiteBehavior [ RunTime:0.000007s ]
INFO: [ app_init ] --END-- [ RunTime:0.000740s ]
INFO: [ app_begin ] --START--
INFO: Run Behavior\ReadHtmlCacheBehavior [ RunTime:0.000709s ]
INFO: [ app_begin ] --END-- [ RunTime:0.000732s ]
SQL: SHOW COLUMNS FROM `js_courses` [ RunTime:0.0017s ]
NOTIC: [2] Declaration of Home\Model\FieldsModel::getField() should be compatible with Think\Model::getField($field, $sepa = NULL) /Applications/XAMPP/xamppfiles/htdocs/api_for_study/Home/Model/FieldsModel.class.php 第 10 行.
SQL: SHOW COLUMNS FROM `js_fields` [ RunTime:0.0012s ]
SQL: SELECT * FROM `js_courses` WHERE `status` = 1 ORDER BY id  [ RunTime:0.0003s ]
SQL: SELECT * FROM `js_fields` ORDER BY id  [ RunTime:0.0002s ]
NOTIC: [8] Use of undefined constant course_data - assumed 'course_data' /Applications/XAMPP/xamppfiles/htdocs/api_for_study/Home/Controller/IndexController.class.php 第 63 行.
NOTIC: [8] Use of undefined constant course_field - assumed 'course_field' /Applications/XAMPP/xamppfiles/htdocs/api_for_study/Home/Controller/IndexController.class.php 第 64 行.

[ 2019-06-06T13:55:46+08:00 ] ::1 /api_for_study/Comment/getComments
INFO: [ app_init ] --START--
INFO: Run Behavior\BuildLiteBehavior [ RunTime:0.000009s ]
INFO: [ app_init ] --END-- [ RunTime:0.000834s ]
INFO: [ app_begin ] --START--
INFO: Run Behavior\ReadHtmlCacheBehavior [ RunTime:0.000743s ]
INFO: [ app_begin ] --END-- [ RunTime:0.000773s ]
SQL: SHOW COLUMNS FROM `js_comment` [ RunTime:0.0024s ]
SQL: SELECT COUNT(*) AS tp_count FROM `js_comment` WHERE `status` = 1 AND `is_add_comment` = 0 LIMIT 1   [ RunTime:0.0005s ]
SQL: SELECT COUNT(*) AS tp_count FROM `js_comment` WHERE `status` = 1 AND `is_add_comment` = 0 AND `star_num` = 1 LIMIT 1   [ RunTime:0.0002s ]
SQL: SELECT COUNT(*) AS tp_count FROM `js_comment` WHERE `status` = 1 AND `is_add_comment` = 0 AND ( `star_num` <= 4 AND `star_num` >= 2  ) LIMIT 1   [ RunTime:0.0002s ]
SQL: SELECT COUNT(*) AS tp_count FROM `js_comment` WHERE `status` = 1 AND `is_add_comment` = 0 AND ( `star_num` <= 4 AND `star_num` >= 2  ) LIMIT 1   [ RunTime:0.0001s ]
SQL: SELECT COUNT(*) AS tp_count FROM `js_comment` WHERE `status` = 1 AND `is_add_comment` = 0 AND ( `star_num` <= 4 AND `star_num` >= 2  ) LIMIT 1   [ RunTime:0.0001s ]
SQL: SELECT COUNT(*) AS tp_count FROM `js_comment` WHERE `status` = 1 AND `is_add_comment` = 0 AND `star_num` = 5 LIMIT 1   [ RunTime:0.0001s ]
SQL: SELECT COUNT(*) AS tp_count FROM `js_comment` WHERE `status` = 1 AND `is_add_comment` = 0 LIMIT 1   [ RunTime:0.0001s ]
SQL: SELECT * FROM `js_comment` WHERE `status` = 1 AND `is_add_comment` = 0 ORDER BY id desc LIMIT 0,5   [ RunTime:0.0002s ]
SQL: SHOW COLUMNS FROM `js_user` [ RunTime:0.0013s ]
SQL: SELECT * FROM `js_user` WHERE ( 1=1 AND id='20' ) LIMIT 1   [ RunTime:0.0003s ]
SQL: SELECT * FROM `js_user` WHERE ( 1=1 AND id='19' ) LIMIT 1   [ RunTime:0.0001s ]
SQL: SELECT * FROM `js_user` WHERE ( 1=1 AND id='18' ) LIMIT 1   [ RunTime:0.0001s ]
SQL: SELECT * FROM `js_user` WHERE ( 1=1 AND id='17' ) LIMIT 1   [ RunTime:0.0001s ]
SQL: SELECT * FROM `js_user` WHERE ( 1=1 AND id='16' ) LIMIT 1   [ RunTime:0.0001s ]
SQL: SELECT * FROM `js_comment` WHERE `add_id` = 48 AND `is_add_comment` = 1 LIMIT 1   [ RunTime:0.0001s ]
SQL: SELECT * FROM `js_comment` WHERE `add_id` = 47 AND `is_add_comment` = 1 LIMIT 1   [ RunTime:0.0001s ]
SQL: SELECT * FROM `js_comment` WHERE `add_id` = 46 AND `is_add_comment` = 1 LIMIT 1   [ RunTime:0.0001s ]
SQL: SELECT * FROM `js_comment` WHERE `add_id` = 45 AND `is_add_comment` = 1 LIMIT 1   [ RunTime:0.0001s ]
SQL: SELECT * FROM `js_comment` WHERE `add_id` = 44 AND `is_add_comment` = 1 LIMIT 1   [ RunTime:0.0001s ]

[ 2019-06-06T13:55:47+08:00 ] ::1 /api_for_study/Comment/getComments
INFO: [ app_init ] --START--
INFO: Run Behavior\BuildLiteBehavior [ RunTime:0.000007s ]
INFO: [ app_init ] --END-- [ RunTime:0.000269s ]
INFO: [ app_begin ] --START--
INFO: Run Behavior\ReadHtmlCacheBehavior [ RunTime:0.000219s ]
INFO: [ app_begin ] --END-- [ RunTime:0.000238s ]
SQL: SHOW COLUMNS FROM `js_comment` [ RunTime:0.0013s ]
SQL: SELECT COUNT(*) AS tp_count FROM `js_comment` WHERE `status` = 1 AND `is_add_comment` = 0 LIMIT 1   [ RunTime:0.0002s ]
SQL: SELECT COUNT(*) AS tp_count FROM `js_comment` WHERE `status` = 1 AND `is_add_comment` = 0 AND `star_num` = 1 LIMIT 1   [ RunTime:0.0001s ]
SQL: SELECT COUNT(*) AS tp_count FROM `js_comment` WHERE `status` = 1 AND `is_add_comment` = 0 AND ( `star_num` <= 4 AND `star_num` >= 2  ) LIMIT 1   [ RunTime:0.0001s ]
SQL: SELECT COUNT(*) AS tp_count FROM `js_comment` WHERE `status` = 1 AND `is_add_comment` = 0 AND ( `star_num` <= 4 AND `star_num` >= 2  ) LIMIT 1   [ RunTime:0.0002s ]
SQL: SELECT COUNT(*) AS tp_count FROM `js_comment` WHERE `status` = 1 AND `is_add_comment` = 0 AND ( `star_num` <= 4 AND `star_num` >= 2  ) LIMIT 1   [ RunTime:0.0001s ]
SQL: SELECT COUNT(*) AS tp_count FROM `js_comment` WHERE `status` = 1 AND `is_add_comment` = 0 AND `star_num` = 5 LIMIT 1   [ RunTime:0.0001s ]
SQL: SELECT COUNT(*) AS tp_count FROM `js_comment` WHERE `status` = 1 AND `is_add_comment` = 0 LIMIT 1   [ RunTime:0.0001s ]
SQL: SELECT * FROM `js_comment` WHERE `status` = 1 AND `is_add_comment` = 0 ORDER BY id desc LIMIT 5,5   [ RunTime:0.0001s ]
SQL: SHOW COLUMNS FROM `js_user` [ RunTime:0.0014s ]
SQL: SELECT * FROM `js_user` WHERE ( 1=1 AND id='15' ) LIMIT 1   [ RunTime:0.0002s ]
SQL: SELECT * FROM `js_user` WHERE ( 1=1 AND id='14' ) LIMIT 1   [ RunTime:0.0001s ]
SQL: SELECT * FROM `js_user` WHERE ( 1=1 AND id='13' ) LIMIT 1   [ RunTime:0.0001s ]
SQL: SELECT * FROM `js_user` WHERE ( 1=1 AND id='12' ) LIMIT 1   [ RunTime:0.0001s ]
SQL: SELECT * FROM `js_user` WHERE ( 1=1 AND id='11' ) LIMIT 1   [ RunTime:0.0001s ]
SQL: SELECT * FROM `js_comment` WHERE `add_id` = 43 AND `is_add_comment` = 1 LIMIT 1   [ RunTime:0.0002s ]
SQL: SELECT * FROM `js_comment` WHERE `add_id` = 42 AND `is_add_comment` = 1 LIMIT 1   [ RunTime:0.0002s ]
SQL: SELECT * FROM `js_comment` WHERE `add_id` = 41 AND `is_add_comment` = 1 LIMIT 1   [ RunTime:0.0002s ]
SQL: SELECT * FROM `js_comment` WHERE `add_id` = 40 AND `is_add_comment` = 1 LIMIT 1   [ RunTime:0.0001s ]
SQL: SELECT * FROM `js_comment` WHERE `add_id` = 39 AND `is_add_comment` = 1 LIMIT 1   [ RunTime:0.0001s ]

[ 2019-06-06T13:55:48+08:00 ] ::1 /api_for_study/Comment/getComments
INFO: [ app_init ] --START--
INFO: Run Behavior\BuildLiteBehavior [ RunTime:0.000005s ]
INFO: [ app_init ] --END-- [ RunTime:0.000149s ]
INFO: [ app_begin ] --START--
INFO: Run Behavior\ReadHtmlCacheBehavior [ RunTime:0.000191s ]
INFO: [ app_begin ] --END-- [ RunTime:0.000206s ]
SQL: SHOW COLUMNS FROM `js_comment` [ RunTime:0.0013s ]
SQL: SELECT COUNT(*) AS tp_count FROM `js_comment` WHERE `status` = 1 AND `is_add_comment` = 0 LIMIT 1   [ RunTime:0.0002s ]
SQL: SELECT COUNT(*) AS tp_count FROM `js_comment` WHERE `status` = 1 AND `is_add_comment` = 0 AND `star_num` = 1 LIMIT 1   [ RunTime:0.0002s ]
SQL: SELECT COUNT(*) AS tp_count FROM `js_comment` WHERE `status` = 1 AND `is_add_comment` = 0 AND ( `star_num` <= 4 AND `star_num` >= 2  ) LIMIT 1   [ RunTime:0.0001s ]
SQL: SELECT COUNT(*) AS tp_count FROM `js_comment` WHERE `status` = 1 AND `is_add_comment` = 0 AND ( `star_num` <= 4 AND `star_num` >= 2  ) LIMIT 1   [ RunTime:0.0002s ]
SQL: SELECT COUNT(*) AS tp_count FROM `js_comment` WHERE `status` = 1 AND `is_add_comment` = 0 AND ( `star_num` <= 4 AND `star_num` >= 2  ) LIMIT 1   [ RunTime:0.0002s ]
SQL: SELECT COUNT(*) AS tp_count FROM `js_comment` WHERE `status` = 1 AND `is_add_comment` = 0 AND `star_num` = 5 LIMIT 1   [ RunTime:0.0001s ]
SQL: SELECT COUNT(*) AS tp_count FROM `js_comment` WHERE `status` = 1 AND `is_add_comment` = 0 LIMIT 1   [ RunTime:0.0001s ]
SQL: SELECT * FROM `js_comment` WHERE `status` = 1 AND `is_add_comment` = 0 ORDER BY id desc LIMIT 10,5   [ RunTime:0.0001s ]
SQL: SHOW COLUMNS FROM `js_user` [ RunTime:0.0013s ]
SQL: SELECT * FROM `js_user` WHERE ( 1=1 AND id='10' ) LIMIT 1   [ RunTime:0.0002s ]
SQL: SELECT * FROM `js_user` WHERE ( 1=1 AND id='9' ) LIMIT 1   [ RunTime:0.0001s ]
SQL: SELECT * FROM `js_user` WHERE ( 1=1 AND id='8' ) LIMIT 1   [ RunTime:0.0002s ]
SQL: SELECT * FROM `js_user` WHERE ( 1=1 AND id='7' ) LIMIT 1   [ RunTime:0.0001s ]
SQL: SELECT * FROM `js_user` WHERE ( 1=1 AND id='6' ) LIMIT 1   [ RunTime:0.0001s ]
SQL: SELECT * FROM `js_comment` WHERE `add_id` = 38 AND `is_add_comment` = 1 LIMIT 1   [ RunTime:0.0001s ]
SQL: SELECT * FROM `js_comment` WHERE `add_id` = 37 AND `is_add_comment` = 1 LIMIT 1   [ RunTime:0.0002s ]
SQL: SELECT * FROM `js_comment` WHERE `add_id` = 36 AND `is_add_comment` = 1 LIMIT 1   [ RunTime:0.0002s ]
SQL: SELECT * FROM `js_comment` WHERE `add_id` = 35 AND `is_add_comment` = 1 LIMIT 1   [ RunTime:0.0002s ]
SQL: SELECT * FROM `js_comment` WHERE `add_id` = 34 AND `is_add_comment` = 1 LIMIT 1   [ RunTime:0.0002s ]

[ 2019-06-06T13:55:49+08:00 ] ::1 /api_for_study/Comment/getComments
INFO: [ app_init ] --START--
INFO: Run Behavior\BuildLiteBehavior [ RunTime:0.000006s ]
INFO: [ app_init ] --END-- [ RunTime:0.000169s ]
INFO: [ app_begin ] --START--
INFO: Run Behavior\ReadHtmlCacheBehavior [ RunTime:0.000191s ]
INFO: [ app_begin ] --END-- [ RunTime:0.000207s ]
SQL: SHOW COLUMNS FROM `js_comment` [ RunTime:0.0013s ]
SQL: SELECT COUNT(*) AS tp_count FROM `js_comment` WHERE `status` = 1 AND `is_add_comment` = 0 LIMIT 1   [ RunTime:0.0002s ]
SQL: SELECT COUNT(*) AS tp_count FROM `js_comment` WHERE `status` = 1 AND `is_add_comment` = 0 AND `star_num` = 1 LIMIT 1   [ RunTime:0.0002s ]
SQL: SELECT COUNT(*) AS tp_count FROM `js_comment` WHERE `status` = 1 AND `is_add_comment` = 0 AND ( `star_num` <= 4 AND `star_num` >= 2  ) LIMIT 1   [ RunTime:0.0002s ]
SQL: SELECT COUNT(*) AS tp_count FROM `js_comment` WHERE `status` = 1 AND `is_add_comment` = 0 AND ( `star_num` <= 4 AND `star_num` >= 2  ) LIMIT 1   [ RunTime:0.0001s ]
SQL: SELECT COUNT(*) AS tp_count FROM `js_comment` WHERE `status` = 1 AND `is_add_comment` = 0 AND ( `star_num` <= 4 AND `star_num` >= 2  ) LIMIT 1   [ RunTime:0.0001s ]
SQL: SELECT COUNT(*) AS tp_count FROM `js_comment` WHERE `status` = 1 AND `is_add_comment` = 0 AND `star_num` = 5 LIMIT 1   [ RunTime:0.0001s ]
SQL: SELECT COUNT(*) AS tp_count FROM `js_comment` WHERE `status` = 1 AND `is_add_comment` = 0 LIMIT 1   [ RunTime:0.0001s ]
SQL: SELECT * FROM `js_comment` WHERE `status` = 1 AND `is_add_comment` = 0 ORDER BY id desc LIMIT 15,5   [ RunTime:0.0002s ]
SQL: SHOW COLUMNS FROM `js_user` [ RunTime:0.0012s ]
SQL: SELECT * FROM `js_user` WHERE ( 1=1 AND id='5' ) LIMIT 1   [ RunTime:0.0002s ]
SQL: SELECT * FROM `js_user` WHERE ( 1=1 AND id='4' ) LIMIT 1   [ RunTime:0.0001s ]
SQL: SELECT * FROM `js_user` WHERE ( 1=1 AND id='3' ) LIMIT 1   [ RunTime:0.0001s ]
SQL: SELECT * FROM `js_user` WHERE ( 1=1 AND id='2' ) LIMIT 1   [ RunTime:0.0001s ]
SQL: SELECT * FROM `js_user` WHERE ( 1=1 AND id='1' ) LIMIT 1   [ RunTime:0.0001s ]
SQL: SELECT * FROM `js_comment` WHERE `add_id` = 32 AND `is_add_comment` = 1 LIMIT 1   [ RunTime:0.0001s ]
SQL: SELECT * FROM `js_comment` WHERE `add_id` = 30 AND `is_add_comment` = 1 LIMIT 1   [ RunTime:0.0001s ]
SQL: SELECT * FROM `js_comment` WHERE `add_id` = 28 AND `is_add_comment` = 1 LIMIT 1   [ RunTime:0.0001s ]
SQL: SELECT * FROM `js_comment` WHERE `add_id` = 26 AND `is_add_comment` = 1 LIMIT 1   [ RunTime:0.0001s ]
SQL: SELECT * FROM `js_comment` WHERE `add_id` = 24 AND `is_add_comment` = 1 LIMIT 1   [ RunTime:0.0001s ]

[ 2019-06-06T13:58:54+08:00 ] ::1 /api_for_study/User/verify
INFO: [ app_init ] --START--
INFO: Run Behavior\BuildLiteBehavior [ RunTime:0.000008s ]
INFO: [ app_init ] --END-- [ RunTime:0.000955s ]
INFO: [ app_begin ] --START--
INFO: Run Behavior\ReadHtmlCacheBehavior [ RunTime:0.000739s ]
INFO: [ app_begin ] --END-- [ RunTime:0.000762s ]
INFO: [ app_end ] --START--
INFO: Run Behavior\ShowPageTraceBehavior [ RunTime:0.000808s ]
INFO: [ app_end ] --END-- [ RunTime:0.000844s ]

[ 2019-06-06T13:59:04+08:00 ] ::1 /api_for_study/User/sendTelCode
INFO: [ app_init ] --START--
INFO: Run Behavior\BuildLiteBehavior [ RunTime:0.000007s ]
INFO: [ app_init ] --END-- [ RunTime:0.000283s ]
INFO: [ app_begin ] --START--
INFO: Run Behavior\ReadHtmlCacheBehavior [ RunTime:0.000271s ]
INFO: [ app_begin ] --END-- [ RunTime:0.000290s ]
SQL: SHOW COLUMNS FROM `js_users` [ RunTime:0.0016s ]
SQL: SELECT * FROM `js_users` WHERE `phone_number` = 18483636818 LIMIT 1   [ RunTime:0.0002s ]
NOTIC: [8] Undefined offset: 1 /Applications/XAMPP/xamppfiles/htdocs/api_for_study/Home/Model/UsersModel.class.php 第 164 行.
NOTIC: [8] Use of undefined constant error_code - assumed 'error_code' /Applications/XAMPP/xamppfiles/htdocs/api_for_study/Home/Model/UsersModel.class.php 第 167 行.
NOTIC: [8] Use of undefined constant error_msg - assumed 'error_msg' /Applications/XAMPP/xamppfiles/htdocs/api_for_study/Home/Model/UsersModel.class.php 第 168 行.

[ 2019-06-06T14:00:21+08:00 ] ::1 /api_for_study/List/getCourseListForManage
INFO: [ app_init ] --START--
INFO: Run Behavior\BuildLiteBehavior [ RunTime:0.000007s ]
INFO: [ app_init ] --END-- [ RunTime:0.000896s ]
INFO: [ app_begin ] --START--
INFO: Run Behavior\ReadHtmlCacheBehavior [ RunTime:0.000819s ]
INFO: [ app_begin ] --END-- [ RunTime:0.000847s ]
SQL: SHOW COLUMNS FROM `js_course` [ RunTime:0.0015s ]
SQL: SELECT COUNT(*) AS tp_count FROM `js_course` WHERE `status` = 1 LIMIT 1   [ RunTime:0.0002s ]
SQL: SELECT * FROM `js_course` WHERE `status` = 1 LIMIT 0,6   [ RunTime:0.0001s ]

[ 2019-06-06T14:00:22+08:00 ] ::1 /api_for_study/List/getCourseListForManage
INFO: [ app_init ] --START--
INFO: Run Behavior\BuildLiteBehavior [ RunTime:0.000007s ]
INFO: [ app_init ] --END-- [ RunTime:0.000164s ]
INFO: [ app_begin ] --START--
INFO: Run Behavior\ReadHtmlCacheBehavior [ RunTime:0.000199s ]
INFO: [ app_begin ] --END-- [ RunTime:0.000215s ]
SQL: SHOW COLUMNS FROM `js_course` [ RunTime:0.0012s ]
SQL: SELECT COUNT(*) AS tp_count FROM `js_course` WHERE `status` = 1 LIMIT 1   [ RunTime:0.0002s ]
SQL: SELECT * FROM `js_course` WHERE `status` = 1 LIMIT 6,6   [ RunTime:0.0002s ]

[ 2019-06-06T14:00:23+08:00 ] ::1 /api_for_study/List/getCourseListForManage
INFO: [ app_init ] --START--
INFO: Run Behavior\BuildLiteBehavior [ RunTime:0.000006s ]
INFO: [ app_init ] --END-- [ RunTime:0.000161s ]
INFO: [ app_begin ] --START--
INFO: Run Behavior\ReadHtmlCacheBehavior [ RunTime:0.000197s ]
INFO: [ app_begin ] --END-- [ RunTime:0.000212s ]
SQL: SHOW COLUMNS FROM `js_course` [ RunTime:0.0013s ]
SQL: SELECT COUNT(*) AS tp_count FROM `js_course` WHERE `status` = 1 LIMIT 1   [ RunTime:0.0002s ]
SQL: SELECT * FROM `js_course` WHERE `status` = 1 LIMIT 0,6   [ RunTime:0.0002s ]

[ 2019-06-06T14:00:24+08:00 ] ::1 /api_for_study/List/getCourseListForManage
INFO: [ app_init ] --START--
INFO: Run Behavior\BuildLiteBehavior [ RunTime:0.000007s ]
INFO: [ app_init ] --END-- [ RunTime:0.000162s ]
INFO: [ app_begin ] --START--
INFO: Run Behavior\ReadHtmlCacheBehavior [ RunTime:0.000216s ]
INFO: [ app_begin ] --END-- [ RunTime:0.000233s ]
SQL: SHOW COLUMNS FROM `js_course` [ RunTime:0.0014s ]
SQL: SELECT COUNT(*) AS tp_count FROM `js_course` WHERE `status` = 1 LIMIT 1   [ RunTime:0.0002s ]
SQL: SELECT * FROM `js_course` WHERE `status` = 1 LIMIT 6,6   [ RunTime:0.0002s ]

[ 2019-06-06T14:00:24+08:00 ] ::1 /api_for_study/List/getCourseListForManage
INFO: [ app_init ] --START--
INFO: Run Behavior\BuildLiteBehavior [ RunTime:0.000006s ]
INFO: [ app_init ] --END-- [ RunTime:0.000171s ]
INFO: [ app_begin ] --START--
INFO: Run Behavior\ReadHtmlCacheBehavior [ RunTime:0.000194s ]
INFO: [ app_begin ] --END-- [ RunTime:0.000210s ]
SQL: SHOW COLUMNS FROM `js_course` [ RunTime:0.0014s ]
SQL: SELECT COUNT(*) AS tp_count FROM `js_course` WHERE `status` = 1 LIMIT 1   [ RunTime:0.0002s ]
SQL: SELECT * FROM `js_course` WHERE `status` = 1 LIMIT 0,6   [ RunTime:0.0002s ]

[ 2019-06-06T14:00:27+08:00 ] ::1 /api_for_study/List/updateCourseNameForManage
INFO: [ app_init ] --START--
INFO: Run Behavior\BuildLiteBehavior [ RunTime:0.000006s ]
INFO: [ app_init ] --END-- [ RunTime:0.000158s ]
INFO: [ app_begin ] --START--
INFO: Run Behavior\ReadHtmlCacheBehavior [ RunTime:0.000215s ]
INFO: [ app_begin ] --END-- [ RunTime:0.000234s ]
SQL: SHOW COLUMNS FROM `js_course` [ RunTime:0.0011s ]
SQL: UPDATE `js_course` SET `course`='JS  深度HTML系列课程11111' WHERE `id` = 1 [ RunTime:0.0403s ]

[ 2019-06-06T14:00:32+08:00 ] ::1 /api_for_study/List/updateCourseNameForManage
INFO: [ app_init ] --START--
INFO: Run Behavior\BuildLiteBehavior [ RunTime:0.000007s ]
INFO: [ app_init ] --END-- [ RunTime:0.000170s ]
INFO: [ app_begin ] --START--
INFO: Run Behavior\ReadHtmlCacheBehavior [ RunTime:0.000212s ]
INFO: [ app_begin ] --END-- [ RunTime:0.000229s ]
SQL: SHOW COLUMNS FROM `js_course` [ RunTime:0.0018s ]
SQL: UPDATE `js_course` SET `course`='JS  深度JavaScript进阶系列课程123123' WHERE `id` = 7 [ RunTime:0.0012s ]

[ 2019-06-06T14:00:37+08:00 ] ::1 /api_for_study/List/getCourseListForManage
INFO: [ app_init ] --START--
INFO: Run Behavior\BuildLiteBehavior [ RunTime:0.000007s ]
INFO: [ app_init ] --END-- [ RunTime:0.000256s ]
INFO: [ app_begin ] --START--
INFO: Run Behavior\ReadHtmlCacheBehavior [ RunTime:0.000293s ]
INFO: [ app_begin ] --END-- [ RunTime:0.000316s ]
SQL: SHOW COLUMNS FROM `js_course` [ RunTime:0.0013s ]
SQL: SELECT COUNT(*) AS tp_count FROM `js_course` WHERE `status` = 1 LIMIT 1   [ RunTime:0.0001s ]
SQL: SELECT * FROM `js_course` WHERE `status` = 1 LIMIT 0,6   [ RunTime:0.0001s ]

[ 2019-06-06T14:00:44+08:00 ] ::1 /api_for_study/List/doListItemForManage
INFO: [ app_init ] --START--
INFO: Run Behavior\BuildLiteBehavior [ RunTime:0.000009s ]
INFO: [ app_init ] --END-- [ RunTime:0.000208s ]
INFO: [ app_begin ] --START--
INFO: Run Behavior\ReadHtmlCacheBehavior [ RunTime:0.000302s ]
INFO: [ app_begin ] --END-- [ RunTime:0.000323s ]
SQL: SHOW COLUMNS FROM `js_course` [ RunTime:0.0013s ]
SQL: UPDATE `js_course` SET `status`='0' WHERE `id` = 1 [ RunTime:0.0013s ]
SQL: SELECT COUNT(*) AS tp_count FROM `js_course` WHERE `status` = 1 LIMIT 1   [ RunTime:0.0002s ]
SQL: SELECT * FROM `js_course` WHERE `status` = 1 LIMIT 0,6   [ RunTime:0.0001s ]

[ 2019-06-06T14:00:45+08:00 ] ::1 /api_for_study/List/getCourseListForManage
INFO: [ app_init ] --START--
INFO: Run Behavior\BuildLiteBehavior [ RunTime:0.000007s ]
INFO: [ app_init ] --END-- [ RunTime:0.000179s ]
INFO: [ app_begin ] --START--
INFO: Run Behavior\ReadHtmlCacheBehavior [ RunTime:0.000246s ]
INFO: [ app_begin ] --END-- [ RunTime:0.000266s ]
SQL: SHOW COLUMNS FROM `js_course` [ RunTime:0.0013s ]
SQL: SELECT COUNT(*) AS tp_count FROM `js_course` WHERE `status` = 0 LIMIT 1   [ RunTime:0.0002s ]
SQL: SELECT * FROM `js_course` WHERE `status` = 0 LIMIT 0,6   [ RunTime:0.0002s ]

[ 2019-06-06T14:00:49+08:00 ] ::1 /api_for_study/List/doListItemForManage
INFO: [ app_init ] --START--
INFO: Run Behavior\BuildLiteBehavior [ RunTime:0.000005s ]
INFO: [ app_init ] --END-- [ RunTime:0.000153s ]
INFO: [ app_begin ] --START--
INFO: Run Behavior\ReadHtmlCacheBehavior [ RunTime:0.000211s ]
INFO: [ app_begin ] --END-- [ RunTime:0.000227s ]
SQL: SHOW COLUMNS FROM `js_course` [ RunTime:0.0012s ]
SQL: UPDATE `js_course` SET `status`='1' WHERE `id` = 2 [ RunTime:0.0010s ]
SQL: SELECT COUNT(*) AS tp_count FROM `js_course` WHERE `status` = 0 LIMIT 1   [ RunTime:0.0002s ]
SQL: SELECT * FROM `js_course` WHERE `status` = 0 LIMIT 0,6   [ RunTime:0.0002s ]

[ 2019-06-06T14:00:50+08:00 ] ::1 /api_for_study/List/getCourseListForManage
INFO: [ app_init ] --START--
INFO: Run Behavior\BuildLiteBehavior [ RunTime:0.000005s ]
INFO: [ app_init ] --END-- [ RunTime:0.000151s ]
INFO: [ app_begin ] --START--
INFO: Run Behavior\ReadHtmlCacheBehavior [ RunTime:0.000193s ]
INFO: [ app_begin ] --END-- [ RunTime:0.000208s ]
SQL: SHOW COLUMNS FROM `js_course` [ RunTime:0.0013s ]
SQL: SELECT COUNT(*) AS tp_count FROM `js_course` WHERE `status` = 1 LIMIT 1   [ RunTime:0.0002s ]
SQL: SELECT * FROM `js_course` WHERE `status` = 1 LIMIT 0,6   [ RunTime:0.0002s ]

[ 2019-06-06T14:00:55+08:00 ] ::1 /api_for_study/List/getSearchListForManage
INFO: [ app_init ] --START--
INFO: Run Behavior\BuildLiteBehavior [ RunTime:0.000007s ]
INFO: [ app_init ] --END-- [ RunTime:0.000162s ]
INFO: [ app_begin ] --START--
INFO: Run Behavior\ReadHtmlCacheBehavior [ RunTime:0.000209s ]
INFO: [ app_begin ] --END-- [ RunTime:0.000227s ]
SQL: SHOW COLUMNS FROM `js_course` [ RunTime:0.0012s ]
SQL: SELECT * FROM `js_course` WHERE `course` LIKE '%q%' AND `status` = 1 ORDER BY id  [ RunTime:0.0021s ]
NOTIC: [8] Undefined variable: pages /Applications/XAMPP/xamppfiles/htdocs/api_for_study/Home/Model/CourseModel.class.php 第 30 行.

[ 2019-06-06T14:00:56+08:00 ] ::1 /api_for_study/List/getSearchListForManage
INFO: [ app_init ] --START--
INFO: Run Behavior\BuildLiteBehavior [ RunTime:0.000006s ]
INFO: [ app_init ] --END-- [ RunTime:0.000148s ]
INFO: [ app_begin ] --START--
INFO: Run Behavior\ReadHtmlCacheBehavior [ RunTime:0.000192s ]
INFO: [ app_begin ] --END-- [ RunTime:0.000208s ]
SQL: SHOW COLUMNS FROM `js_course` [ RunTime:0.0012s ]
SQL: SELECT * FROM `js_course` WHERE `course` LIKE '%前端%' AND `status` = 1 ORDER BY id  [ RunTime:0.0002s ]
NOTIC: [8] Undefined variable: pages /Applications/XAMPP/xamppfiles/htdocs/api_for_study/Home/Model/CourseModel.class.php 第 30 行.

[ 2019-06-06T14:00:58+08:00 ] ::1 /api_for_study/List/getSearchListForManage
INFO: [ app_init ] --START--
INFO: Run Behavior\BuildLiteBehavior [ RunTime:0.000007s ]
INFO: [ app_init ] --END-- [ RunTime:0.000160s ]
INFO: [ app_begin ] --START--
INFO: Run Behavior\ReadHtmlCacheBehavior [ RunTime:0.000196s ]
INFO: [ app_begin ] --END-- [ RunTime:0.000212s ]
SQL: SHOW COLUMNS FROM `js_course` [ RunTime:0.0013s ]
SQL: SELECT * FROM `js_course` WHERE `course` LIKE '%W%' AND `status` = 1 ORDER BY id  [ RunTime:0.0002s ]
NOTIC: [8] Undefined variable: pages /Applications/XAMPP/xamppfiles/htdocs/api_for_study/Home/Model/CourseModel.class.php 第 30 行.

[ 2019-06-06T14:01:00+08:00 ] ::1 /api_for_study/List/getSearchListForManage
INFO: [ app_init ] --START--
INFO: Run Behavior\BuildLiteBehavior [ RunTime:0.000007s ]
INFO: [ app_init ] --END-- [ RunTime:0.000201s ]
INFO: [ app_begin ] --START--
INFO: Run Behavior\ReadHtmlCacheBehavior [ RunTime:0.000213s ]
INFO: [ app_begin ] --END-- [ RunTime:0.000232s ]
SQL: SHOW COLUMNS FROM `js_course` [ RunTime:0.0013s ]
SQL: SELECT * FROM `js_course` WHERE `course` LIKE '%WEB%' AND `status` = 1 ORDER BY id  [ RunTime:0.0002s ]
NOTIC: [8] Undefined variable: pages /Applications/XAMPP/xamppfiles/htdocs/api_for_study/Home/Model/CourseModel.class.php 第 30 行.

[ 2019-06-06T14:01:05+08:00 ] ::1 /api_for_study/List/getSearchListForManage
INFO: [ app_init ] --START--
INFO: Run Behavior\BuildLiteBehavior [ RunTime:0.000006s ]
INFO: [ app_init ] --END-- [ RunTime:0.000217s ]
INFO: [ app_begin ] --START--
INFO: Run Behavior\ReadHtmlCacheBehavior [ RunTime:0.000392s ]
INFO: [ app_begin ] --END-- [ RunTime:0.000420s ]
SQL: SHOW COLUMNS FROM `js_course` [ RunTime:0.0014s ]
SQL: SELECT * FROM `js_course` WHERE `course` LIKE '%JS%' AND `status` = 1 ORDER BY id  [ RunTime:0.0003s ]
NOTIC: [8] Undefined variable: pages /Applications/XAMPP/xamppfiles/htdocs/api_for_study/Home/Model/CourseModel.class.php 第 30 行.

[ 2019-06-06T14:01:13+08:00 ] ::1 /api_for_study/List/getCourseListForManage
INFO: [ app_init ] --START--
INFO: Run Behavior\BuildLiteBehavior [ RunTime:0.000017s ]
INFO: [ app_init ] --END-- [ RunTime:0.000232s ]
INFO: [ app_begin ] --START--
INFO: Run Behavior\ReadHtmlCacheBehavior [ RunTime:0.000244s ]
INFO: [ app_begin ] --END-- [ RunTime:0.000265s ]
SQL: SHOW COLUMNS FROM `js_course` [ RunTime:0.0012s ]
SQL: SELECT COUNT(*) AS tp_count FROM `js_course` WHERE `status` = 0 LIMIT 1   [ RunTime:0.0002s ]
SQL: SELECT * FROM `js_course` WHERE `status` = 0 LIMIT 0,6   [ RunTime:0.0001s ]

[ 2019-06-06T14:01:13+08:00 ] ::1 /api_for_study/List/getCourseListForManage
INFO: [ app_init ] --START--
INFO: Run Behavior\BuildLiteBehavior [ RunTime:0.000006s ]
INFO: [ app_init ] --END-- [ RunTime:0.000150s ]
INFO: [ app_begin ] --START--
INFO: Run Behavior\ReadHtmlCacheBehavior [ RunTime:0.000194s ]
INFO: [ app_begin ] --END-- [ RunTime:0.000208s ]
SQL: SHOW COLUMNS FROM `js_course` [ RunTime:0.0013s ]
SQL: SELECT COUNT(*) AS tp_count FROM `js_course` WHERE `status` = 1 LIMIT 1   [ RunTime:0.0002s ]
SQL: SELECT * FROM `js_course` WHERE `status` = 1 LIMIT 0,6   [ RunTime:0.0001s ]

