[ 2019-04-20T14:10:29+08:00 ] ::1 /api_for_study/Comment/getComments
INFO: [ app_init ] --START--
INFO: Run Behavior\BuildLiteBehavior [ RunTime:0.000013s ]
INFO: [ app_init ] --END-- [ RunTime:0.001076s ]
INFO: [ app_begin ] --START--
INFO: Run Behavior\ReadHtmlCacheBehavior [ RunTime:0.000675s ]
INFO: [ app_begin ] --END-- [ RunTime:0.000702s ]
SQL: SHOW COLUMNS FROM `js_comment` [ RunTime:0.0340s ]
SQL: SELECT COUNT(*) AS tp_count FROM `js_comment` WHERE `status` = 1 AND `is_add_comment` = 0 LIMIT 1   [ RunTime:0.0025s ]
SQL: SELECT COUNT(*) AS tp_count FROM `js_comment` WHERE `status` = 1 AND `is_add_comment` = 0 AND `star_num` = 1 LIMIT 1   [ RunTime:0.0002s ]
SQL: SELECT COUNT(*) AS tp_count FROM `js_comment` WHERE `status` = 1 AND `is_add_comment` = 0 AND ( `star_num` <= 4 AND `star_num` >= 2  ) LIMIT 1   [ RunTime:0.0002s ]
SQL: SELECT COUNT(*) AS tp_count FROM `js_comment` WHERE `status` = 1 AND `is_add_comment` = 0 AND ( `star_num` <= 4 AND `star_num` >= 2  ) LIMIT 1   [ RunTime:0.0002s ]
SQL: SELECT COUNT(*) AS tp_count FROM `js_comment` WHERE `status` = 1 AND `is_add_comment` = 0 AND ( `star_num` <= 4 AND `star_num` >= 2  ) LIMIT 1   [ RunTime:0.0002s ]
SQL: SELECT COUNT(*) AS tp_count FROM `js_comment` WHERE `status` = 1 AND `is_add_comment` = 0 AND `star_num` = 5 LIMIT 1   [ RunTime:0.0002s ]
SQL: SELECT COUNT(*) AS tp_count FROM `js_comment` WHERE `status` = 1 AND `is_add_comment` = 0 LIMIT 1   [ RunTime:0.0002s ]
SQL: SELECT * FROM `js_comment` WHERE `status` = 1 AND `is_add_comment` = 0 ORDER BY id desc LIMIT 0,5   [ RunTime:0.0003s ]
SQL: SHOW COLUMNS FROM `js_user` [ RunTime:0.0228s ]
SQL: SELECT * FROM `js_user` WHERE ( 1=1 AND id='20' ) LIMIT 1   [ RunTime:0.0009s ]
SQL: SELECT * FROM `js_user` WHERE ( 1=1 AND id='19' ) LIMIT 1   [ RunTime:0.0002s ]
SQL: SELECT * FROM `js_user` WHERE ( 1=1 AND id='18' ) LIMIT 1   [ RunTime:0.0002s ]
SQL: SELECT * FROM `js_user` WHERE ( 1=1 AND id='17' ) LIMIT 1   [ RunTime:0.0002s ]
SQL: SELECT * FROM `js_user` WHERE ( 1=1 AND id='16' ) LIMIT 1   [ RunTime:0.0002s ]
SQL: SELECT * FROM `js_comment` WHERE `add_id` = 48 AND `is_add_comment` = 1 LIMIT 1   [ RunTime:0.0002s ]
SQL: SELECT * FROM `js_comment` WHERE `add_id` = 47 AND `is_add_comment` = 1 LIMIT 1   [ RunTime:0.0002s ]
SQL: SELECT * FROM `js_comment` WHERE `add_id` = 46 AND `is_add_comment` = 1 LIMIT 1   [ RunTime:0.0002s ]
SQL: SELECT * FROM `js_comment` WHERE `add_id` = 45 AND `is_add_comment` = 1 LIMIT 1   [ RunTime:0.0002s ]
SQL: SELECT * FROM `js_comment` WHERE `add_id` = 44 AND `is_add_comment` = 1 LIMIT 1   [ RunTime:0.0002s ]

[ 2019-04-20T14:10:35+08:00 ] ::1 /api_for_study/Comment/getComments
INFO: [ app_init ] --START--
INFO: Run Behavior\BuildLiteBehavior [ RunTime:0.000009s ]
INFO: [ app_init ] --END-- [ RunTime:0.000256s ]
INFO: [ app_begin ] --START--
INFO: Run Behavior\ReadHtmlCacheBehavior [ RunTime:0.000375s ]
INFO: [ app_begin ] --END-- [ RunTime:0.000403s ]
SQL: SHOW COLUMNS FROM `js_comment` [ RunTime:0.0018s ]
SQL: SELECT COUNT(*) AS tp_count FROM `js_comment` WHERE `status` = 1 AND `is_add_comment` = 0 LIMIT 1   [ RunTime:0.0002s ]
SQL: SELECT COUNT(*) AS tp_count FROM `js_comment` WHERE `status` = 1 AND `is_add_comment` = 0 AND `star_num` = 1 LIMIT 1   [ RunTime:0.0002s ]
SQL: SELECT COUNT(*) AS tp_count FROM `js_comment` WHERE `status` = 1 AND `is_add_comment` = 0 AND ( `star_num` <= 4 AND `star_num` >= 2  ) LIMIT 1   [ RunTime:0.0001s ]
SQL: SELECT COUNT(*) AS tp_count FROM `js_comment` WHERE `status` = 1 AND `is_add_comment` = 0 AND ( `star_num` <= 4 AND `star_num` >= 2  ) LIMIT 1   [ RunTime:0.0001s ]
SQL: SELECT COUNT(*) AS tp_count FROM `js_comment` WHERE `status` = 1 AND `is_add_comment` = 0 AND ( `star_num` <= 4 AND `star_num` >= 2  ) LIMIT 1   [ RunTime:0.0001s ]
SQL: SELECT COUNT(*) AS tp_count FROM `js_comment` WHERE `status` = 1 AND `is_add_comment` = 0 AND `star_num` = 5 LIMIT 1   [ RunTime:0.0001s ]
SQL: SELECT COUNT(*) AS tp_count FROM `js_comment` WHERE `status` = 1 AND `is_add_comment` = 0 LIMIT 1   [ RunTime:0.0001s ]
SQL: SELECT * FROM `js_comment` WHERE `status` = 1 AND `is_add_comment` = 0 ORDER BY id desc LIMIT 0,5   [ RunTime:0.0001s ]
SQL: SHOW COLUMNS FROM `js_user` [ RunTime:0.0016s ]
SQL: SELECT * FROM `js_user` WHERE ( 1=1 AND id='20' ) LIMIT 1   [ RunTime:0.0002s ]
SQL: SELECT * FROM `js_user` WHERE ( 1=1 AND id='19' ) LIMIT 1   [ RunTime:0.0002s ]
SQL: SELECT * FROM `js_user` WHERE ( 1=1 AND id='18' ) LIMIT 1   [ RunTime:0.0001s ]
SQL: SELECT * FROM `js_user` WHERE ( 1=1 AND id='17' ) LIMIT 1   [ RunTime:0.0001s ]
SQL: SELECT * FROM `js_user` WHERE ( 1=1 AND id='16' ) LIMIT 1   [ RunTime:0.0001s ]
SQL: SELECT * FROM `js_comment` WHERE `add_id` = 48 AND `is_add_comment` = 1 LIMIT 1   [ RunTime:0.0001s ]
SQL: SELECT * FROM `js_comment` WHERE `add_id` = 47 AND `is_add_comment` = 1 LIMIT 1   [ RunTime:0.0001s ]
SQL: SELECT * FROM `js_comment` WHERE `add_id` = 46 AND `is_add_comment` = 1 LIMIT 1   [ RunTime:0.0001s ]
SQL: SELECT * FROM `js_comment` WHERE `add_id` = 45 AND `is_add_comment` = 1 LIMIT 1   [ RunTime:0.0001s ]
SQL: SELECT * FROM `js_comment` WHERE `add_id` = 44 AND `is_add_comment` = 1 LIMIT 1   [ RunTime:0.0003s ]

