[ 2019-07-12T15:21:23+08:00 ] ::1 /api_for_study/Shopping_cart/getGoodsList
INFO: [ app_init ] --START--
INFO: Run Behavior\BuildLiteBehavior [ RunTime:0.000013s ]
INFO: [ app_init ] --END-- [ RunTime:0.001348s ]
INFO: [ app_begin ] --START--
INFO: Run Behavior\ReadHtmlCacheBehavior [ RunTime:0.000682s ]
INFO: [ app_begin ] --END-- [ RunTime:0.000710s ]
SQL: SHOW COLUMNS FROM `js_mobile_phone` [ RunTime:0.0308s ]
SQL: SELECT * FROM `js_mobile_phone` WHERE `status` = 1 ORDER BY id desc  [ RunTime:0.0020s ]

[ 2019-07-12T15:21:29+08:00 ] ::1 /api_for_study/Shopping_cart/getGoodsList
INFO: [ app_init ] --START--
INFO: Run Behavior\BuildLiteBehavior [ RunTime:0.000010s ]
INFO: [ app_init ] --END-- [ RunTime:0.000222s ]
INFO: [ app_begin ] --START--
INFO: Run Behavior\ReadHtmlCacheBehavior [ RunTime:0.000259s ]
INFO: [ app_begin ] --END-- [ RunTime:0.000288s ]
SQL: SHOW COLUMNS FROM `js_mobile_phone` [ RunTime:0.0017s ]
SQL: SELECT * FROM `js_mobile_phone` WHERE `status` = 1 ORDER BY id desc  [ RunTime:0.0003s ]

[ 2019-07-12T15:21:38+08:00 ] ::1 /api_for_study/ShoppingCart/getGoodsDetail
INFO: [ app_init ] --START--
INFO: Run Behavior\BuildLiteBehavior [ RunTime:0.000010s ]
INFO: [ app_init ] --END-- [ RunTime:0.000223s ]
INFO: [ app_begin ] --START--
INFO: Run Behavior\ReadHtmlCacheBehavior [ RunTime:0.000604s ]
INFO: [ app_begin ] --END-- [ RunTime:0.000640s ]
SQL: SHOW COLUMNS FROM `js_mobile_phone` [ RunTime:0.0017s ]
SQL: SELECT * FROM `js_mobile_phone` WHERE `id` = 3 LIMIT 1   [ RunTime:0.0011s ]

[ 2019-07-12T15:21:39+08:00 ] ::1 /api_for_study/ShoppingCart/updateShoppingCart
INFO: [ app_init ] --START--
INFO: Run Behavior\BuildLiteBehavior [ RunTime:0.000006s ]
INFO: [ app_init ] --END-- [ RunTime:0.000168s ]
INFO: [ app_begin ] --START--
INFO: Run Behavior\ReadHtmlCacheBehavior [ RunTime:0.000211s ]
INFO: [ app_begin ] --END-- [ RunTime:0.000230s ]
SQL: SHOW COLUMNS FROM `js_mobile_phone` [ RunTime:0.0015s ]
SQL: SELECT * FROM `js_mobile_phone` WHERE `id` = 3 LIMIT 1   [ RunTime:0.0002s ]
NOTIC: [8] Undefined index: error_code /Applications/XAMPP/xamppfiles/htdocs/api_for_study/Home/Controller/ShoppingCartController.class.php 第 26 行.
SQL: SHOW COLUMNS FROM `js_shopping_cart` [ RunTime:0.0163s ]
SQL: SELECT * FROM `js_shopping_cart` WHERE `uid` = 1 AND `goods_id` = 3 LIMIT 1   [ RunTime:0.0005s ]
SQL: INSERT INTO `js_shopping_cart` (`add_time`,`uid`,`goods_id`,`num`,`total_price`) VALUES ('1562916099','1','3','1','2999') [ RunTime:0.0045s ]

[ 2019-07-12T15:21:41+08:00 ] ::1 /api_for_study/Shopping_cart/getCartList
INFO: [ app_init ] --START--
INFO: Run Behavior\BuildLiteBehavior [ RunTime:0.000006s ]
INFO: [ app_init ] --END-- [ RunTime:0.000156s ]
INFO: [ app_begin ] --START--
INFO: Run Behavior\ReadHtmlCacheBehavior [ RunTime:0.000203s ]
INFO: [ app_begin ] --END-- [ RunTime:0.000221s ]
SQL: SHOW COLUMNS FROM `js_shopping_cart` [ RunTime:0.0016s ]
SQL: SELECT * FROM `js_shopping_cart` WHERE `uid` = 1 AND `status` = 1 LIMIT 1   [ RunTime:0.0003s ]
SQL: SELECT * FROM `js_shopping_cart` WHERE `uid` = 1 AND `status` = 1 ORDER BY id desc  [ RunTime:0.0001s ]
SQL: SHOW COLUMNS FROM `js_mobile_phone` [ RunTime:0.0012s ]
SQL: SELECT * FROM `js_mobile_phone` WHERE ( 1=1 AND id='3' ) LIMIT 1   [ RunTime:0.0009s ]
NOTIC: [8] Undefined variable: total_price /Applications/XAMPP/xamppfiles/htdocs/api_for_study/Home/Model/ShoppingCartModel.class.php 第 73 行.

[ 2019-07-12T15:21:52+08:00 ] ::1 /api_for_study/ShoppingCart/getGoodsDetail
INFO: [ app_init ] --START--
INFO: Run Behavior\BuildLiteBehavior [ RunTime:0.000011s ]
INFO: [ app_init ] --END-- [ RunTime:0.000270s ]
INFO: [ app_begin ] --START--
INFO: Run Behavior\ReadHtmlCacheBehavior [ RunTime:0.000265s ]
INFO: [ app_begin ] --END-- [ RunTime:0.000287s ]
SQL: SHOW COLUMNS FROM `js_mobile_phone` [ RunTime:0.0013s ]
SQL: SELECT * FROM `js_mobile_phone` WHERE `id` = 3 LIMIT 1   [ RunTime:0.0002s ]

[ 2019-07-12T15:21:55+08:00 ] ::1 /api_for_study/Shopping_cart/getGoodsList
INFO: [ app_init ] --START--
INFO: Run Behavior\BuildLiteBehavior [ RunTime:0.000006s ]
INFO: [ app_init ] --END-- [ RunTime:0.000195s ]
INFO: [ app_begin ] --START--
INFO: Run Behavior\ReadHtmlCacheBehavior [ RunTime:0.000203s ]
INFO: [ app_begin ] --END-- [ RunTime:0.000218s ]
SQL: SHOW COLUMNS FROM `js_mobile_phone` [ RunTime:0.0012s ]
SQL: SELECT * FROM `js_mobile_phone` WHERE `status` = 1 ORDER BY id desc  [ RunTime:0.0002s ]

[ 2019-07-12T15:21:56+08:00 ] ::1 /api_for_study/ShoppingCart/getGoodsDetail
INFO: [ app_init ] --START--
INFO: Run Behavior\BuildLiteBehavior [ RunTime:0.000007s ]
INFO: [ app_init ] --END-- [ RunTime:0.000159s ]
INFO: [ app_begin ] --START--
INFO: Run Behavior\ReadHtmlCacheBehavior [ RunTime:0.000292s ]
INFO: [ app_begin ] --END-- [ RunTime:0.000314s ]
SQL: SHOW COLUMNS FROM `js_mobile_phone` [ RunTime:0.0012s ]
SQL: SELECT * FROM `js_mobile_phone` WHERE `id` = 9 LIMIT 1   [ RunTime:0.0002s ]

[ 2019-07-12T15:22:02+08:00 ] ::1 /api_for_study/Shopping_cart/getGoodsList
INFO: [ app_init ] --START--
INFO: Run Behavior\BuildLiteBehavior [ RunTime:0.000011s ]
INFO: [ app_init ] --END-- [ RunTime:0.000235s ]
INFO: [ app_begin ] --START--
INFO: Run Behavior\ReadHtmlCacheBehavior [ RunTime:0.000267s ]
INFO: [ app_begin ] --END-- [ RunTime:0.000292s ]
SQL: SHOW COLUMNS FROM `js_mobile_phone` [ RunTime:0.0013s ]
SQL: SELECT * FROM `js_mobile_phone` WHERE `status` = 1 ORDER BY id desc  [ RunTime:0.0002s ]

[ 2019-07-12T15:22:03+08:00 ] ::1 /api_for_study/Shopping_cart/getGoodsList
INFO: [ app_init ] --START--
INFO: Run Behavior\BuildLiteBehavior [ RunTime:0.000006s ]
INFO: [ app_init ] --END-- [ RunTime:0.000166s ]
INFO: [ app_begin ] --START--
INFO: Run Behavior\ReadHtmlCacheBehavior [ RunTime:0.000211s ]
INFO: [ app_begin ] --END-- [ RunTime:0.000229s ]
SQL: SHOW COLUMNS FROM `js_mobile_phone` [ RunTime:0.0013s ]
SQL: SELECT * FROM `js_mobile_phone` WHERE `status` = 1 ORDER BY id desc  [ RunTime:0.0002s ]

[ 2019-07-12T15:22:06+08:00 ] ::1 /api_for_study/ShoppingCart/getGoodsDetail
INFO: [ app_init ] --START--
INFO: Run Behavior\BuildLiteBehavior [ RunTime:0.000006s ]
INFO: [ app_init ] --END-- [ RunTime:0.000157s ]
INFO: [ app_begin ] --START--
INFO: Run Behavior\ReadHtmlCacheBehavior [ RunTime:0.000207s ]
INFO: [ app_begin ] --END-- [ RunTime:0.000224s ]
SQL: SHOW COLUMNS FROM `js_mobile_phone` [ RunTime:0.0016s ]
SQL: SELECT * FROM `js_mobile_phone` WHERE `id` = 7 LIMIT 1   [ RunTime:0.0002s ]

[ 2019-07-12T15:22:08+08:00 ] ::1 /api_for_study/ShoppingCart/updateShoppingCart
INFO: [ app_init ] --START--
INFO: Run Behavior\BuildLiteBehavior [ RunTime:0.000007s ]
INFO: [ app_init ] --END-- [ RunTime:0.000171s ]
INFO: [ app_begin ] --START--
INFO: Run Behavior\ReadHtmlCacheBehavior [ RunTime:0.000214s ]
INFO: [ app_begin ] --END-- [ RunTime:0.000233s ]
SQL: SHOW COLUMNS FROM `js_mobile_phone` [ RunTime:0.0013s ]
SQL: SELECT * FROM `js_mobile_phone` WHERE `id` = 7 LIMIT 1   [ RunTime:0.0002s ]
NOTIC: [8] Undefined index: error_code /Applications/XAMPP/xamppfiles/htdocs/api_for_study/Home/Controller/ShoppingCartController.class.php 第 26 行.
SQL: SHOW COLUMNS FROM `js_shopping_cart` [ RunTime:0.0012s ]
SQL: SELECT * FROM `js_shopping_cart` WHERE `uid` = 1 AND `goods_id` = 7 LIMIT 1   [ RunTime:0.0002s ]
SQL: INSERT INTO `js_shopping_cart` (`add_time`,`uid`,`goods_id`,`num`,`total_price`) VALUES ('1562916128','1','7','1','2699') [ RunTime:0.0010s ]

[ 2019-07-12T15:22:08+08:00 ] ::1 /api_for_study/ShoppingCart/updateShoppingCart
INFO: [ app_init ] --START--
INFO: Run Behavior\BuildLiteBehavior [ RunTime:0.000006s ]
INFO: [ app_init ] --END-- [ RunTime:0.000174s ]
INFO: [ app_begin ] --START--
INFO: Run Behavior\ReadHtmlCacheBehavior [ RunTime:0.000216s ]
INFO: [ app_begin ] --END-- [ RunTime:0.000235s ]
SQL: SHOW COLUMNS FROM `js_mobile_phone` [ RunTime:0.0012s ]
SQL: SELECT * FROM `js_mobile_phone` WHERE `id` = 7 LIMIT 1   [ RunTime:0.0002s ]
NOTIC: [8] Undefined index: error_code /Applications/XAMPP/xamppfiles/htdocs/api_for_study/Home/Controller/ShoppingCartController.class.php 第 26 行.
SQL: SHOW COLUMNS FROM `js_shopping_cart` [ RunTime:0.0011s ]
SQL: SELECT * FROM `js_shopping_cart` WHERE `uid` = 1 AND `goods_id` = 7 LIMIT 1   [ RunTime:0.0002s ]
SQL: UPDATE `js_shopping_cart` SET `add_time`='1562916128',`num`='2',`total_price`='5398' WHERE `uid` = 1 AND `goods_id` = 7 [ RunTime:0.0024s ]

[ 2019-07-12T15:22:11+08:00 ] ::1 /api_for_study/Shopping_cart/getGoodsList
INFO: [ app_init ] --START--
INFO: Run Behavior\BuildLiteBehavior [ RunTime:0.000007s ]
INFO: [ app_init ] --END-- [ RunTime:0.000164s ]
INFO: [ app_begin ] --START--
INFO: Run Behavior\ReadHtmlCacheBehavior [ RunTime:0.000207s ]
INFO: [ app_begin ] --END-- [ RunTime:0.000224s ]
SQL: SHOW COLUMNS FROM `js_mobile_phone` [ RunTime:0.0012s ]
SQL: SELECT * FROM `js_mobile_phone` WHERE `status` = 1 ORDER BY id desc  [ RunTime:0.0002s ]

[ 2019-07-12T15:22:12+08:00 ] ::1 /api_for_study/ShoppingCart/getGoodsDetail
INFO: [ app_init ] --START--
INFO: Run Behavior\BuildLiteBehavior [ RunTime:0.000008s ]
INFO: [ app_init ] --END-- [ RunTime:0.000225s ]
INFO: [ app_begin ] --START--
INFO: Run Behavior\ReadHtmlCacheBehavior [ RunTime:0.000279s ]
INFO: [ app_begin ] --END-- [ RunTime:0.000303s ]
SQL: SHOW COLUMNS FROM `js_mobile_phone` [ RunTime:0.0015s ]
SQL: SELECT * FROM `js_mobile_phone` WHERE `id` = 8 LIMIT 1   [ RunTime:0.0002s ]

[ 2019-07-12T15:22:13+08:00 ] ::1 /api_for_study/ShoppingCart/updateShoppingCart
INFO: [ app_init ] --START--
INFO: Run Behavior\BuildLiteBehavior [ RunTime:0.000007s ]
INFO: [ app_init ] --END-- [ RunTime:0.000171s ]
INFO: [ app_begin ] --START--
INFO: Run Behavior\ReadHtmlCacheBehavior [ RunTime:0.000217s ]
INFO: [ app_begin ] --END-- [ RunTime:0.000235s ]
SQL: SHOW COLUMNS FROM `js_mobile_phone` [ RunTime:0.0012s ]
SQL: SELECT * FROM `js_mobile_phone` WHERE `id` = 8 LIMIT 1   [ RunTime:0.0002s ]
NOTIC: [8] Undefined index: error_code /Applications/XAMPP/xamppfiles/htdocs/api_for_study/Home/Controller/ShoppingCartController.class.php 第 26 行.
SQL: SHOW COLUMNS FROM `js_shopping_cart` [ RunTime:0.0011s ]
SQL: SELECT * FROM `js_shopping_cart` WHERE `uid` = 1 AND `goods_id` = 8 LIMIT 1   [ RunTime:0.0002s ]
SQL: INSERT INTO `js_shopping_cart` (`add_time`,`uid`,`goods_id`,`num`,`total_price`) VALUES ('1562916133','1','8','1','2299') [ RunTime:0.0006s ]

[ 2019-07-12T15:22:15+08:00 ] ::1 /api_for_study/Shopping_cart/getCartList
INFO: [ app_init ] --START--
INFO: Run Behavior\BuildLiteBehavior [ RunTime:0.000007s ]
INFO: [ app_init ] --END-- [ RunTime:0.000219s ]
INFO: [ app_begin ] --START--
INFO: Run Behavior\ReadHtmlCacheBehavior [ RunTime:0.000222s ]
INFO: [ app_begin ] --END-- [ RunTime:0.000239s ]
SQL: SHOW COLUMNS FROM `js_shopping_cart` [ RunTime:0.0012s ]
SQL: SELECT * FROM `js_shopping_cart` WHERE `uid` = 1 AND `status` = 1 LIMIT 1   [ RunTime:0.0002s ]
SQL: SELECT * FROM `js_shopping_cart` WHERE `uid` = 1 AND `status` = 1 ORDER BY id desc  [ RunTime:0.0001s ]
SQL: SHOW COLUMNS FROM `js_mobile_phone` [ RunTime:0.0012s ]
SQL: SELECT * FROM `js_mobile_phone` WHERE ( 1=1 AND id='8' ) LIMIT 1   [ RunTime:0.0002s ]
SQL: SELECT * FROM `js_mobile_phone` WHERE ( 1=1 AND id='7' ) LIMIT 1   [ RunTime:0.0001s ]
SQL: SELECT * FROM `js_mobile_phone` WHERE ( 1=1 AND id='3' ) LIMIT 1   [ RunTime:0.0001s ]
NOTIC: [8] Undefined variable: total_price /Applications/XAMPP/xamppfiles/htdocs/api_for_study/Home/Model/ShoppingCartModel.class.php 第 73 行.

[ 2019-07-12T15:22:39+08:00 ] ::1 /api_for_study/Shopping_cart/updateCartNum
INFO: [ app_init ] --START--
INFO: Run Behavior\BuildLiteBehavior [ RunTime:0.000013s ]
INFO: [ app_init ] --END-- [ RunTime:0.000858s ]
INFO: [ app_begin ] --START--
INFO: Run Behavior\ReadHtmlCacheBehavior [ RunTime:0.000781s ]
INFO: [ app_begin ] --END-- [ RunTime:0.000828s ]
SQL: SHOW COLUMNS FROM `js_shopping_cart` [ RunTime:0.0013s ]
SQL: SELECT * FROM `js_shopping_cart` WHERE `id` = 31 LIMIT 1   [ RunTime:0.0002s ]
SQL: SHOW COLUMNS FROM `js_mobile_phone` [ RunTime:0.0011s ]
SQL: SELECT * FROM `js_mobile_phone` WHERE ( 1=1 AND id='3' ) LIMIT 1   [ RunTime:0.0002s ]
SQL: UPDATE `js_shopping_cart` SET `num`='2',`total_price`='5998' WHERE `id` = 31 [ RunTime:0.0023s ]
SQL: SELECT * FROM `js_shopping_cart` WHERE `status` = 1  [ RunTime:0.0002s ]
NOTIC: [8] Undefined variable: total_price /Applications/XAMPP/xamppfiles/htdocs/api_for_study/Home/Model/ShoppingCartModel.class.php 第 101 行.

[ 2019-07-12T15:22:40+08:00 ] ::1 /api_for_study/Shopping_cart/updateCartNum
INFO: [ app_init ] --START--
INFO: Run Behavior\BuildLiteBehavior [ RunTime:0.000006s ]
INFO: [ app_init ] --END-- [ RunTime:0.000167s ]
INFO: [ app_begin ] --START--
INFO: Run Behavior\ReadHtmlCacheBehavior [ RunTime:0.000215s ]
INFO: [ app_begin ] --END-- [ RunTime:0.000233s ]
SQL: SHOW COLUMNS FROM `js_shopping_cart` [ RunTime:0.0013s ]
SQL: SELECT * FROM `js_shopping_cart` WHERE `id` = 31 LIMIT 1   [ RunTime:0.0002s ]
SQL: SHOW COLUMNS FROM `js_mobile_phone` [ RunTime:0.0011s ]
SQL: SELECT * FROM `js_mobile_phone` WHERE ( 1=1 AND id='3' ) LIMIT 1   [ RunTime:0.0002s ]
SQL: UPDATE `js_shopping_cart` SET `num`='3',`total_price`='8997' WHERE `id` = 31 [ RunTime:0.0009s ]
SQL: SELECT * FROM `js_shopping_cart` WHERE `status` = 1  [ RunTime:0.0002s ]
NOTIC: [8] Undefined variable: total_price /Applications/XAMPP/xamppfiles/htdocs/api_for_study/Home/Model/ShoppingCartModel.class.php 第 101 行.

