[ 2019-04-28T16:49:33+08:00 ] ::1 /api_for_study/ShoppingCart/getGoodsList
INFO: [ app_init ] --START--
INFO: Run Behavior\BuildLiteBehavior [ RunTime:0.000011s ]
INFO: [ app_init ] --END-- [ RunTime:0.001918s ]
INFO: [ app_begin ] --START--
INFO: Run Behavior\ReadHtmlCacheBehavior [ RunTime:0.001040s ]
INFO: [ app_begin ] --END-- [ RunTime:0.001078s ]
SQL: SHOW COLUMNS FROM `js_mobile_phone` [ RunTime:0.0545s ]
SQL: SELECT * FROM `js_mobile_phone` WHERE `status` = 1 ORDER BY id desc  [ RunTime:0.0021s ]

[ 2019-04-28T16:51:40+08:00 ] ::1 /api_for_study/ShoppingCart/getGoodsDetail
INFO: [ app_init ] --START--
INFO: Run Behavior\BuildLiteBehavior [ RunTime:0.000009s ]
INFO: [ app_init ] --END-- [ RunTime:0.000240s ]
INFO: [ app_begin ] --START--
INFO: Run Behavior\ReadHtmlCacheBehavior [ RunTime:0.000236s ]
INFO: [ app_begin ] --END-- [ RunTime:0.000253s ]
SQL: SHOW COLUMNS FROM `js_mobile_phone` [ RunTime:0.0017s ]
SQL: SELECT * FROM `js_mobile_phone` WHERE `id` = 12 LIMIT 1   [ RunTime:0.0003s ]

[ 2019-04-28T16:54:34+08:00 ] ::1 /api_for_study/ShoppingCart/getGoodsDetail
INFO: [ app_init ] --START--
INFO: Run Behavior\BuildLiteBehavior [ RunTime:0.000009s ]
INFO: [ app_init ] --END-- [ RunTime:0.000269s ]
INFO: [ app_begin ] --START--
INFO: Run Behavior\ReadHtmlCacheBehavior [ RunTime:0.000278s ]
INFO: [ app_begin ] --END-- [ RunTime:0.000299s ]
SQL: SHOW COLUMNS FROM `js_mobile_phone` [ RunTime:0.0018s ]
SQL: SELECT * FROM `js_mobile_phone` WHERE `id` = 12 LIMIT 1   [ RunTime:0.0002s ]

[ 2019-04-28T16:57:15+08:00 ] ::1 /api_for_study/ShoppingCart/getGoodsList
INFO: [ app_init ] --START--
INFO: Run Behavior\BuildLiteBehavior [ RunTime:0.000009s ]
INFO: [ app_init ] --END-- [ RunTime:0.000263s ]
INFO: [ app_begin ] --START--
INFO: Run Behavior\ReadHtmlCacheBehavior [ RunTime:0.000256s ]
INFO: [ app_begin ] --END-- [ RunTime:0.000277s ]
SQL: SHOW COLUMNS FROM `js_mobile_phone` [ RunTime:0.0015s ]
SQL: SELECT * FROM `js_mobile_phone` WHERE `status` = 1 ORDER BY id desc  [ RunTime:0.0003s ]

[ 2019-04-28T17:18:45+08:00 ] ::1 /api_for_study/index.php/ShoppingCart/getGoodsList
INFO: [ app_init ] --START--
INFO: Run Behavior\BuildLiteBehavior [ RunTime:0.000010s ]
INFO: [ app_init ] --END-- [ RunTime:0.000760s ]
INFO: [ app_begin ] --START--
INFO: Run Behavior\ReadHtmlCacheBehavior [ RunTime:0.000603s ]
INFO: [ app_begin ] --END-- [ RunTime:0.000637s ]
SQL: SHOW COLUMNS FROM `js_mobile_phone` [ RunTime:0.0017s ]
SQL: SELECT * FROM `js_mobile_phone` WHERE `status` = 1 ORDER BY id desc  [ RunTime:0.0003s ]

[ 2019-04-28T17:19:28+08:00 ] ::1 /api_for_study/index.php/ShoppingCart/getGoodsList
INFO: [ app_init ] --START--
INFO: Run Behavior\BuildLiteBehavior [ RunTime:0.000012s ]
INFO: [ app_init ] --END-- [ RunTime:0.000304s ]
INFO: [ app_begin ] --START--
INFO: Run Behavior\ReadHtmlCacheBehavior [ RunTime:0.000285s ]
INFO: [ app_begin ] --END-- [ RunTime:0.000330s ]
SQL: SHOW COLUMNS FROM `js_mobile_phone` [ RunTime:0.0014s ]
SQL: SELECT * FROM `js_mobile_phone` WHERE `status` = 1 ORDER BY id desc  [ RunTime:0.0003s ]

[ 2019-04-28T17:21:47+08:00 ] ::1 /api_for_study/index.php/ShoppingCart/getGoodsList
INFO: [ app_init ] --START--
INFO: Run Behavior\BuildLiteBehavior [ RunTime:0.000010s ]
INFO: [ app_init ] --END-- [ RunTime:0.000353s ]
INFO: [ app_begin ] --START--
INFO: Run Behavior\ReadHtmlCacheBehavior [ RunTime:0.000271s ]
INFO: [ app_begin ] --END-- [ RunTime:0.000293s ]
SQL: SHOW COLUMNS FROM `js_mobile_phone` [ RunTime:0.0016s ]
SQL: SELECT * FROM `js_mobile_phone` WHERE `status` = 1 ORDER BY id desc  [ RunTime:0.0003s ]

[ 2019-04-28T17:21:48+08:00 ] ::1 /api_for_study/index.php/ShoppingCart/getGoodsList
INFO: [ app_init ] --START--
INFO: Run Behavior\BuildLiteBehavior [ RunTime:0.000006s ]
INFO: [ app_init ] --END-- [ RunTime:0.000184s ]
INFO: [ app_begin ] --START--
INFO: Run Behavior\ReadHtmlCacheBehavior [ RunTime:0.000341s ]
INFO: [ app_begin ] --END-- [ RunTime:0.000363s ]
SQL: SHOW COLUMNS FROM `js_mobile_phone` [ RunTime:0.0013s ]
SQL: SELECT * FROM `js_mobile_phone` WHERE `status` = 1 ORDER BY id desc  [ RunTime:0.0002s ]

[ 2019-04-28T17:21:48+08:00 ] ::1 /api_for_study/index.php/ShoppingCart/getGoodsList
INFO: [ app_init ] --START--
INFO: Run Behavior\BuildLiteBehavior [ RunTime:0.000007s ]
INFO: [ app_init ] --END-- [ RunTime:0.000185s ]
INFO: [ app_begin ] --START--
INFO: Run Behavior\ReadHtmlCacheBehavior [ RunTime:0.000346s ]
INFO: [ app_begin ] --END-- [ RunTime:0.000369s ]
SQL: SHOW COLUMNS FROM `js_mobile_phone` [ RunTime:0.0017s ]
SQL: SELECT * FROM `js_mobile_phone` WHERE `status` = 1 ORDER BY id desc  [ RunTime:0.0003s ]

[ 2019-04-28T17:21:48+08:00 ] ::1 /api_for_study/index.php/ShoppingCart/getGoodsList
INFO: [ app_init ] --START--
INFO: Run Behavior\BuildLiteBehavior [ RunTime:0.000007s ]
INFO: [ app_init ] --END-- [ RunTime:0.000186s ]
INFO: [ app_begin ] --START--
INFO: Run Behavior\ReadHtmlCacheBehavior [ RunTime:0.000229s ]
INFO: [ app_begin ] --END-- [ RunTime:0.000247s ]
SQL: SHOW COLUMNS FROM `js_mobile_phone` [ RunTime:0.0015s ]
SQL: SELECT * FROM `js_mobile_phone` WHERE `status` = 1 ORDER BY id desc  [ RunTime:0.0003s ]

[ 2019-04-28T17:21:48+08:00 ] ::1 /api_for_study/index.php/ShoppingCart/getGoodsList
INFO: [ app_init ] --START--
INFO: Run Behavior\BuildLiteBehavior [ RunTime:0.000020s ]
INFO: [ app_init ] --END-- [ RunTime:0.000200s ]
INFO: [ app_begin ] --START--
INFO: Run Behavior\ReadHtmlCacheBehavior [ RunTime:0.000262s ]
INFO: [ app_begin ] --END-- [ RunTime:0.000317s ]
SQL: SHOW COLUMNS FROM `js_mobile_phone` [ RunTime:0.0015s ]
SQL: SELECT * FROM `js_mobile_phone` WHERE `status` = 1 ORDER BY id desc  [ RunTime:0.0003s ]

[ 2019-04-28T17:21:48+08:00 ] ::1 /api_for_study/index.php/ShoppingCart/getGoodsList
INFO: [ app_init ] --START--
INFO: Run Behavior\BuildLiteBehavior [ RunTime:0.000006s ]
INFO: [ app_init ] --END-- [ RunTime:0.000175s ]
INFO: [ app_begin ] --START--
INFO: Run Behavior\ReadHtmlCacheBehavior [ RunTime:0.000220s ]
INFO: [ app_begin ] --END-- [ RunTime:0.000237s ]
SQL: SHOW COLUMNS FROM `js_mobile_phone` [ RunTime:0.0015s ]
SQL: SELECT * FROM `js_mobile_phone` WHERE `status` = 1 ORDER BY id desc  [ RunTime:0.0003s ]

[ 2019-04-28T17:21:55+08:00 ] ::1 /api_for_study/index.php/ShoppingCart/getGoodsList
INFO: [ app_init ] --START--
INFO: Run Behavior\BuildLiteBehavior [ RunTime:0.000009s ]
INFO: [ app_init ] --END-- [ RunTime:0.000287s ]
INFO: [ app_begin ] --START--
INFO: Run Behavior\ReadHtmlCacheBehavior [ RunTime:0.000268s ]
INFO: [ app_begin ] --END-- [ RunTime:0.000290s ]
SQL: SHOW COLUMNS FROM `js_mobile_phone` [ RunTime:0.0015s ]
SQL: SELECT * FROM `js_mobile_phone` WHERE `status` = 1 ORDER BY id desc  [ RunTime:0.0002s ]

[ 2019-04-28T17:22:28+08:00 ] ::1 /api_for_study/index.php/ShoppingCart/getGoodsList
INFO: [ app_init ] --START--
INFO: Run Behavior\BuildLiteBehavior [ RunTime:0.000007s ]
INFO: [ app_init ] --END-- [ RunTime:0.000238s ]
INFO: [ app_begin ] --START--
INFO: Run Behavior\ReadHtmlCacheBehavior [ RunTime:0.000232s ]
INFO: [ app_begin ] --END-- [ RunTime:0.000249s ]
SQL: SHOW COLUMNS FROM `js_mobile_phone` [ RunTime:0.0015s ]
SQL: SELECT * FROM `js_mobile_phone` WHERE `status` = 1 ORDER BY id desc  [ RunTime:0.0003s ]

[ 2019-04-28T17:23:14+08:00 ] ::1 /api_for_study/index.php/ShoppingCart/getGoodsList
INFO: [ app_init ] --START--
INFO: Run Behavior\BuildLiteBehavior [ RunTime:0.000009s ]
INFO: [ app_init ] --END-- [ RunTime:0.000255s ]
INFO: [ app_begin ] --START--
INFO: Run Behavior\ReadHtmlCacheBehavior [ RunTime:0.000280s ]
INFO: [ app_begin ] --END-- [ RunTime:0.000310s ]
SQL: SHOW COLUMNS FROM `js_mobile_phone` [ RunTime:0.0015s ]
SQL: SELECT * FROM `js_mobile_phone` WHERE `status` = 1 ORDER BY id desc  [ RunTime:0.0003s ]

[ 2019-04-28T17:24:15+08:00 ] ::1 /api_for_study/index.php/ShoppingCart/getGoodsList
INFO: [ app_init ] --START--
INFO: Run Behavior\BuildLiteBehavior [ RunTime:0.000008s ]
INFO: [ app_init ] --END-- [ RunTime:0.000245s ]
INFO: [ app_begin ] --START--
INFO: Run Behavior\ReadHtmlCacheBehavior [ RunTime:0.000296s ]
INFO: [ app_begin ] --END-- [ RunTime:0.000319s ]
SQL: SHOW COLUMNS FROM `js_mobile_phone` [ RunTime:0.0017s ]
SQL: SELECT * FROM `js_mobile_phone` WHERE `status` = 1 ORDER BY id desc  [ RunTime:0.0011s ]

[ 2019-04-28T17:24:16+08:00 ] ::1 /api_for_study/index.php/ShoppingCart/getGoodsList
INFO: [ app_init ] --START--
INFO: Run Behavior\BuildLiteBehavior [ RunTime:0.000007s ]
INFO: [ app_init ] --END-- [ RunTime:0.000185s ]
INFO: [ app_begin ] --START--
INFO: Run Behavior\ReadHtmlCacheBehavior [ RunTime:0.000230s ]
INFO: [ app_begin ] --END-- [ RunTime:0.000249s ]
SQL: SHOW COLUMNS FROM `js_mobile_phone` [ RunTime:0.0018s ]
SQL: SELECT * FROM `js_mobile_phone` WHERE `status` = 1 ORDER BY id desc  [ RunTime:0.0005s ]

[ 2019-04-28T17:24:16+08:00 ] ::1 /api_for_study/index.php/ShoppingCart/getGoodsList
INFO: [ app_init ] --START--
INFO: Run Behavior\BuildLiteBehavior [ RunTime:0.000007s ]
INFO: [ app_init ] --END-- [ RunTime:0.000205s ]
INFO: [ app_begin ] --START--
INFO: Run Behavior\ReadHtmlCacheBehavior [ RunTime:0.000240s ]
INFO: [ app_begin ] --END-- [ RunTime:0.000259s ]
SQL: SHOW COLUMNS FROM `js_mobile_phone` [ RunTime:0.0014s ]
SQL: SELECT * FROM `js_mobile_phone` WHERE `status` = 1 ORDER BY id desc  [ RunTime:0.0003s ]

[ 2019-04-28T17:24:16+08:00 ] ::1 /api_for_study/index.php/ShoppingCart/getGoodsList
INFO: [ app_init ] --START--
INFO: Run Behavior\BuildLiteBehavior [ RunTime:0.000007s ]
INFO: [ app_init ] --END-- [ RunTime:0.000203s ]
INFO: [ app_begin ] --START--
INFO: Run Behavior\ReadHtmlCacheBehavior [ RunTime:0.000283s ]
INFO: [ app_begin ] --END-- [ RunTime:0.000306s ]
SQL: SHOW COLUMNS FROM `js_mobile_phone` [ RunTime:0.0014s ]
SQL: SELECT * FROM `js_mobile_phone` WHERE `status` = 1 ORDER BY id desc  [ RunTime:0.0004s ]

[ 2019-04-28T17:24:38+08:00 ] ::1 /api_for_study/index.php/ShoppingCart/getGoodsList
INFO: [ app_init ] --START--
INFO: Run Behavior\BuildLiteBehavior [ RunTime:0.000006s ]
INFO: [ app_init ] --END-- [ RunTime:0.000197s ]
INFO: [ app_begin ] --START--
INFO: Run Behavior\ReadHtmlCacheBehavior [ RunTime:0.000280s ]
INFO: [ app_begin ] --END-- [ RunTime:0.000317s ]
SQL: SHOW COLUMNS FROM `js_mobile_phone` [ RunTime:0.0014s ]
SQL: SELECT * FROM `js_mobile_phone` WHERE `status` = 1 ORDER BY id desc  [ RunTime:0.0003s ]

[ 2019-04-28T17:24:39+08:00 ] ::1 /api_for_study/index.php/ShoppingCart/getGoodsList
INFO: [ app_init ] --START--
INFO: Run Behavior\BuildLiteBehavior [ RunTime:0.000007s ]
INFO: [ app_init ] --END-- [ RunTime:0.000186s ]
INFO: [ app_begin ] --START--
INFO: Run Behavior\ReadHtmlCacheBehavior [ RunTime:0.000392s ]
INFO: [ app_begin ] --END-- [ RunTime:0.000417s ]
SQL: SHOW COLUMNS FROM `js_mobile_phone` [ RunTime:0.0015s ]
SQL: SELECT * FROM `js_mobile_phone` WHERE `status` = 1 ORDER BY id desc  [ RunTime:0.0002s ]

[ 2019-04-28T17:24:39+08:00 ] ::1 /api_for_study/index.php/ShoppingCart/getGoodsList
INFO: [ app_init ] --START--
INFO: Run Behavior\BuildLiteBehavior [ RunTime:0.000006s ]
INFO: [ app_init ] --END-- [ RunTime:0.000189s ]
INFO: [ app_begin ] --START--
INFO: Run Behavior\ReadHtmlCacheBehavior [ RunTime:0.000231s ]
INFO: [ app_begin ] --END-- [ RunTime:0.000250s ]
SQL: SHOW COLUMNS FROM `js_mobile_phone` [ RunTime:0.0014s ]
SQL: SELECT * FROM `js_mobile_phone` WHERE `status` = 1 ORDER BY id desc  [ RunTime:0.0003s ]

[ 2019-04-28T17:24:39+08:00 ] ::1 /api_for_study/index.php/ShoppingCart/getGoodsList
INFO: [ app_init ] --START--
INFO: Run Behavior\BuildLiteBehavior [ RunTime:0.000006s ]
INFO: [ app_init ] --END-- [ RunTime:0.000181s ]
INFO: [ app_begin ] --START--
INFO: Run Behavior\ReadHtmlCacheBehavior [ RunTime:0.000234s ]
INFO: [ app_begin ] --END-- [ RunTime:0.000253s ]
SQL: SHOW COLUMNS FROM `js_mobile_phone` [ RunTime:0.0014s ]
SQL: SELECT * FROM `js_mobile_phone` WHERE `status` = 1 ORDER BY id desc  [ RunTime:0.0004s ]

[ 2019-04-28T17:24:39+08:00 ] ::1 /api_for_study/index.php/ShoppingCart/getGoodsList
INFO: [ app_init ] --START--
INFO: Run Behavior\BuildLiteBehavior [ RunTime:0.000008s ]
INFO: [ app_init ] --END-- [ RunTime:0.000198s ]
INFO: [ app_begin ] --START--
INFO: Run Behavior\ReadHtmlCacheBehavior [ RunTime:0.000281s ]
INFO: [ app_begin ] --END-- [ RunTime:0.000339s ]
SQL: SHOW COLUMNS FROM `js_mobile_phone` [ RunTime:0.0017s ]
SQL: SELECT * FROM `js_mobile_phone` WHERE `status` = 1 ORDER BY id desc  [ RunTime:0.0003s ]

[ 2019-04-28T17:26:40+08:00 ] ::1 /api_for_study/index.php/ShoppingCart/getGoodsList
INFO: [ app_init ] --START--
INFO: Run Behavior\BuildLiteBehavior [ RunTime:0.000009s ]
INFO: [ app_init ] --END-- [ RunTime:0.000254s ]
INFO: [ app_begin ] --START--
INFO: Run Behavior\ReadHtmlCacheBehavior [ RunTime:0.000286s ]
INFO: [ app_begin ] --END-- [ RunTime:0.000305s ]
SQL: SHOW COLUMNS FROM `js_mobile_phone` [ RunTime:0.0017s ]
SQL: SELECT * FROM `js_mobile_phone` WHERE `status` = 1 ORDER BY id desc  [ RunTime:0.0004s ]

