[ 2019-06-14T13:10:04+08:00 ] ::1 /api_for_study/Shopping_cart/getGoodsList
INFO: [ app_init ] --START--
INFO: Run Behavior\BuildLiteBehavior [ RunTime:0.000012s ]
INFO: [ app_init ] --END-- [ RunTime:0.000439s ]
INFO: [ app_begin ] --START--
INFO: Run Behavior\ReadHtmlCacheBehavior [ RunTime:0.000523s ]
INFO: [ app_begin ] --END-- [ RunTime:0.000550s ]
SQL: SHOW COLUMNS FROM `js_mobile_phone` [ RunTime:0.0012s ]
SQL: SELECT * FROM `js_mobile_phone` WHERE `status` = 1 ORDER BY id desc  [ RunTime:0.0002s ]

[ 2019-06-14T13:10:10+08:00 ] ::1 /api_for_study/Shopping_cart/getGoodsList
INFO: [ app_init ] --START--
INFO: Run Behavior\BuildLiteBehavior [ RunTime:0.000010s ]
INFO: [ app_init ] --END-- [ RunTime:0.000218s ]
INFO: [ app_begin ] --START--
INFO: Run Behavior\ReadHtmlCacheBehavior [ RunTime:0.000229s ]
INFO: [ app_begin ] --END-- [ RunTime:0.000246s ]
SQL: SHOW COLUMNS FROM `js_mobile_phone` [ RunTime:0.0012s ]
SQL: SELECT * FROM `js_mobile_phone` WHERE `status` = 1 ORDER BY id desc  [ RunTime:0.0003s ]

[ 2019-06-14T13:10:13+08:00 ] ::1 /api_for_study/Shopping_cart/getGoodsList
INFO: [ app_init ] --START--
INFO: Run Behavior\BuildLiteBehavior [ RunTime:0.000013s ]
INFO: [ app_init ] --END-- [ RunTime:0.000255s ]
INFO: [ app_begin ] --START--
INFO: Run Behavior\ReadHtmlCacheBehavior [ RunTime:0.000234s ]
INFO: [ app_begin ] --END-- [ RunTime:0.000254s ]
SQL: SHOW COLUMNS FROM `js_mobile_phone` [ RunTime:0.0013s ]
SQL: SELECT * FROM `js_mobile_phone` WHERE `status` = 1 ORDER BY id desc  [ RunTime:0.0002s ]

[ 2019-06-14T13:10:33+08:00 ] ::1 /api_for_study/Shopping_cart/getGoodsList
INFO: [ app_init ] --START--
INFO: Run Behavior\BuildLiteBehavior [ RunTime:0.000012s ]
INFO: [ app_init ] --END-- [ RunTime:0.000349s ]
INFO: [ app_begin ] --START--
INFO: Run Behavior\ReadHtmlCacheBehavior [ RunTime:0.000226s ]
INFO: [ app_begin ] --END-- [ RunTime:0.000243s ]
SQL: SHOW COLUMNS FROM `js_mobile_phone` [ RunTime:0.0012s ]
SQL: SELECT * FROM `js_mobile_phone` WHERE `status` = 1 ORDER BY id desc  [ RunTime:0.0002s ]

[ 2019-06-14T13:10:40+08:00 ] ::1 /api_for_study/Shopping_cart/getGoodsList
INFO: [ app_init ] --START--
INFO: Run Behavior\BuildLiteBehavior [ RunTime:0.000007s ]
INFO: [ app_init ] --END-- [ RunTime:0.000199s ]
INFO: [ app_begin ] --START--
INFO: Run Behavior\ReadHtmlCacheBehavior [ RunTime:0.000219s ]
INFO: [ app_begin ] --END-- [ RunTime:0.000242s ]
SQL: SHOW COLUMNS FROM `js_mobile_phone` [ RunTime:0.0028s ]
SQL: SELECT * FROM `js_mobile_phone` WHERE `status` = 1 ORDER BY id desc  [ RunTime:0.0007s ]

[ 2019-06-14T13:10:41+08:00 ] ::1 /api_for_study/ShoppingCart/getGoodsDetail
INFO: [ app_init ] --START--
INFO: Run Behavior\BuildLiteBehavior [ RunTime:0.000007s ]
INFO: [ app_init ] --END-- [ RunTime:0.000178s ]
INFO: [ app_begin ] --START--
INFO: Run Behavior\ReadHtmlCacheBehavior [ RunTime:0.000294s ]
INFO: [ app_begin ] --END-- [ RunTime:0.000348s ]
SQL: SHOW COLUMNS FROM `js_mobile_phone` [ RunTime:0.0015s ]
SQL: SELECT * FROM `js_mobile_phone` WHERE `id` = 12 LIMIT 1   [ RunTime:0.0002s ]

[ 2019-06-14T13:10:42+08:00 ] ::1 /api_for_study/Shopping_cart/getGoodsList
INFO: [ app_init ] --START--
INFO: Run Behavior\BuildLiteBehavior [ RunTime:0.000006s ]
INFO: [ app_init ] --END-- [ RunTime:0.000164s ]
INFO: [ app_begin ] --START--
INFO: Run Behavior\ReadHtmlCacheBehavior [ RunTime:0.000269s ]
INFO: [ app_begin ] --END-- [ RunTime:0.000295s ]
SQL: SHOW COLUMNS FROM `js_mobile_phone` [ RunTime:0.0015s ]
SQL: SELECT * FROM `js_mobile_phone` WHERE `status` = 1 ORDER BY id desc  [ RunTime:0.0002s ]

[ 2019-06-14T13:17:32+08:00 ] ::1 /api_for_study/Shopping_cart/getGoodsList
INFO: [ app_init ] --START--
INFO: Run Behavior\BuildLiteBehavior [ RunTime:0.000009s ]
INFO: [ app_init ] --END-- [ RunTime:0.000438s ]
INFO: [ app_begin ] --START--
INFO: Run Behavior\ReadHtmlCacheBehavior [ RunTime:0.000641s ]
INFO: [ app_begin ] --END-- [ RunTime:0.000676s ]
SQL: SHOW COLUMNS FROM `js_mobile_phone` [ RunTime:0.0017s ]
SQL: SELECT * FROM `js_mobile_phone` WHERE `status` = 1 ORDER BY id desc  [ RunTime:0.0003s ]

[ 2019-06-14T13:17:35+08:00 ] ::1 /api_for_study/ShoppingCart/getGoodsDetail
INFO: [ app_init ] --START--
INFO: Run Behavior\BuildLiteBehavior [ RunTime:0.000007s ]
INFO: [ app_init ] --END-- [ RunTime:0.000290s ]
INFO: [ app_begin ] --START--
INFO: Run Behavior\ReadHtmlCacheBehavior [ RunTime:0.000310s ]
INFO: [ app_begin ] --END-- [ RunTime:0.000334s ]
SQL: SHOW COLUMNS FROM `js_mobile_phone` [ RunTime:0.0012s ]
SQL: SELECT * FROM `js_mobile_phone` WHERE `id` = 12 LIMIT 1   [ RunTime:0.0003s ]

[ 2019-06-14T13:17:38+08:00 ] ::1 /api_for_study/ShoppingCart/updateShoppingCart
INFO: [ app_init ] --START--
INFO: Run Behavior\BuildLiteBehavior [ RunTime:0.000005s ]
INFO: [ app_init ] --END-- [ RunTime:0.000212s ]
INFO: [ app_begin ] --START--
INFO: Run Behavior\ReadHtmlCacheBehavior [ RunTime:0.000195s ]
INFO: [ app_begin ] --END-- [ RunTime:0.000210s ]
SQL: SHOW COLUMNS FROM `js_mobile_phone` [ RunTime:0.0014s ]
SQL: SELECT * FROM `js_mobile_phone` WHERE `id` = 12 LIMIT 1   [ RunTime:0.0002s ]
NOTIC: [8] Undefined index: error_code /Applications/XAMPP/xamppfiles/htdocs/api_for_study/Home/Controller/ShoppingCartController.class.php 第 24 行.
SQL: SHOW COLUMNS FROM `js_shopping_cart` [ RunTime:0.0013s ]
SQL: SELECT * FROM `js_shopping_cart` WHERE `uid` = 1 AND `goods_id` = 12 LIMIT 1   [ RunTime:0.0002s ]
SQL: INSERT INTO `js_shopping_cart` (`add_time`,`uid`,`goods_id`,`num`,`total_price`) VALUES ('1560489458','1','12','1','6400') [ RunTime:0.0013s ]

[ 2019-06-14T13:17:40+08:00 ] ::1 /api_for_study/ShoppingCart/updateShoppingCart
INFO: [ app_init ] --START--
INFO: Run Behavior\BuildLiteBehavior [ RunTime:0.000007s ]
INFO: [ app_init ] --END-- [ RunTime:0.000184s ]
INFO: [ app_begin ] --START--
INFO: Run Behavior\ReadHtmlCacheBehavior [ RunTime:0.000211s ]
INFO: [ app_begin ] --END-- [ RunTime:0.000227s ]
SQL: SHOW COLUMNS FROM `js_mobile_phone` [ RunTime:0.0016s ]
SQL: SELECT * FROM `js_mobile_phone` WHERE `id` = 12 LIMIT 1   [ RunTime:0.0003s ]
NOTIC: [8] Undefined index: error_code /Applications/XAMPP/xamppfiles/htdocs/api_for_study/Home/Controller/ShoppingCartController.class.php 第 24 行.
SQL: SHOW COLUMNS FROM `js_shopping_cart` [ RunTime:0.0012s ]
SQL: SELECT * FROM `js_shopping_cart` WHERE `uid` = 1 AND `goods_id` = 12 LIMIT 1   [ RunTime:0.0002s ]
SQL: UPDATE `js_shopping_cart` SET `add_time`='1560489460',`num`='2',`total_price`='12800' WHERE `uid` = 1 AND `goods_id` = 12 [ RunTime:0.0010s ]

[ 2019-06-14T13:17:41+08:00 ] ::1 /api_for_study/ShoppingCart/updateShoppingCart
INFO: [ app_init ] --START--
INFO: Run Behavior\BuildLiteBehavior [ RunTime:0.000007s ]
INFO: [ app_init ] --END-- [ RunTime:0.000247s ]
INFO: [ app_begin ] --START--
INFO: Run Behavior\ReadHtmlCacheBehavior [ RunTime:0.000221s ]
INFO: [ app_begin ] --END-- [ RunTime:0.000241s ]
SQL: SHOW COLUMNS FROM `js_mobile_phone` [ RunTime:0.0015s ]
SQL: SELECT * FROM `js_mobile_phone` WHERE `id` = 12 LIMIT 1   [ RunTime:0.0002s ]
NOTIC: [8] Undefined index: error_code /Applications/XAMPP/xamppfiles/htdocs/api_for_study/Home/Controller/ShoppingCartController.class.php 第 24 行.
SQL: SHOW COLUMNS FROM `js_shopping_cart` [ RunTime:0.0015s ]
SQL: SELECT * FROM `js_shopping_cart` WHERE `uid` = 1 AND `goods_id` = 12 LIMIT 1   [ RunTime:0.0002s ]
SQL: UPDATE `js_shopping_cart` SET `add_time`='1560489461',`num`='3',`total_price`='19200' WHERE `uid` = 1 AND `goods_id` = 12 [ RunTime:0.0008s ]

[ 2019-06-14T13:17:43+08:00 ] ::1 /api_for_study/ShoppingCart/updateShoppingCart
INFO: [ app_init ] --START--
INFO: Run Behavior\BuildLiteBehavior [ RunTime:0.000007s ]
INFO: [ app_init ] --END-- [ RunTime:0.000177s ]
INFO: [ app_begin ] --START--
INFO: Run Behavior\ReadHtmlCacheBehavior [ RunTime:0.000230s ]
INFO: [ app_begin ] --END-- [ RunTime:0.000251s ]
SQL: SHOW COLUMNS FROM `js_mobile_phone` [ RunTime:0.0012s ]
SQL: SELECT * FROM `js_mobile_phone` WHERE `id` = 12 LIMIT 1   [ RunTime:0.0002s ]
NOTIC: [8] Undefined index: error_code /Applications/XAMPP/xamppfiles/htdocs/api_for_study/Home/Controller/ShoppingCartController.class.php 第 24 行.
SQL: SHOW COLUMNS FROM `js_shopping_cart` [ RunTime:0.0011s ]
SQL: SELECT * FROM `js_shopping_cart` WHERE `uid` = 1 AND `goods_id` = 12 LIMIT 1   [ RunTime:0.0002s ]

[ 2019-06-14T13:18:33+08:00 ] ::1 /api_for_study/ShoppingCart/getGoodsDetail
INFO: [ app_init ] --START--
INFO: Run Behavior\BuildLiteBehavior [ RunTime:0.000007s ]
INFO: [ app_init ] --END-- [ RunTime:0.000176s ]
INFO: [ app_begin ] --START--
INFO: Run Behavior\ReadHtmlCacheBehavior [ RunTime:0.000386s ]
INFO: [ app_begin ] --END-- [ RunTime:0.000410s ]
SQL: SHOW COLUMNS FROM `js_mobile_phone` [ RunTime:0.0014s ]
SQL: SELECT * FROM `js_mobile_phone` WHERE `id` = 12 LIMIT 1   [ RunTime:0.0002s ]

[ 2019-06-14T13:26:57+08:00 ] ::1 /api_for_study/ShoppingCart/getGoodsDetail
INFO: [ app_init ] --START--
INFO: Run Behavior\BuildLiteBehavior [ RunTime:0.000007s ]
INFO: [ app_init ] --END-- [ RunTime:0.000243s ]
INFO: [ app_begin ] --START--
INFO: Run Behavior\ReadHtmlCacheBehavior [ RunTime:0.000221s ]
INFO: [ app_begin ] --END-- [ RunTime:0.000241s ]
SQL: SHOW COLUMNS FROM `js_mobile_phone` [ RunTime:0.0017s ]
SQL: SELECT * FROM `js_mobile_phone` WHERE `id` = 12 LIMIT 1   [ RunTime:0.0004s ]

[ 2019-06-14T13:27:28+08:00 ] ::1 /api_for_study/ShoppingCart/getGoodsDetail
INFO: [ app_init ] --START--
INFO: Run Behavior\BuildLiteBehavior [ RunTime:0.000027s ]
INFO: [ app_init ] --END-- [ RunTime:0.000231s ]
INFO: [ app_begin ] --START--
INFO: Run Behavior\ReadHtmlCacheBehavior [ RunTime:0.000278s ]
INFO: [ app_begin ] --END-- [ RunTime:0.000300s ]
SQL: SHOW COLUMNS FROM `js_mobile_phone` [ RunTime:0.0014s ]
SQL: SELECT * FROM `js_mobile_phone` WHERE `id` = 12 LIMIT 1   [ RunTime:0.0003s ]

[ 2019-06-14T13:28:49+08:00 ] ::1 /api_for_study/ShoppingCart/getGoodsDetail
INFO: [ app_init ] --START--
INFO: Run Behavior\BuildLiteBehavior [ RunTime:0.000007s ]
INFO: [ app_init ] --END-- [ RunTime:0.000240s ]
INFO: [ app_begin ] --START--
INFO: Run Behavior\ReadHtmlCacheBehavior [ RunTime:0.000215s ]
INFO: [ app_begin ] --END-- [ RunTime:0.000233s ]
SQL: SHOW COLUMNS FROM `js_mobile_phone` [ RunTime:0.0013s ]
SQL: SELECT * FROM `js_mobile_phone` WHERE `id` = 12 LIMIT 1   [ RunTime:0.0002s ]

[ 2019-06-14T13:29:15+08:00 ] ::1 /api_for_study/ShoppingCart/getGoodsDetail
INFO: [ app_init ] --START--
INFO: Run Behavior\BuildLiteBehavior [ RunTime:0.000007s ]
INFO: [ app_init ] --END-- [ RunTime:0.000213s ]
INFO: [ app_begin ] --START--
INFO: Run Behavior\ReadHtmlCacheBehavior [ RunTime:0.000253s ]
INFO: [ app_begin ] --END-- [ RunTime:0.000277s ]
SQL: SHOW COLUMNS FROM `js_mobile_phone` [ RunTime:0.0018s ]
SQL: SELECT * FROM `js_mobile_phone` WHERE `id` = 12 LIMIT 1   [ RunTime:0.0004s ]

[ 2019-06-14T13:29:40+08:00 ] ::1 /api_for_study/ShoppingCart/getGoodsDetail
INFO: [ app_init ] --START--
INFO: Run Behavior\BuildLiteBehavior [ RunTime:0.000007s ]
INFO: [ app_init ] --END-- [ RunTime:0.000177s ]
INFO: [ app_begin ] --START--
INFO: Run Behavior\ReadHtmlCacheBehavior [ RunTime:0.000363s ]
INFO: [ app_begin ] --END-- [ RunTime:0.000386s ]
SQL: SHOW COLUMNS FROM `js_mobile_phone` [ RunTime:0.0019s ]
SQL: SELECT * FROM `js_mobile_phone` WHERE `id` = 12 LIMIT 1   [ RunTime:0.0004s ]

[ 2019-06-14T13:29:56+08:00 ] ::1 /api_for_study/ShoppingCart/getGoodsDetail
INFO: [ app_init ] --START--
INFO: Run Behavior\BuildLiteBehavior [ RunTime:0.000006s ]
INFO: [ app_init ] --END-- [ RunTime:0.000160s ]
INFO: [ app_begin ] --START--
INFO: Run Behavior\ReadHtmlCacheBehavior [ RunTime:0.000212s ]
INFO: [ app_begin ] --END-- [ RunTime:0.000231s ]
SQL: SHOW COLUMNS FROM `js_mobile_phone` [ RunTime:0.0015s ]
SQL: SELECT * FROM `js_mobile_phone` WHERE `id` = 12 LIMIT 1   [ RunTime:0.0007s ]

[ 2019-06-14T13:39:52+08:00 ] ::1 /api_for_study/ShoppingCart/getGoodsDetail
INFO: [ app_init ] --START--
INFO: Run Behavior\BuildLiteBehavior [ RunTime:0.000006s ]
INFO: [ app_init ] --END-- [ RunTime:0.000170s ]
INFO: [ app_begin ] --START--
INFO: Run Behavior\ReadHtmlCacheBehavior [ RunTime:0.000222s ]
INFO: [ app_begin ] --END-- [ RunTime:0.000240s ]
SQL: SHOW COLUMNS FROM `js_mobile_phone` [ RunTime:0.0015s ]
SQL: SELECT * FROM `js_mobile_phone` WHERE `id` = 12 LIMIT 1   [ RunTime:0.0002s ]

[ 2019-06-14T13:39:57+08:00 ] ::1 /api_for_study/Shopping_cart/getGoodsList
INFO: [ app_init ] --START--
INFO: Run Behavior\BuildLiteBehavior [ RunTime:0.000006s ]
INFO: [ app_init ] --END-- [ RunTime:0.000156s ]
INFO: [ app_begin ] --START--
INFO: Run Behavior\ReadHtmlCacheBehavior [ RunTime:0.000203s ]
INFO: [ app_begin ] --END-- [ RunTime:0.000219s ]
SQL: SHOW COLUMNS FROM `js_mobile_phone` [ RunTime:0.0013s ]
SQL: SELECT * FROM `js_mobile_phone` WHERE `status` = 1 ORDER BY id desc  [ RunTime:0.0002s ]

[ 2019-06-14T13:41:01+08:00 ] ::1 /api_for_study/ShoppingCart/getGoodsDetail
INFO: [ app_init ] --START--
INFO: Run Behavior\BuildLiteBehavior [ RunTime:0.000007s ]
INFO: [ app_init ] --END-- [ RunTime:0.000168s ]
INFO: [ app_begin ] --START--
INFO: Run Behavior\ReadHtmlCacheBehavior [ RunTime:0.000260s ]
INFO: [ app_begin ] --END-- [ RunTime:0.000280s ]
SQL: SHOW COLUMNS FROM `js_mobile_phone` [ RunTime:0.0012s ]
SQL: SELECT * FROM `js_mobile_phone` WHERE `id` = 12 LIMIT 1   [ RunTime:0.0002s ]

[ 2019-06-14T13:56:05+08:00 ] ::1 /api_for_study/ShoppingCart/getGoodsDetail
INFO: [ app_init ] --START--
INFO: Run Behavior\BuildLiteBehavior [ RunTime:0.000007s ]
INFO: [ app_init ] --END-- [ RunTime:0.000184s ]
INFO: [ app_begin ] --START--
INFO: Run Behavior\ReadHtmlCacheBehavior [ RunTime:0.000292s ]
INFO: [ app_begin ] --END-- [ RunTime:0.000320s ]
SQL: SHOW COLUMNS FROM `js_mobile_phone` [ RunTime:0.0015s ]
SQL: SELECT * FROM `js_mobile_phone` WHERE `id` = 12 LIMIT 1   [ RunTime:0.0002s ]

[ 2019-06-14T14:02:31+08:00 ] ::1 /api_for_study/ShoppingCart/getGoodsDetail
INFO: [ app_init ] --START--
INFO: Run Behavior\BuildLiteBehavior [ RunTime:0.000006s ]
INFO: [ app_init ] --END-- [ RunTime:0.000174s ]
INFO: [ app_begin ] --START--
INFO: Run Behavior\ReadHtmlCacheBehavior [ RunTime:0.000222s ]
INFO: [ app_begin ] --END-- [ RunTime:0.000243s ]
SQL: SHOW COLUMNS FROM `js_mobile_phone` [ RunTime:0.0015s ]
SQL: SELECT * FROM `js_mobile_phone` WHERE `id` = 12 LIMIT 1   [ RunTime:0.0002s ]

[ 2019-06-14T14:05:07+08:00 ] ::1 /api_for_study/ShoppingCart/getGoodsDetail
INFO: [ app_init ] --START--
INFO: Run Behavior\BuildLiteBehavior [ RunTime:0.000011s ]
INFO: [ app_init ] --END-- [ RunTime:0.000375s ]
INFO: [ app_begin ] --START--
INFO: Run Behavior\ReadHtmlCacheBehavior [ RunTime:0.000600s ]
INFO: [ app_begin ] --END-- [ RunTime:0.000628s ]
SQL: SHOW COLUMNS FROM `js_mobile_phone` [ RunTime:0.0036s ]
SQL: SELECT * FROM `js_mobile_phone` WHERE `id` = 12 LIMIT 1   [ RunTime:0.0011s ]

[ 2019-06-14T14:08:33+08:00 ] ::1 /api_for_study/ShoppingCart/getGoodsDetail
INFO: [ app_init ] --START--
INFO: Run Behavior\BuildLiteBehavior [ RunTime:0.000008s ]
INFO: [ app_init ] --END-- [ RunTime:0.000185s ]
INFO: [ app_begin ] --START--
INFO: Run Behavior\ReadHtmlCacheBehavior [ RunTime:0.000609s ]
INFO: [ app_begin ] --END-- [ RunTime:0.000631s ]
SQL: SHOW COLUMNS FROM `js_mobile_phone` [ RunTime:0.0025s ]
SQL: SELECT * FROM `js_mobile_phone` WHERE `id` = 12 LIMIT 1   [ RunTime:0.0003s ]

[ 2019-06-14T14:10:10+08:00 ] ::1 /api_for_study/ShoppingCart/getGoodsDetail
INFO: [ app_init ] --START--
INFO: Run Behavior\BuildLiteBehavior [ RunTime:0.000008s ]
INFO: [ app_init ] --END-- [ RunTime:0.000233s ]
INFO: [ app_begin ] --START--
INFO: Run Behavior\ReadHtmlCacheBehavior [ RunTime:0.000216s ]
INFO: [ app_begin ] --END-- [ RunTime:0.000233s ]
SQL: SHOW COLUMNS FROM `js_mobile_phone` [ RunTime:0.0015s ]
SQL: SELECT * FROM `js_mobile_phone` WHERE `id` = 12 LIMIT 1   [ RunTime:0.0002s ]

[ 2019-06-14T14:20:09+08:00 ] ::1 /api_for_study/ShoppingCart/getGoodsDetail
INFO: [ app_init ] --START--
INFO: Run Behavior\BuildLiteBehavior [ RunTime:0.000006s ]
INFO: [ app_init ] --END-- [ RunTime:0.000169s ]
INFO: [ app_begin ] --START--
INFO: Run Behavior\ReadHtmlCacheBehavior [ RunTime:0.000215s ]
INFO: [ app_begin ] --END-- [ RunTime:0.000233s ]
SQL: SHOW COLUMNS FROM `js_mobile_phone` [ RunTime:0.0025s ]
SQL: SELECT * FROM `js_mobile_phone` WHERE `id` = 12 LIMIT 1   [ RunTime:0.0002s ]

[ 2019-06-14T14:20:12+08:00 ] ::1 /api_for_study/ShoppingCart/getGoodsDetail
INFO: [ app_init ] --START--
INFO: Run Behavior\BuildLiteBehavior [ RunTime:0.000007s ]
INFO: [ app_init ] --END-- [ RunTime:0.000206s ]
INFO: [ app_begin ] --START--
INFO: Run Behavior\ReadHtmlCacheBehavior [ RunTime:0.000222s ]
INFO: [ app_begin ] --END-- [ RunTime:0.000240s ]
SQL: SHOW COLUMNS FROM `js_mobile_phone` [ RunTime:0.0018s ]
SQL: SELECT * FROM `js_mobile_phone` WHERE `id` = 12 LIMIT 1   [ RunTime:0.0002s ]

[ 2019-06-14T14:30:26+08:00 ] ::1 /api_for_study/Shopping_cart/getGoodsList
INFO: [ app_init ] --START--
INFO: Run Behavior\BuildLiteBehavior [ RunTime:0.000006s ]
INFO: [ app_init ] --END-- [ RunTime:0.000174s ]
INFO: [ app_begin ] --START--
INFO: Run Behavior\ReadHtmlCacheBehavior [ RunTime:0.000201s ]
INFO: [ app_begin ] --END-- [ RunTime:0.000217s ]
SQL: SHOW COLUMNS FROM `js_mobile_phone` [ RunTime:0.0026s ]
SQL: SELECT * FROM `js_mobile_phone` WHERE `status` = 1 ORDER BY id desc  [ RunTime:0.0003s ]

[ 2019-06-14T14:30:26+08:00 ] ::1 /api_for_study/Shopping_cart/getGoodsList
INFO: [ app_init ] --START--
INFO: Run Behavior\BuildLiteBehavior [ RunTime:0.000008s ]
INFO: [ app_init ] --END-- [ RunTime:0.000278s ]
INFO: [ app_begin ] --START--
INFO: Run Behavior\ReadHtmlCacheBehavior [ RunTime:0.000282s ]
INFO: [ app_begin ] --END-- [ RunTime:0.000304s ]
SQL: SHOW COLUMNS FROM `js_mobile_phone` [ RunTime:0.0014s ]
SQL: SELECT * FROM `js_mobile_phone` WHERE `status` = 1 ORDER BY id desc  [ RunTime:0.0006s ]

[ 2019-06-14T14:30:49+08:00 ] ::1 /api_for_study/ShoppingCart/getGoodsDetail
INFO: [ app_init ] --START--
INFO: Run Behavior\BuildLiteBehavior [ RunTime:0.000006s ]
INFO: [ app_init ] --END-- [ RunTime:0.000165s ]
INFO: [ app_begin ] --START--
INFO: Run Behavior\ReadHtmlCacheBehavior [ RunTime:0.000212s ]
INFO: [ app_begin ] --END-- [ RunTime:0.000229s ]
SQL: SHOW COLUMNS FROM `js_mobile_phone` [ RunTime:0.0014s ]
SQL: SELECT * FROM `js_mobile_phone` WHERE `id` = 10 LIMIT 1   [ RunTime:0.0002s ]

[ 2019-06-14T14:30:53+08:00 ] ::1 /api_for_study/ShoppingCart/updateShoppingCart
INFO: [ app_init ] --START--
INFO: Run Behavior\BuildLiteBehavior [ RunTime:0.000006s ]
INFO: [ app_init ] --END-- [ RunTime:0.000202s ]
INFO: [ app_begin ] --START--
INFO: Run Behavior\ReadHtmlCacheBehavior [ RunTime:0.000209s ]
INFO: [ app_begin ] --END-- [ RunTime:0.000225s ]
SQL: SHOW COLUMNS FROM `js_mobile_phone` [ RunTime:0.0013s ]
SQL: SELECT * FROM `js_mobile_phone` WHERE `id` = 10 LIMIT 1   [ RunTime:0.0002s ]
NOTIC: [8] Undefined index: error_code /Applications/XAMPP/xamppfiles/htdocs/api_for_study/Home/Controller/ShoppingCartController.class.php 第 24 行.
SQL: SHOW COLUMNS FROM `js_shopping_cart` [ RunTime:0.0014s ]
SQL: SELECT * FROM `js_shopping_cart` WHERE `uid` = 1 AND `goods_id` = 10 LIMIT 1   [ RunTime:0.0002s ]
SQL: INSERT INTO `js_shopping_cart` (`add_time`,`uid`,`goods_id`,`num`,`total_price`) VALUES ('1560493853','1','10','1','2898') [ RunTime:0.0009s ]

[ 2019-06-14T14:30:55+08:00 ] ::1 /api_for_study/ShoppingCart/updateShoppingCart
INFO: [ app_init ] --START--
INFO: Run Behavior\BuildLiteBehavior [ RunTime:0.000006s ]
INFO: [ app_init ] --END-- [ RunTime:0.000160s ]
INFO: [ app_begin ] --START--
INFO: Run Behavior\ReadHtmlCacheBehavior [ RunTime:0.000206s ]
INFO: [ app_begin ] --END-- [ RunTime:0.000224s ]
SQL: SHOW COLUMNS FROM `js_mobile_phone` [ RunTime:0.0011s ]
SQL: SELECT * FROM `js_mobile_phone` WHERE `id` = 10 LIMIT 1   [ RunTime:0.0002s ]
NOTIC: [8] Undefined index: error_code /Applications/XAMPP/xamppfiles/htdocs/api_for_study/Home/Controller/ShoppingCartController.class.php 第 24 行.
SQL: SHOW COLUMNS FROM `js_shopping_cart` [ RunTime:0.0011s ]
SQL: SELECT * FROM `js_shopping_cart` WHERE `uid` = 1 AND `goods_id` = 10 LIMIT 1   [ RunTime:0.0002s ]
SQL: UPDATE `js_shopping_cart` SET `add_time`='1560493855',`num`='2',`total_price`='5796' WHERE `uid` = 1 AND `goods_id` = 10 [ RunTime:0.0006s ]

[ 2019-06-14T14:30:57+08:00 ] ::1 /api_for_study/ShoppingCart/updateShoppingCart
INFO: [ app_init ] --START--
INFO: Run Behavior\BuildLiteBehavior [ RunTime:0.000008s ]
INFO: [ app_init ] --END-- [ RunTime:0.000246s ]
INFO: [ app_begin ] --START--
INFO: Run Behavior\ReadHtmlCacheBehavior [ RunTime:0.000269s ]
INFO: [ app_begin ] --END-- [ RunTime:0.000286s ]
SQL: SHOW COLUMNS FROM `js_mobile_phone` [ RunTime:0.0013s ]
SQL: SELECT * FROM `js_mobile_phone` WHERE `id` = 10 LIMIT 1   [ RunTime:0.0003s ]
NOTIC: [8] Undefined index: error_code /Applications/XAMPP/xamppfiles/htdocs/api_for_study/Home/Controller/ShoppingCartController.class.php 第 24 行.
SQL: SHOW COLUMNS FROM `js_shopping_cart` [ RunTime:0.0014s ]
SQL: SELECT * FROM `js_shopping_cart` WHERE `uid` = 1 AND `goods_id` = 10 LIMIT 1   [ RunTime:0.0003s ]
SQL: UPDATE `js_shopping_cart` SET `add_time`='1560493857',`num`='3',`total_price`='8694' WHERE `uid` = 1 AND `goods_id` = 10 [ RunTime:0.0007s ]

[ 2019-06-14T14:30:59+08:00 ] ::1 /api_for_study/ShoppingCart/updateShoppingCart
INFO: [ app_init ] --START--
INFO: Run Behavior\BuildLiteBehavior [ RunTime:0.000006s ]
INFO: [ app_init ] --END-- [ RunTime:0.000164s ]
INFO: [ app_begin ] --START--
INFO: Run Behavior\ReadHtmlCacheBehavior [ RunTime:0.000222s ]
INFO: [ app_begin ] --END-- [ RunTime:0.000244s ]
SQL: SHOW COLUMNS FROM `js_mobile_phone` [ RunTime:0.0012s ]
SQL: SELECT * FROM `js_mobile_phone` WHERE `id` = 10 LIMIT 1   [ RunTime:0.0002s ]
NOTIC: [8] Undefined index: error_code /Applications/XAMPP/xamppfiles/htdocs/api_for_study/Home/Controller/ShoppingCartController.class.php 第 24 行.
SQL: SHOW COLUMNS FROM `js_shopping_cart` [ RunTime:0.0012s ]
SQL: SELECT * FROM `js_shopping_cart` WHERE `uid` = 1 AND `goods_id` = 10 LIMIT 1   [ RunTime:0.0002s ]
SQL: UPDATE `js_shopping_cart` SET `add_time`='1560493859',`num`='4',`total_price`='11592' WHERE `uid` = 1 AND `goods_id` = 10 [ RunTime:0.0007s ]

[ 2019-06-14T14:31:00+08:00 ] ::1 /api_for_study/ShoppingCart/updateShoppingCart
INFO: [ app_init ] --START--
INFO: Run Behavior\BuildLiteBehavior [ RunTime:0.000007s ]
INFO: [ app_init ] --END-- [ RunTime:0.000179s ]
INFO: [ app_begin ] --START--
INFO: Run Behavior\ReadHtmlCacheBehavior [ RunTime:0.000261s ]
INFO: [ app_begin ] --END-- [ RunTime:0.000277s ]
SQL: SHOW COLUMNS FROM `js_mobile_phone` [ RunTime:0.0014s ]
SQL: SELECT * FROM `js_mobile_phone` WHERE `id` = 10 LIMIT 1   [ RunTime:0.0002s ]
NOTIC: [8] Undefined index: error_code /Applications/XAMPP/xamppfiles/htdocs/api_for_study/Home/Controller/ShoppingCartController.class.php 第 24 行.
SQL: SHOW COLUMNS FROM `js_shopping_cart` [ RunTime:0.0013s ]
SQL: SELECT * FROM `js_shopping_cart` WHERE `uid` = 1 AND `goods_id` = 10 LIMIT 1   [ RunTime:0.0002s ]
SQL: UPDATE `js_shopping_cart` SET `add_time`='1560493860',`num`='5',`total_price`='14490' WHERE `uid` = 1 AND `goods_id` = 10 [ RunTime:0.0006s ]

[ 2019-06-14T14:31:03+08:00 ] ::1 /api_for_study/ShoppingCart/updateShoppingCart
INFO: [ app_init ] --START--
INFO: Run Behavior\BuildLiteBehavior [ RunTime:0.000005s ]
INFO: [ app_init ] --END-- [ RunTime:0.000213s ]
INFO: [ app_begin ] --START--
INFO: Run Behavior\ReadHtmlCacheBehavior [ RunTime:0.000192s ]
INFO: [ app_begin ] --END-- [ RunTime:0.000207s ]
SQL: SHOW COLUMNS FROM `js_mobile_phone` [ RunTime:0.0013s ]
SQL: SELECT * FROM `js_mobile_phone` WHERE `id` = 10 LIMIT 1   [ RunTime:0.0002s ]
NOTIC: [8] Undefined index: error_code /Applications/XAMPP/xamppfiles/htdocs/api_for_study/Home/Controller/ShoppingCartController.class.php 第 24 行.
SQL: SHOW COLUMNS FROM `js_shopping_cart` [ RunTime:0.0012s ]
SQL: SELECT * FROM `js_shopping_cart` WHERE `uid` = 1 AND `goods_id` = 10 LIMIT 1   [ RunTime:0.0002s ]
SQL: UPDATE `js_shopping_cart` SET `add_time`='1560493863',`num`='6',`total_price`='17388' WHERE `uid` = 1 AND `goods_id` = 10 [ RunTime:0.0006s ]

[ 2019-06-14T14:31:05+08:00 ] ::1 /api_for_study/ShoppingCart/updateShoppingCart
INFO: [ app_init ] --START--
INFO: Run Behavior\BuildLiteBehavior [ RunTime:0.000007s ]
INFO: [ app_init ] --END-- [ RunTime:0.000176s ]
INFO: [ app_begin ] --START--
INFO: Run Behavior\ReadHtmlCacheBehavior [ RunTime:0.000216s ]
INFO: [ app_begin ] --END-- [ RunTime:0.000233s ]
SQL: SHOW COLUMNS FROM `js_mobile_phone` [ RunTime:0.0014s ]
SQL: SELECT * FROM `js_mobile_phone` WHERE `id` = 10 LIMIT 1   [ RunTime:0.0002s ]
NOTIC: [8] Undefined index: error_code /Applications/XAMPP/xamppfiles/htdocs/api_for_study/Home/Controller/ShoppingCartController.class.php 第 24 行.
SQL: SHOW COLUMNS FROM `js_shopping_cart` [ RunTime:0.0013s ]
SQL: SELECT * FROM `js_shopping_cart` WHERE `uid` = 1 AND `goods_id` = 10 LIMIT 1   [ RunTime:0.0002s ]
SQL: UPDATE `js_shopping_cart` SET `add_time`='1560493865',`num`='7',`total_price`='20286' WHERE `uid` = 1 AND `goods_id` = 10 [ RunTime:0.0007s ]

[ 2019-06-14T14:31:07+08:00 ] ::1 /api_for_study/ShoppingCart/updateShoppingCart
INFO: [ app_init ] --START--
INFO: Run Behavior\BuildLiteBehavior [ RunTime:0.000006s ]
INFO: [ app_init ] --END-- [ RunTime:0.000167s ]
INFO: [ app_begin ] --START--
INFO: Run Behavior\ReadHtmlCacheBehavior [ RunTime:0.000240s ]
INFO: [ app_begin ] --END-- [ RunTime:0.000260s ]
SQL: SHOW COLUMNS FROM `js_mobile_phone` [ RunTime:0.0012s ]
SQL: SELECT * FROM `js_mobile_phone` WHERE `id` = 10 LIMIT 1   [ RunTime:0.0003s ]
NOTIC: [8] Undefined index: error_code /Applications/XAMPP/xamppfiles/htdocs/api_for_study/Home/Controller/ShoppingCartController.class.php 第 24 行.
SQL: SHOW COLUMNS FROM `js_shopping_cart` [ RunTime:0.0012s ]
SQL: SELECT * FROM `js_shopping_cart` WHERE `uid` = 1 AND `goods_id` = 10 LIMIT 1   [ RunTime:0.0002s ]
SQL: UPDATE `js_shopping_cart` SET `add_time`='1560493867',`num`='8',`total_price`='23184' WHERE `uid` = 1 AND `goods_id` = 10 [ RunTime:0.0007s ]

[ 2019-06-14T14:31:09+08:00 ] ::1 /api_for_study/ShoppingCart/updateShoppingCart
INFO: [ app_init ] --START--
INFO: Run Behavior\BuildLiteBehavior [ RunTime:0.000006s ]
INFO: [ app_init ] --END-- [ RunTime:0.000178s ]
INFO: [ app_begin ] --START--
INFO: Run Behavior\ReadHtmlCacheBehavior [ RunTime:0.000235s ]
INFO: [ app_begin ] --END-- [ RunTime:0.000253s ]
SQL: SHOW COLUMNS FROM `js_mobile_phone` [ RunTime:0.0014s ]
SQL: SELECT * FROM `js_mobile_phone` WHERE `id` = 10 LIMIT 1   [ RunTime:0.0002s ]
NOTIC: [8] Undefined index: error_code /Applications/XAMPP/xamppfiles/htdocs/api_for_study/Home/Controller/ShoppingCartController.class.php 第 24 行.
SQL: SHOW COLUMNS FROM `js_shopping_cart` [ RunTime:0.0013s ]
SQL: SELECT * FROM `js_shopping_cart` WHERE `uid` = 1 AND `goods_id` = 10 LIMIT 1   [ RunTime:0.0002s ]
SQL: UPDATE `js_shopping_cart` SET `add_time`='1560493869',`num`='9',`total_price`='26082' WHERE `uid` = 1 AND `goods_id` = 10 [ RunTime:0.0008s ]

[ 2019-06-14T14:31:10+08:00 ] ::1 /api_for_study/ShoppingCart/updateShoppingCart
INFO: [ app_init ] --START--
INFO: Run Behavior\BuildLiteBehavior [ RunTime:0.000006s ]
INFO: [ app_init ] --END-- [ RunTime:0.000252s ]
INFO: [ app_begin ] --START--
INFO: Run Behavior\ReadHtmlCacheBehavior [ RunTime:0.000229s ]
INFO: [ app_begin ] --END-- [ RunTime:0.000250s ]
SQL: SHOW COLUMNS FROM `js_mobile_phone` [ RunTime:0.0015s ]
SQL: SELECT * FROM `js_mobile_phone` WHERE `id` = 10 LIMIT 1   [ RunTime:0.0003s ]
NOTIC: [8] Undefined index: error_code /Applications/XAMPP/xamppfiles/htdocs/api_for_study/Home/Controller/ShoppingCartController.class.php 第 24 行.
SQL: SHOW COLUMNS FROM `js_shopping_cart` [ RunTime:0.0013s ]
SQL: SELECT * FROM `js_shopping_cart` WHERE `uid` = 1 AND `goods_id` = 10 LIMIT 1   [ RunTime:0.0002s ]
SQL: UPDATE `js_shopping_cart` SET `add_time`='1560493870',`num`='10',`total_price`='28980' WHERE `uid` = 1 AND `goods_id` = 10 [ RunTime:0.0008s ]

[ 2019-06-14T14:31:12+08:00 ] ::1 /api_for_study/ShoppingCart/updateShoppingCart
INFO: [ app_init ] --START--
INFO: Run Behavior\BuildLiteBehavior [ RunTime:0.000007s ]
INFO: [ app_init ] --END-- [ RunTime:0.000211s ]
INFO: [ app_begin ] --START--
INFO: Run Behavior\ReadHtmlCacheBehavior [ RunTime:0.000197s ]
INFO: [ app_begin ] --END-- [ RunTime:0.000213s ]
SQL: SHOW COLUMNS FROM `js_mobile_phone` [ RunTime:0.0015s ]
SQL: SELECT * FROM `js_mobile_phone` WHERE `id` = 10 LIMIT 1   [ RunTime:0.0002s ]
NOTIC: [8] Undefined index: error_code /Applications/XAMPP/xamppfiles/htdocs/api_for_study/Home/Controller/ShoppingCartController.class.php 第 24 行.
SQL: SHOW COLUMNS FROM `js_shopping_cart` [ RunTime:0.0013s ]
SQL: SELECT * FROM `js_shopping_cart` WHERE `uid` = 1 AND `goods_id` = 10 LIMIT 1   [ RunTime:0.0003s ]
SQL: UPDATE `js_shopping_cart` SET `add_time`='1560493872',`num`='11',`total_price`='31878' WHERE `uid` = 1 AND `goods_id` = 10 [ RunTime:0.0008s ]

[ 2019-06-14T14:31:13+08:00 ] ::1 /api_for_study/ShoppingCart/updateShoppingCart
INFO: [ app_init ] --START--
INFO: Run Behavior\BuildLiteBehavior [ RunTime:0.000005s ]
INFO: [ app_init ] --END-- [ RunTime:0.000225s ]
INFO: [ app_begin ] --START--
INFO: Run Behavior\ReadHtmlCacheBehavior [ RunTime:0.000192s ]
INFO: [ app_begin ] --END-- [ RunTime:0.000208s ]
SQL: SHOW COLUMNS FROM `js_mobile_phone` [ RunTime:0.0012s ]
SQL: SELECT * FROM `js_mobile_phone` WHERE `id` = 10 LIMIT 1   [ RunTime:0.0002s ]
NOTIC: [8] Undefined index: error_code /Applications/XAMPP/xamppfiles/htdocs/api_for_study/Home/Controller/ShoppingCartController.class.php 第 24 行.
SQL: SHOW COLUMNS FROM `js_shopping_cart` [ RunTime:0.0014s ]
SQL: SELECT * FROM `js_shopping_cart` WHERE `uid` = 1 AND `goods_id` = 10 LIMIT 1   [ RunTime:0.0004s ]

[ 2019-06-14T14:31:38+08:00 ] ::1 /api_for_study/ShoppingCart/getGoodsDetail
INFO: [ app_init ] --START--
INFO: Run Behavior\BuildLiteBehavior [ RunTime:0.000011s ]
INFO: [ app_init ] --END-- [ RunTime:0.000185s ]
INFO: [ app_begin ] --START--
INFO: Run Behavior\ReadHtmlCacheBehavior [ RunTime:0.000222s ]
INFO: [ app_begin ] --END-- [ RunTime:0.000241s ]
SQL: SHOW COLUMNS FROM `js_mobile_phone` [ RunTime:0.0030s ]
SQL: SELECT * FROM `js_mobile_phone` WHERE `id` = 12 LIMIT 1   [ RunTime:0.0002s ]

[ 2019-06-14T14:31:39+08:00 ] ::1 /api_for_study/ShoppingCart/updateShoppingCart
INFO: [ app_init ] --START--
INFO: Run Behavior\BuildLiteBehavior [ RunTime:0.000007s ]
INFO: [ app_init ] --END-- [ RunTime:0.000172s ]
INFO: [ app_begin ] --START--
INFO: Run Behavior\ReadHtmlCacheBehavior [ RunTime:0.000227s ]
INFO: [ app_begin ] --END-- [ RunTime:0.000243s ]
SQL: SHOW COLUMNS FROM `js_mobile_phone` [ RunTime:0.0012s ]
SQL: SELECT * FROM `js_mobile_phone` WHERE `id` = 12 LIMIT 1   [ RunTime:0.0002s ]
NOTIC: [8] Undefined index: error_code /Applications/XAMPP/xamppfiles/htdocs/api_for_study/Home/Controller/ShoppingCartController.class.php 第 24 行.
SQL: SHOW COLUMNS FROM `js_shopping_cart` [ RunTime:0.0013s ]
SQL: SELECT * FROM `js_shopping_cart` WHERE `uid` = 1 AND `goods_id` = 12 LIMIT 1   [ RunTime:0.0002s ]
SQL: INSERT INTO `js_shopping_cart` (`add_time`,`uid`,`goods_id`,`num`,`total_price`) VALUES ('1560493899','1','12','1','6400') [ RunTime:0.0007s ]

[ 2019-06-14T14:35:53+08:00 ] ::1 /api_for_study/ShoppingCart/updateShoppingCart
INFO: [ app_init ] --START--
INFO: Run Behavior\BuildLiteBehavior [ RunTime:0.000006s ]
INFO: [ app_init ] --END-- [ RunTime:0.000158s ]
INFO: [ app_begin ] --START--
INFO: Run Behavior\ReadHtmlCacheBehavior [ RunTime:0.000200s ]
INFO: [ app_begin ] --END-- [ RunTime:0.000218s ]
SQL: SHOW COLUMNS FROM `js_mobile_phone` [ RunTime:0.0015s ]
SQL: SELECT * FROM `js_mobile_phone` WHERE `id` = 12 LIMIT 1   [ RunTime:0.0003s ]
NOTIC: [8] Undefined index: error_code /Applications/XAMPP/xamppfiles/htdocs/api_for_study/Home/Controller/ShoppingCartController.class.php 第 24 行.
SQL: SHOW COLUMNS FROM `js_shopping_cart` [ RunTime:0.0015s ]
SQL: SELECT * FROM `js_shopping_cart` WHERE `uid` = 1 AND `goods_id` = 12 LIMIT 1   [ RunTime:0.0002s ]
SQL: UPDATE `js_shopping_cart` SET `add_time`='1560494153',`num`='2',`total_price`='12800' WHERE `uid` = 1 AND `goods_id` = 12 [ RunTime:0.0008s ]

[ 2019-06-14T14:47:35+08:00 ] ::1 /api_for_study/ShoppingCart/getGoodsDetail
INFO: [ app_init ] --START--
INFO: Run Behavior\BuildLiteBehavior [ RunTime:0.000009s ]
INFO: [ app_init ] --END-- [ RunTime:0.000408s ]
INFO: [ app_begin ] --START--
INFO: Run Behavior\ReadHtmlCacheBehavior [ RunTime:0.000547s ]
INFO: [ app_begin ] --END-- [ RunTime:0.000586s ]
SQL: SHOW COLUMNS FROM `js_mobile_phone` [ RunTime:0.0018s ]
SQL: SELECT * FROM `js_mobile_phone` WHERE `id` = 10 LIMIT 1   [ RunTime:0.0002s ]

[ 2019-06-14T14:47:36+08:00 ] ::1 /api_for_study/ShoppingCart/updateShoppingCart
INFO: [ app_init ] --START--
INFO: Run Behavior\BuildLiteBehavior [ RunTime:0.000006s ]
INFO: [ app_init ] --END-- [ RunTime:0.000237s ]
INFO: [ app_begin ] --START--
INFO: Run Behavior\ReadHtmlCacheBehavior [ RunTime:0.000194s ]
INFO: [ app_begin ] --END-- [ RunTime:0.000209s ]
SQL: SHOW COLUMNS FROM `js_mobile_phone` [ RunTime:0.0012s ]
SQL: SELECT * FROM `js_mobile_phone` WHERE `id` = 10 LIMIT 1   [ RunTime:0.0003s ]
NOTIC: [8] Undefined index: error_code /Applications/XAMPP/xamppfiles/htdocs/api_for_study/Home/Controller/ShoppingCartController.class.php 第 24 行.
SQL: SHOW COLUMNS FROM `js_shopping_cart` [ RunTime:0.0012s ]
SQL: SELECT * FROM `js_shopping_cart` WHERE `uid` = 1 AND `goods_id` = 10 LIMIT 1   [ RunTime:0.0003s ]
SQL: INSERT INTO `js_shopping_cart` (`add_time`,`uid`,`goods_id`,`num`,`total_price`) VALUES ('1560494856','1','10','1','2898') [ RunTime:0.0010s ]

[ 2019-06-14T14:47:38+08:00 ] ::1 /api_for_study/ShoppingCart/updateShoppingCart
INFO: [ app_init ] --START--
INFO: Run Behavior\BuildLiteBehavior [ RunTime:0.000006s ]
INFO: [ app_init ] --END-- [ RunTime:0.000151s ]
INFO: [ app_begin ] --START--
INFO: Run Behavior\ReadHtmlCacheBehavior [ RunTime:0.000191s ]
INFO: [ app_begin ] --END-- [ RunTime:0.000205s ]
SQL: SHOW COLUMNS FROM `js_mobile_phone` [ RunTime:0.0013s ]
SQL: SELECT * FROM `js_mobile_phone` WHERE `id` = 10 LIMIT 1   [ RunTime:0.0002s ]
NOTIC: [8] Undefined index: error_code /Applications/XAMPP/xamppfiles/htdocs/api_for_study/Home/Controller/ShoppingCartController.class.php 第 24 行.
SQL: SHOW COLUMNS FROM `js_shopping_cart` [ RunTime:0.0013s ]
SQL: SELECT * FROM `js_shopping_cart` WHERE `uid` = 1 AND `goods_id` = 10 LIMIT 1   [ RunTime:0.0002s ]
SQL: UPDATE `js_shopping_cart` SET `add_time`='1560494858',`num`='2',`total_price`='5796' WHERE `uid` = 1 AND `goods_id` = 10 [ RunTime:0.0004s ]

[ 2019-06-14T14:47:40+08:00 ] ::1 /api_for_study/ShoppingCart/updateShoppingCart
INFO: [ app_init ] --START--
INFO: Run Behavior\BuildLiteBehavior [ RunTime:0.000006s ]
INFO: [ app_init ] --END-- [ RunTime:0.000169s ]
INFO: [ app_begin ] --START--
INFO: Run Behavior\ReadHtmlCacheBehavior [ RunTime:0.000210s ]
INFO: [ app_begin ] --END-- [ RunTime:0.000226s ]
SQL: SHOW COLUMNS FROM `js_mobile_phone` [ RunTime:0.0012s ]
SQL: SELECT * FROM `js_mobile_phone` WHERE `id` = 10 LIMIT 1   [ RunTime:0.0002s ]
NOTIC: [8] Undefined index: error_code /Applications/XAMPP/xamppfiles/htdocs/api_for_study/Home/Controller/ShoppingCartController.class.php 第 24 行.
SQL: SHOW COLUMNS FROM `js_shopping_cart` [ RunTime:0.0012s ]
SQL: SELECT * FROM `js_shopping_cart` WHERE `uid` = 1 AND `goods_id` = 10 LIMIT 1   [ RunTime:0.0002s ]
SQL: UPDATE `js_shopping_cart` SET `add_time`='1560494860',`num`='3',`total_price`='8694' WHERE `uid` = 1 AND `goods_id` = 10 [ RunTime:0.0008s ]

[ 2019-06-14T14:47:41+08:00 ] ::1 /api_for_study/ShoppingCart/updateShoppingCart
INFO: [ app_init ] --START--
INFO: Run Behavior\BuildLiteBehavior [ RunTime:0.000006s ]
INFO: [ app_init ] --END-- [ RunTime:0.000152s ]
INFO: [ app_begin ] --START--
INFO: Run Behavior\ReadHtmlCacheBehavior [ RunTime:0.000243s ]
INFO: [ app_begin ] --END-- [ RunTime:0.000259s ]
SQL: SHOW COLUMNS FROM `js_mobile_phone` [ RunTime:0.0013s ]
SQL: SELECT * FROM `js_mobile_phone` WHERE `id` = 10 LIMIT 1   [ RunTime:0.0002s ]
NOTIC: [8] Undefined index: error_code /Applications/XAMPP/xamppfiles/htdocs/api_for_study/Home/Controller/ShoppingCartController.class.php 第 24 行.
SQL: SHOW COLUMNS FROM `js_shopping_cart` [ RunTime:0.0014s ]
SQL: SELECT * FROM `js_shopping_cart` WHERE `uid` = 1 AND `goods_id` = 10 LIMIT 1   [ RunTime:0.0002s ]
SQL: UPDATE `js_shopping_cart` SET `add_time`='1560494861',`num`='4',`total_price`='11592' WHERE `uid` = 1 AND `goods_id` = 10 [ RunTime:0.0004s ]

[ 2019-06-14T14:47:41+08:00 ] ::1 /api_for_study/ShoppingCart/updateShoppingCart
INFO: [ app_init ] --START--
INFO: Run Behavior\BuildLiteBehavior [ RunTime:0.000005s ]
INFO: [ app_init ] --END-- [ RunTime:0.000183s ]
INFO: [ app_begin ] --START--
INFO: Run Behavior\ReadHtmlCacheBehavior [ RunTime:0.000192s ]
INFO: [ app_begin ] --END-- [ RunTime:0.000208s ]
SQL: SHOW COLUMNS FROM `js_mobile_phone` [ RunTime:0.0014s ]
SQL: SELECT * FROM `js_mobile_phone` WHERE `id` = 10 LIMIT 1   [ RunTime:0.0003s ]
NOTIC: [8] Undefined index: error_code /Applications/XAMPP/xamppfiles/htdocs/api_for_study/Home/Controller/ShoppingCartController.class.php 第 24 行.
SQL: SHOW COLUMNS FROM `js_shopping_cart` [ RunTime:0.0013s ]
SQL: SELECT * FROM `js_shopping_cart` WHERE `uid` = 1 AND `goods_id` = 10 LIMIT 1   [ RunTime:0.0002s ]
SQL: UPDATE `js_shopping_cart` SET `add_time`='1560494861',`num`='5',`total_price`='14490' WHERE `uid` = 1 AND `goods_id` = 10 [ RunTime:0.0008s ]

[ 2019-06-14T14:47:41+08:00 ] ::1 /api_for_study/ShoppingCart/updateShoppingCart
INFO: [ app_init ] --START--
INFO: Run Behavior\BuildLiteBehavior [ RunTime:0.000008s ]
INFO: [ app_init ] --END-- [ RunTime:0.000268s ]
INFO: [ app_begin ] --START--
INFO: Run Behavior\ReadHtmlCacheBehavior [ RunTime:0.000272s ]
INFO: [ app_begin ] --END-- [ RunTime:0.000302s ]
SQL: SHOW COLUMNS FROM `js_mobile_phone` [ RunTime:0.0013s ]
SQL: SELECT * FROM `js_mobile_phone` WHERE `id` = 10 LIMIT 1   [ RunTime:0.0003s ]
NOTIC: [8] Undefined index: error_code /Applications/XAMPP/xamppfiles/htdocs/api_for_study/Home/Controller/ShoppingCartController.class.php 第 24 行.
SQL: SHOW COLUMNS FROM `js_shopping_cart` [ RunTime:0.0014s ]
SQL: SELECT * FROM `js_shopping_cart` WHERE `uid` = 1 AND `goods_id` = 10 LIMIT 1   [ RunTime:0.0002s ]
SQL: UPDATE `js_shopping_cart` SET `add_time`='1560494861',`num`='6',`total_price`='17388' WHERE `uid` = 1 AND `goods_id` = 10 [ RunTime:0.0007s ]

[ 2019-06-14T14:47:41+08:00 ] ::1 /api_for_study/ShoppingCart/updateShoppingCart
INFO: [ app_init ] --START--
INFO: Run Behavior\BuildLiteBehavior [ RunTime:0.000006s ]
INFO: [ app_init ] --END-- [ RunTime:0.000156s ]
INFO: [ app_begin ] --START--
INFO: Run Behavior\ReadHtmlCacheBehavior [ RunTime:0.000201s ]
INFO: [ app_begin ] --END-- [ RunTime:0.000216s ]
SQL: SHOW COLUMNS FROM `js_mobile_phone` [ RunTime:0.0060s ]
SQL: SELECT * FROM `js_mobile_phone` WHERE `id` = 10 LIMIT 1   [ RunTime:0.0002s ]
NOTIC: [8] Undefined index: error_code /Applications/XAMPP/xamppfiles/htdocs/api_for_study/Home/Controller/ShoppingCartController.class.php 第 24 行.
SQL: SHOW COLUMNS FROM `js_shopping_cart` [ RunTime:0.0010s ]
SQL: SELECT * FROM `js_shopping_cart` WHERE `uid` = 1 AND `goods_id` = 10 LIMIT 1   [ RunTime:0.0001s ]
SQL: UPDATE `js_shopping_cart` SET `add_time`='1560494861',`num`='7',`total_price`='20286' WHERE `uid` = 1 AND `goods_id` = 10 [ RunTime:0.0005s ]

[ 2019-06-14T14:47:41+08:00 ] ::1 /api_for_study/ShoppingCart/updateShoppingCart
INFO: [ app_init ] --START--
INFO: Run Behavior\BuildLiteBehavior [ RunTime:0.000005s ]
INFO: [ app_init ] --END-- [ RunTime:0.000151s ]
INFO: [ app_begin ] --START--
INFO: Run Behavior\ReadHtmlCacheBehavior [ RunTime:0.000191s ]
INFO: [ app_begin ] --END-- [ RunTime:0.000207s ]
SQL: SHOW COLUMNS FROM `js_mobile_phone` [ RunTime:0.0015s ]
SQL: SELECT * FROM `js_mobile_phone` WHERE `id` = 10 LIMIT 1   [ RunTime:0.0002s ]
NOTIC: [8] Undefined index: error_code /Applications/XAMPP/xamppfiles/htdocs/api_for_study/Home/Controller/ShoppingCartController.class.php 第 24 行.
SQL: SHOW COLUMNS FROM `js_shopping_cart` [ RunTime:0.0014s ]
SQL: SELECT * FROM `js_shopping_cart` WHERE `uid` = 1 AND `goods_id` = 10 LIMIT 1   [ RunTime:0.0003s ]
SQL: UPDATE `js_shopping_cart` SET `add_time`='1560494861',`num`='8',`total_price`='23184' WHERE `uid` = 1 AND `goods_id` = 10 [ RunTime:0.0008s ]

[ 2019-06-14T14:47:41+08:00 ] ::1 /api_for_study/ShoppingCart/updateShoppingCart
INFO: [ app_init ] --START--
INFO: Run Behavior\BuildLiteBehavior [ RunTime:0.000006s ]
INFO: [ app_init ] --END-- [ RunTime:0.000165s ]
INFO: [ app_begin ] --START--
INFO: Run Behavior\ReadHtmlCacheBehavior [ RunTime:0.000205s ]
INFO: [ app_begin ] --END-- [ RunTime:0.000221s ]
SQL: SHOW COLUMNS FROM `js_mobile_phone` [ RunTime:0.0015s ]
SQL: SELECT * FROM `js_mobile_phone` WHERE `id` = 10 LIMIT 1   [ RunTime:0.0002s ]
NOTIC: [8] Undefined index: error_code /Applications/XAMPP/xamppfiles/htdocs/api_for_study/Home/Controller/ShoppingCartController.class.php 第 24 行.
SQL: SHOW COLUMNS FROM `js_shopping_cart` [ RunTime:0.0012s ]
SQL: SELECT * FROM `js_shopping_cart` WHERE `uid` = 1 AND `goods_id` = 10 LIMIT 1   [ RunTime:0.0002s ]
SQL: UPDATE `js_shopping_cart` SET `add_time`='1560494861',`num`='9',`total_price`='26082' WHERE `uid` = 1 AND `goods_id` = 10 [ RunTime:0.0009s ]

[ 2019-06-14T14:47:41+08:00 ] ::1 /api_for_study/ShoppingCart/updateShoppingCart
INFO: [ app_init ] --START--
INFO: Run Behavior\BuildLiteBehavior [ RunTime:0.000006s ]
INFO: [ app_init ] --END-- [ RunTime:0.000215s ]
INFO: [ app_begin ] --START--
INFO: Run Behavior\ReadHtmlCacheBehavior [ RunTime:0.000270s ]
INFO: [ app_begin ] --END-- [ RunTime:0.000301s ]
SQL: SHOW COLUMNS FROM `js_mobile_phone` [ RunTime:0.0013s ]
SQL: SELECT * FROM `js_mobile_phone` WHERE `id` = 10 LIMIT 1   [ RunTime:0.0002s ]
NOTIC: [8] Undefined index: error_code /Applications/XAMPP/xamppfiles/htdocs/api_for_study/Home/Controller/ShoppingCartController.class.php 第 24 行.
SQL: SHOW COLUMNS FROM `js_shopping_cart` [ RunTime:0.0011s ]
SQL: SELECT * FROM `js_shopping_cart` WHERE `uid` = 1 AND `goods_id` = 10 LIMIT 1   [ RunTime:0.0002s ]
SQL: UPDATE `js_shopping_cart` SET `add_time`='1560494861',`num`='10',`total_price`='28980' WHERE `uid` = 1 AND `goods_id` = 10 [ RunTime:0.0006s ]

[ 2019-06-14T14:47:42+08:00 ] ::1 /api_for_study/ShoppingCart/updateShoppingCart
INFO: [ app_init ] --START--
INFO: Run Behavior\BuildLiteBehavior [ RunTime:0.000005s ]
INFO: [ app_init ] --END-- [ RunTime:0.000208s ]
INFO: [ app_begin ] --START--
INFO: Run Behavior\ReadHtmlCacheBehavior [ RunTime:0.000191s ]
INFO: [ app_begin ] --END-- [ RunTime:0.000207s ]
SQL: SHOW COLUMNS FROM `js_mobile_phone` [ RunTime:0.0014s ]
SQL: SELECT * FROM `js_mobile_phone` WHERE `id` = 10 LIMIT 1   [ RunTime:0.0003s ]
NOTIC: [8] Undefined index: error_code /Applications/XAMPP/xamppfiles/htdocs/api_for_study/Home/Controller/ShoppingCartController.class.php 第 24 行.
SQL: SHOW COLUMNS FROM `js_shopping_cart` [ RunTime:0.0012s ]
SQL: SELECT * FROM `js_shopping_cart` WHERE `uid` = 1 AND `goods_id` = 10 LIMIT 1   [ RunTime:0.0001s ]
SQL: UPDATE `js_shopping_cart` SET `add_time`='1560494862',`num`='11',`total_price`='31878' WHERE `uid` = 1 AND `goods_id` = 10 [ RunTime:0.0007s ]

[ 2019-06-14T14:47:42+08:00 ] ::1 /api_for_study/ShoppingCart/updateShoppingCart
INFO: [ app_init ] --START--
INFO: Run Behavior\BuildLiteBehavior [ RunTime:0.000006s ]
INFO: [ app_init ] --END-- [ RunTime:0.000151s ]
INFO: [ app_begin ] --START--
INFO: Run Behavior\ReadHtmlCacheBehavior [ RunTime:0.000220s ]
INFO: [ app_begin ] --END-- [ RunTime:0.000236s ]
SQL: SHOW COLUMNS FROM `js_mobile_phone` [ RunTime:0.0013s ]
SQL: SELECT * FROM `js_mobile_phone` WHERE `id` = 10 LIMIT 1   [ RunTime:0.0002s ]
NOTIC: [8] Undefined index: error_code /Applications/XAMPP/xamppfiles/htdocs/api_for_study/Home/Controller/ShoppingCartController.class.php 第 24 行.
SQL: SHOW COLUMNS FROM `js_shopping_cart` [ RunTime:0.0011s ]
SQL: SELECT * FROM `js_shopping_cart` WHERE `uid` = 1 AND `goods_id` = 10 LIMIT 1   [ RunTime:0.0002s ]

[ 2019-06-14T14:47:43+08:00 ] ::1 /api_for_study/ShoppingCart/updateShoppingCart
INFO: [ app_init ] --START--
INFO: Run Behavior\BuildLiteBehavior [ RunTime:0.000006s ]
INFO: [ app_init ] --END-- [ RunTime:0.000150s ]
INFO: [ app_begin ] --START--
INFO: Run Behavior\ReadHtmlCacheBehavior [ RunTime:0.000192s ]
INFO: [ app_begin ] --END-- [ RunTime:0.000208s ]
SQL: SHOW COLUMNS FROM `js_mobile_phone` [ RunTime:0.0012s ]
SQL: SELECT * FROM `js_mobile_phone` WHERE `id` = 10 LIMIT 1   [ RunTime:0.0002s ]
NOTIC: [8] Undefined index: error_code /Applications/XAMPP/xamppfiles/htdocs/api_for_study/Home/Controller/ShoppingCartController.class.php 第 24 行.
SQL: SHOW COLUMNS FROM `js_shopping_cart` [ RunTime:0.0011s ]
SQL: SELECT * FROM `js_shopping_cart` WHERE `uid` = 1 AND `goods_id` = 10 LIMIT 1   [ RunTime:0.0002s ]

[ 2019-06-14T14:48:02+08:00 ] ::1 /api_for_study/ShoppingCart/getGoodsDetail
INFO: [ app_init ] --START--
INFO: Run Behavior\BuildLiteBehavior [ RunTime:0.000006s ]
INFO: [ app_init ] --END-- [ RunTime:0.000167s ]
INFO: [ app_begin ] --START--
INFO: Run Behavior\ReadHtmlCacheBehavior [ RunTime:0.000223s ]
INFO: [ app_begin ] --END-- [ RunTime:0.000241s ]
SQL: SHOW COLUMNS FROM `js_mobile_phone` [ RunTime:0.0012s ]
SQL: SELECT * FROM `js_mobile_phone` WHERE `id` = 10 LIMIT 1   [ RunTime:0.0002s ]

[ 2019-06-14T14:48:03+08:00 ] ::1 /api_for_study/ShoppingCart/updateShoppingCart
INFO: [ app_init ] --START--
INFO: Run Behavior\BuildLiteBehavior [ RunTime:0.000007s ]
INFO: [ app_init ] --END-- [ RunTime:0.000218s ]
INFO: [ app_begin ] --START--
INFO: Run Behavior\ReadHtmlCacheBehavior [ RunTime:0.000218s ]
INFO: [ app_begin ] --END-- [ RunTime:0.000236s ]
SQL: SHOW COLUMNS FROM `js_mobile_phone` [ RunTime:0.0012s ]
SQL: SELECT * FROM `js_mobile_phone` WHERE `id` = 10 LIMIT 1   [ RunTime:0.0002s ]
NOTIC: [8] Undefined index: error_code /Applications/XAMPP/xamppfiles/htdocs/api_for_study/Home/Controller/ShoppingCartController.class.php 第 24 行.
SQL: SHOW COLUMNS FROM `js_shopping_cart` [ RunTime:0.0014s ]
SQL: SELECT * FROM `js_shopping_cart` WHERE `uid` = 1 AND `goods_id` = 10 LIMIT 1   [ RunTime:0.0002s ]

[ 2019-06-14T14:48:06+08:00 ] ::1 /api_for_study/Shopping_cart/getGoodsList
INFO: [ app_init ] --START--
INFO: Run Behavior\BuildLiteBehavior [ RunTime:0.000006s ]
INFO: [ app_init ] --END-- [ RunTime:0.000163s ]
INFO: [ app_begin ] --START--
INFO: Run Behavior\ReadHtmlCacheBehavior [ RunTime:0.000205s ]
INFO: [ app_begin ] --END-- [ RunTime:0.000220s ]
SQL: SHOW COLUMNS FROM `js_mobile_phone` [ RunTime:0.0013s ]
SQL: SELECT * FROM `js_mobile_phone` WHERE `status` = 1 ORDER BY id desc  [ RunTime:0.0002s ]

[ 2019-06-14T14:48:06+08:00 ] ::1 /api_for_study/ShoppingCart/getGoodsDetail
INFO: [ app_init ] --START--
INFO: Run Behavior\BuildLiteBehavior [ RunTime:0.000008s ]
INFO: [ app_init ] --END-- [ RunTime:0.000185s ]
INFO: [ app_begin ] --START--
INFO: Run Behavior\ReadHtmlCacheBehavior [ RunTime:0.000263s ]
INFO: [ app_begin ] --END-- [ RunTime:0.000283s ]
SQL: SHOW COLUMNS FROM `js_mobile_phone` [ RunTime:0.0012s ]
SQL: SELECT * FROM `js_mobile_phone` WHERE `id` = 9 LIMIT 1   [ RunTime:0.0028s ]

[ 2019-06-14T14:48:07+08:00 ] ::1 /api_for_study/ShoppingCart/updateShoppingCart
INFO: [ app_init ] --START--
INFO: Run Behavior\BuildLiteBehavior [ RunTime:0.000019s ]
INFO: [ app_init ] --END-- [ RunTime:0.000186s ]
INFO: [ app_begin ] --START--
INFO: Run Behavior\ReadHtmlCacheBehavior [ RunTime:0.000220s ]
INFO: [ app_begin ] --END-- [ RunTime:0.000236s ]
SQL: SHOW COLUMNS FROM `js_mobile_phone` [ RunTime:0.0013s ]
SQL: SELECT * FROM `js_mobile_phone` WHERE `id` = 9 LIMIT 1   [ RunTime:0.0002s ]
NOTIC: [8] Undefined index: error_code /Applications/XAMPP/xamppfiles/htdocs/api_for_study/Home/Controller/ShoppingCartController.class.php 第 24 行.
SQL: SHOW COLUMNS FROM `js_shopping_cart` [ RunTime:0.0013s ]
SQL: SELECT * FROM `js_shopping_cart` WHERE `uid` = 1 AND `goods_id` = 9 LIMIT 1   [ RunTime:0.0002s ]
SQL: INSERT INTO `js_shopping_cart` (`add_time`,`uid`,`goods_id`,`num`,`total_price`) VALUES ('1560494887','1','9','1','3598') [ RunTime:0.0006s ]

[ 2019-06-14T14:48:09+08:00 ] ::1 /api_for_study/ShoppingCart/updateShoppingCart
INFO: [ app_init ] --START--
INFO: Run Behavior\BuildLiteBehavior [ RunTime:0.000005s ]
INFO: [ app_init ] --END-- [ RunTime:0.000164s ]
INFO: [ app_begin ] --START--
INFO: Run Behavior\ReadHtmlCacheBehavior [ RunTime:0.000193s ]
INFO: [ app_begin ] --END-- [ RunTime:0.000208s ]
SQL: SHOW COLUMNS FROM `js_mobile_phone` [ RunTime:0.0014s ]
SQL: SELECT * FROM `js_mobile_phone` WHERE `id` = 9 LIMIT 1   [ RunTime:0.0002s ]
NOTIC: [8] Undefined index: error_code /Applications/XAMPP/xamppfiles/htdocs/api_for_study/Home/Controller/ShoppingCartController.class.php 第 24 行.
SQL: SHOW COLUMNS FROM `js_shopping_cart` [ RunTime:0.0013s ]
SQL: SELECT * FROM `js_shopping_cart` WHERE `uid` = 1 AND `goods_id` = 9 LIMIT 1   [ RunTime:0.0002s ]
SQL: UPDATE `js_shopping_cart` SET `add_time`='1560494889',`num`='2',`total_price`='7196' WHERE `uid` = 1 AND `goods_id` = 9 [ RunTime:0.0006s ]

[ 2019-06-14T14:48:09+08:00 ] ::1 /api_for_study/ShoppingCart/updateShoppingCart
INFO: [ app_init ] --START--
INFO: Run Behavior\BuildLiteBehavior [ RunTime:0.000006s ]
INFO: [ app_init ] --END-- [ RunTime:0.000232s ]
INFO: [ app_begin ] --START--
INFO: Run Behavior\ReadHtmlCacheBehavior [ RunTime:0.000196s ]
INFO: [ app_begin ] --END-- [ RunTime:0.000212s ]
SQL: SHOW COLUMNS FROM `js_mobile_phone` [ RunTime:0.0014s ]
SQL: SELECT * FROM `js_mobile_phone` WHERE `id` = 9 LIMIT 1   [ RunTime:0.0002s ]
NOTIC: [8] Undefined index: error_code /Applications/XAMPP/xamppfiles/htdocs/api_for_study/Home/Controller/ShoppingCartController.class.php 第 24 行.
SQL: SHOW COLUMNS FROM `js_shopping_cart` [ RunTime:0.0013s ]
SQL: SELECT * FROM `js_shopping_cart` WHERE `uid` = 1 AND `goods_id` = 9 LIMIT 1   [ RunTime:0.0003s ]
SQL: UPDATE `js_shopping_cart` SET `add_time`='1560494889',`num`='3',`total_price`='10794' WHERE `uid` = 1 AND `goods_id` = 9 [ RunTime:0.0006s ]

[ 2019-06-14T14:48:10+08:00 ] ::1 /api_for_study/ShoppingCart/updateShoppingCart
INFO: [ app_init ] --START--
INFO: Run Behavior\BuildLiteBehavior [ RunTime:0.000006s ]
INFO: [ app_init ] --END-- [ RunTime:0.000160s ]
INFO: [ app_begin ] --START--
INFO: Run Behavior\ReadHtmlCacheBehavior [ RunTime:0.000195s ]
INFO: [ app_begin ] --END-- [ RunTime:0.000211s ]
SQL: SHOW COLUMNS FROM `js_mobile_phone` [ RunTime:0.0013s ]
SQL: SELECT * FROM `js_mobile_phone` WHERE `id` = 9 LIMIT 1   [ RunTime:0.0002s ]
NOTIC: [8] Undefined index: error_code /Applications/XAMPP/xamppfiles/htdocs/api_for_study/Home/Controller/ShoppingCartController.class.php 第 24 行.
SQL: SHOW COLUMNS FROM `js_shopping_cart` [ RunTime:0.0011s ]
SQL: SELECT * FROM `js_shopping_cart` WHERE `uid` = 1 AND `goods_id` = 9 LIMIT 1   [ RunTime:0.0002s ]
SQL: UPDATE `js_shopping_cart` SET `add_time`='1560494890',`num`='4',`total_price`='14392' WHERE `uid` = 1 AND `goods_id` = 9 [ RunTime:0.0006s ]

[ 2019-06-14T14:48:10+08:00 ] ::1 /api_for_study/ShoppingCart/updateShoppingCart
INFO: [ app_init ] --START--
INFO: Run Behavior\BuildLiteBehavior [ RunTime:0.000007s ]
INFO: [ app_init ] --END-- [ RunTime:0.000231s ]
INFO: [ app_begin ] --START--
INFO: Run Behavior\ReadHtmlCacheBehavior [ RunTime:0.000277s ]
INFO: [ app_begin ] --END-- [ RunTime:0.000295s ]
SQL: SHOW COLUMNS FROM `js_mobile_phone` [ RunTime:0.0013s ]
SQL: SELECT * FROM `js_mobile_phone` WHERE `id` = 9 LIMIT 1   [ RunTime:0.0002s ]
NOTIC: [8] Undefined index: error_code /Applications/XAMPP/xamppfiles/htdocs/api_for_study/Home/Controller/ShoppingCartController.class.php 第 24 行.
SQL: SHOW COLUMNS FROM `js_shopping_cart` [ RunTime:0.0013s ]
SQL: SELECT * FROM `js_shopping_cart` WHERE `uid` = 1 AND `goods_id` = 9 LIMIT 1   [ RunTime:0.0002s ]
SQL: UPDATE `js_shopping_cart` SET `add_time`='1560494890',`num`='5',`total_price`='17990' WHERE `uid` = 1 AND `goods_id` = 9 [ RunTime:0.0008s ]

[ 2019-06-14T14:48:10+08:00 ] ::1 /api_for_study/ShoppingCart/updateShoppingCart
INFO: [ app_init ] --START--
INFO: Run Behavior\BuildLiteBehavior [ RunTime:0.000006s ]
INFO: [ app_init ] --END-- [ RunTime:0.000167s ]
INFO: [ app_begin ] --START--
INFO: Run Behavior\ReadHtmlCacheBehavior [ RunTime:0.000194s ]
INFO: [ app_begin ] --END-- [ RunTime:0.000209s ]
SQL: SHOW COLUMNS FROM `js_mobile_phone` [ RunTime:0.0013s ]
SQL: SELECT * FROM `js_mobile_phone` WHERE `id` = 9 LIMIT 1   [ RunTime:0.0003s ]
NOTIC: [8] Undefined index: error_code /Applications/XAMPP/xamppfiles/htdocs/api_for_study/Home/Controller/ShoppingCartController.class.php 第 24 行.
SQL: SHOW COLUMNS FROM `js_shopping_cart` [ RunTime:0.0012s ]
SQL: SELECT * FROM `js_shopping_cart` WHERE `uid` = 1 AND `goods_id` = 9 LIMIT 1   [ RunTime:0.0002s ]

[ 2019-06-14T14:48:10+08:00 ] ::1 /api_for_study/ShoppingCart/updateShoppingCart
INFO: [ app_init ] --START--
INFO: Run Behavior\BuildLiteBehavior [ RunTime:0.000005s ]
INFO: [ app_init ] --END-- [ RunTime:0.000151s ]
INFO: [ app_begin ] --START--
INFO: Run Behavior\ReadHtmlCacheBehavior [ RunTime:0.000191s ]
INFO: [ app_begin ] --END-- [ RunTime:0.000205s ]
SQL: SHOW COLUMNS FROM `js_mobile_phone` [ RunTime:0.0015s ]
SQL: SELECT * FROM `js_mobile_phone` WHERE `id` = 9 LIMIT 1   [ RunTime:0.0002s ]
NOTIC: [8] Undefined index: error_code /Applications/XAMPP/xamppfiles/htdocs/api_for_study/Home/Controller/ShoppingCartController.class.php 第 24 行.
SQL: SHOW COLUMNS FROM `js_shopping_cart` [ RunTime:0.0012s ]
SQL: SELECT * FROM `js_shopping_cart` WHERE `uid` = 1 AND `goods_id` = 9 LIMIT 1   [ RunTime:0.0003s ]

[ 2019-06-14T14:48:10+08:00 ] ::1 /api_for_study/ShoppingCart/updateShoppingCart
INFO: [ app_init ] --START--
INFO: Run Behavior\BuildLiteBehavior [ RunTime:0.000007s ]
INFO: [ app_init ] --END-- [ RunTime:0.000185s ]
INFO: [ app_begin ] --START--
INFO: Run Behavior\ReadHtmlCacheBehavior [ RunTime:0.000197s ]
INFO: [ app_begin ] --END-- [ RunTime:0.000212s ]
SQL: SHOW COLUMNS FROM `js_mobile_phone` [ RunTime:0.0013s ]
SQL: SELECT * FROM `js_mobile_phone` WHERE `id` = 9 LIMIT 1   [ RunTime:0.0002s ]
NOTIC: [8] Undefined index: error_code /Applications/XAMPP/xamppfiles/htdocs/api_for_study/Home/Controller/ShoppingCartController.class.php 第 24 行.
SQL: SHOW COLUMNS FROM `js_shopping_cart` [ RunTime:0.0013s ]
SQL: SELECT * FROM `js_shopping_cart` WHERE `uid` = 1 AND `goods_id` = 9 LIMIT 1   [ RunTime:0.0003s ]

[ 2019-06-14T14:48:10+08:00 ] ::1 /api_for_study/ShoppingCart/updateShoppingCart
INFO: [ app_init ] --START--
INFO: Run Behavior\BuildLiteBehavior [ RunTime:0.000006s ]
INFO: [ app_init ] --END-- [ RunTime:0.000164s ]
INFO: [ app_begin ] --START--
INFO: Run Behavior\ReadHtmlCacheBehavior [ RunTime:0.000210s ]
INFO: [ app_begin ] --END-- [ RunTime:0.000227s ]
SQL: SHOW COLUMNS FROM `js_mobile_phone` [ RunTime:0.0012s ]
SQL: SELECT * FROM `js_mobile_phone` WHERE `id` = 9 LIMIT 1   [ RunTime:0.0002s ]
NOTIC: [8] Undefined index: error_code /Applications/XAMPP/xamppfiles/htdocs/api_for_study/Home/Controller/ShoppingCartController.class.php 第 24 行.
SQL: SHOW COLUMNS FROM `js_shopping_cart` [ RunTime:0.0012s ]
SQL: SELECT * FROM `js_shopping_cart` WHERE `uid` = 1 AND `goods_id` = 9 LIMIT 1   [ RunTime:0.0002s ]

[ 2019-06-14T14:48:11+08:00 ] ::1 /api_for_study/ShoppingCart/updateShoppingCart
INFO: [ app_init ] --START--
INFO: Run Behavior\BuildLiteBehavior [ RunTime:0.000006s ]
INFO: [ app_init ] --END-- [ RunTime:0.000151s ]
INFO: [ app_begin ] --START--
INFO: Run Behavior\ReadHtmlCacheBehavior [ RunTime:0.000234s ]
INFO: [ app_begin ] --END-- [ RunTime:0.000249s ]
SQL: SHOW COLUMNS FROM `js_mobile_phone` [ RunTime:0.0013s ]
SQL: SELECT * FROM `js_mobile_phone` WHERE `id` = 9 LIMIT 1   [ RunTime:0.0002s ]
NOTIC: [8] Undefined index: error_code /Applications/XAMPP/xamppfiles/htdocs/api_for_study/Home/Controller/ShoppingCartController.class.php 第 24 行.
SQL: SHOW COLUMNS FROM `js_shopping_cart` [ RunTime:0.0014s ]
SQL: SELECT * FROM `js_shopping_cart` WHERE `uid` = 1 AND `goods_id` = 9 LIMIT 1   [ RunTime:0.0002s ]

[ 2019-06-14T14:48:11+08:00 ] ::1 /api_for_study/ShoppingCart/updateShoppingCart
INFO: [ app_init ] --START--
INFO: Run Behavior\BuildLiteBehavior [ RunTime:0.000006s ]
INFO: [ app_init ] --END-- [ RunTime:0.000154s ]
INFO: [ app_begin ] --START--
INFO: Run Behavior\ReadHtmlCacheBehavior [ RunTime:0.000205s ]
INFO: [ app_begin ] --END-- [ RunTime:0.000221s ]
SQL: SHOW COLUMNS FROM `js_mobile_phone` [ RunTime:0.0012s ]
SQL: SELECT * FROM `js_mobile_phone` WHERE `id` = 9 LIMIT 1   [ RunTime:0.0002s ]
NOTIC: [8] Undefined index: error_code /Applications/XAMPP/xamppfiles/htdocs/api_for_study/Home/Controller/ShoppingCartController.class.php 第 24 行.
SQL: SHOW COLUMNS FROM `js_shopping_cart` [ RunTime:0.0012s ]
SQL: SELECT * FROM `js_shopping_cart` WHERE `uid` = 1 AND `goods_id` = 9 LIMIT 1   [ RunTime:0.0002s ]

