[ 2019-05-14T11:29:15+08:00 ] ::1 /api_for_study/ShoppingCart/getGoodsList
INFO: [ app_init ] --START--
INFO: Run Behavior\BuildLiteBehavior [ RunTime:0.000016s ]
INFO: [ app_init ] --END-- [ RunTime:0.000933s ]
INFO: [ app_begin ] --START--
INFO: Run Behavior\ReadHtmlCacheBehavior [ RunTime:0.000724s ]
INFO: [ app_begin ] --END-- [ RunTime:0.000749s ]
SQL: SHOW COLUMNS FROM `js_mobile_phone` [ RunTime:0.0212s ]
SQL: SELECT * FROM `js_mobile_phone` WHERE `status` = 1 ORDER BY id desc  [ RunTime:0.0010s ]

[ 2019-05-14T11:30:04+08:00 ] ::1 /api_for_study/ShoppingCart/getGoodsDetail
INFO: [ app_init ] --START--
INFO: Run Behavior\BuildLiteBehavior [ RunTime:0.000012s ]
INFO: [ app_init ] --END-- [ RunTime:0.000247s ]
INFO: [ app_begin ] --START--
INFO: Run Behavior\ReadHtmlCacheBehavior [ RunTime:0.000268s ]
INFO: [ app_begin ] --END-- [ RunTime:0.000290s ]
SQL: SHOW COLUMNS FROM `js_mobile_phone` [ RunTime:0.0013s ]
SQL: SELECT * FROM `js_mobile_phone` WHERE `id` = 11 LIMIT 1   [ RunTime:0.0002s ]

[ 2019-05-14T11:30:21+08:00 ] ::1 /api_for_study/ShoppingCart/getGoodsDetail
INFO: [ app_init ] --START--
INFO: Run Behavior\BuildLiteBehavior [ RunTime:0.000015s ]
INFO: [ app_init ] --END-- [ RunTime:0.000269s ]
INFO: [ app_begin ] --START--
INFO: Run Behavior\ReadHtmlCacheBehavior [ RunTime:0.000263s ]
INFO: [ app_begin ] --END-- [ RunTime:0.000282s ]
SQL: SHOW COLUMNS FROM `js_mobile_phone` [ RunTime:0.0013s ]
SQL: SELECT * FROM `js_mobile_phone` WHERE `id` = 11 LIMIT 1   [ RunTime:0.0002s ]

[ 2019-05-14T11:31:04+08:00 ] ::1 /api_for_study/ShoppingCart/getGoodsList
INFO: [ app_init ] --START--
INFO: Run Behavior\BuildLiteBehavior [ RunTime:0.000010s ]
INFO: [ app_init ] --END-- [ RunTime:0.000211s ]
INFO: [ app_begin ] --START--
INFO: Run Behavior\ReadHtmlCacheBehavior [ RunTime:0.000612s ]
INFO: [ app_begin ] --END-- [ RunTime:0.000856s ]
SQL: SHOW COLUMNS FROM `js_mobile_phone` [ RunTime:0.0013s ]
SQL: SELECT * FROM `js_mobile_phone` WHERE `status` = 1 ORDER BY id desc  [ RunTime:0.0002s ]

[ 2019-05-14T11:31:06+08:00 ] ::1 /api_for_study/ShoppingCart/getGoodsDetail
INFO: [ app_init ] --START--
INFO: Run Behavior\BuildLiteBehavior [ RunTime:0.000006s ]
INFO: [ app_init ] --END-- [ RunTime:0.000179s ]
INFO: [ app_begin ] --START--
INFO: Run Behavior\ReadHtmlCacheBehavior [ RunTime:0.000220s ]
INFO: [ app_begin ] --END-- [ RunTime:0.000236s ]
SQL: SHOW COLUMNS FROM `js_mobile_phone` [ RunTime:0.0013s ]
SQL: SELECT * FROM `js_mobile_phone` WHERE `id` = 6 LIMIT 1   [ RunTime:0.0002s ]

[ 2019-05-14T11:31:07+08:00 ] ::1 /api_for_study/ShoppingCart/getCartList
INFO: [ app_init ] --START--
INFO: Run Behavior\BuildLiteBehavior [ RunTime:0.000009s ]
INFO: [ app_init ] --END-- [ RunTime:0.000179s ]
INFO: [ app_begin ] --START--
INFO: Run Behavior\ReadHtmlCacheBehavior [ RunTime:0.000248s ]
INFO: [ app_begin ] --END-- [ RunTime:0.000437s ]
SQL: SHOW COLUMNS FROM `js_shopping_cart` [ RunTime:0.0202s ]
SQL: SELECT * FROM `js_shopping_cart` WHERE `uid` = 1 LIMIT 1   [ RunTime:0.0002s ]
SQL: SELECT * FROM `js_shopping_cart` WHERE `uid` = 1 ORDER BY id desc  [ RunTime:0.0001s ]
SQL: SHOW COLUMNS FROM `js_mobile_phone` [ RunTime:0.0014s ]
SQL: SELECT * FROM `js_mobile_phone` WHERE ( 1=1 AND id='6' ) LIMIT 1   [ RunTime:0.0003s ]
SQL: SELECT * FROM `js_mobile_phone` WHERE ( 1=1 AND id='1' ) LIMIT 1   [ RunTime:0.0002s ]
SQL: SELECT * FROM `js_mobile_phone` WHERE ( 1=1 AND id='4' ) LIMIT 1   [ RunTime:0.0002s ]
SQL: SELECT * FROM `js_mobile_phone` WHERE ( 1=1 AND id='3' ) LIMIT 1   [ RunTime:0.0002s ]

